<?xml version="1.0" encoding="UTF-8"?>
<testsuite name="com.trailblazers.freewheelers.AccountTest" tests="2" skipped="0" failures="0" errors="0" timestamp="2016-08-26T09:42:44" hostname="CNcwzeng.local" time="7.93">
  <properties/>
  <testcase name="testCreateAccount" classname="com.trailblazers.freewheelers.AccountTest" time="5.174"/>
  <testcase name="testAccessRights" classname="com.trailblazers.freewheelers.AccountTest" time="2.755"/>
  <system-out><![CDATA[DEBUG: org.apache.http.client.protocol.RequestAddCookies - CookieSpec selected: default
DEBUG: org.apache.http.client.protocol.RequestAuthCache - Auth cache not set in the context
DEBUG: org.apache.http.impl.conn.PoolingHttpClientConnectionManager - Connection request: [route: {}->http://127.0.0.1:7055][total kept alive: 0; route allocated: 0 of 2000; total allocated: 0 of 2000]
DEBUG: org.apache.http.impl.conn.PoolingHttpClientConnectionManager - Connection leased: [id: 0][route: {}->http://127.0.0.1:7055][total kept alive: 0; route allocated: 1 of 2000; total allocated: 1 of 2000]
DEBUG: org.apache.http.impl.execchain.MainClientExec - Opening connection {}->http://127.0.0.1:7055
DEBUG: org.apache.http.impl.conn.DefaultHttpClientConnectionOperator - Connecting to /127.0.0.1:7055
DEBUG: org.apache.http.impl.conn.DefaultHttpClientConnectionOperator - Connection established 127.0.0.1:60633<->127.0.0.1:7055
DEBUG: org.apache.http.impl.conn.DefaultManagedHttpClientConnection - http-outgoing-0: set socket timeout to 10800000
DEBUG: org.apache.http.impl.execchain.MainClientExec - Executing request POST /hub/session HTTP/1.1
DEBUG: org.apache.http.impl.execchain.MainClientExec - Target auth state: UNCHALLENGED
DEBUG: org.apache.http.impl.execchain.MainClientExec - Proxy auth state: UNCHALLENGED
DEBUG: org.apache.http.headers - http-outgoing-0 >> POST /hub/session HTTP/1.1
DEBUG: org.apache.http.headers - http-outgoing-0 >> Content-Type: application/json; charset=utf-8
DEBUG: org.apache.http.headers - http-outgoing-0 >> Content-Length: 105
DEBUG: org.apache.http.headers - http-outgoing-0 >> Host: 127.0.0.1:7055
DEBUG: org.apache.http.headers - http-outgoing-0 >> Connection: Keep-Alive
DEBUG: org.apache.http.headers - http-outgoing-0 >> User-Agent: Apache-HttpClient/4.5.2 (Java/1.7.0_79)
DEBUG: org.apache.http.headers - http-outgoing-0 >> Accept-Encoding: gzip,deflate
DEBUG: org.apache.http.wire - http-outgoing-0 >> "POST /hub/session HTTP/1.1[\r][\n]"
DEBUG: org.apache.http.wire - http-outgoing-0 >> "Content-Type: application/json; charset=utf-8[\r][\n]"
DEBUG: org.apache.http.wire - http-outgoing-0 >> "Content-Length: 105[\r][\n]"
DEBUG: org.apache.http.wire - http-outgoing-0 >> "Host: 127.0.0.1:7055[\r][\n]"
DEBUG: org.apache.http.wire - http-outgoing-0 >> "Connection: Keep-Alive[\r][\n]"
DEBUG: org.apache.http.wire - http-outgoing-0 >> "User-Agent: Apache-HttpClient/4.5.2 (Java/1.7.0_79)[\r][\n]"
DEBUG: org.apache.http.wire - http-outgoing-0 >> "Accept-Encoding: gzip,deflate[\r][\n]"
DEBUG: org.apache.http.wire - http-outgoing-0 >> "[\r][\n]"
DEBUG: org.apache.http.wire - http-outgoing-0 >> "{"desiredCapabilities":{"platform":"ANY","browserName":"firefox","version":""},"requiredCapabilities":{}}"
DEBUG: org.apache.http.wire - http-outgoing-0 << "HTTP/1.1 200 OK[\r][\n]"
DEBUG: org.apache.http.wire - http-outgoing-0 << "content-type: application/json; charset=UTF-8[\r][\n]"
DEBUG: org.apache.http.wire - http-outgoing-0 << "connection: close[\r][\n]"
DEBUG: org.apache.http.wire - http-outgoing-0 << "content-length: 422[\r][\n]"
DEBUG: org.apache.http.wire - http-outgoing-0 << "server: httpd.js[\r][\n]"
DEBUG: org.apache.http.wire - http-outgoing-0 << "date: Fri, 26 Aug 2016 09:42:44 GMT[\r][\n]"
DEBUG: org.apache.http.wire - http-outgoing-0 << "[\r][\n]"
DEBUG: org.apache.http.headers - http-outgoing-0 << HTTP/1.1 200 OK
DEBUG: org.apache.http.headers - http-outgoing-0 << content-type: application/json; charset=UTF-8
DEBUG: org.apache.http.headers - http-outgoing-0 << connection: close
DEBUG: org.apache.http.headers - http-outgoing-0 << content-length: 422
DEBUG: org.apache.http.headers - http-outgoing-0 << server: httpd.js
DEBUG: org.apache.http.headers - http-outgoing-0 << date: Fri, 26 Aug 2016 09:42:44 GMT
DEBUG: org.apache.http.wire - http-outgoing-0 << "{"name":"newSession","sessionId":"ef37bd3e-2017-2940-a760-71d500ce28c2","status":0,"value":{"cssSelectorsEnabled":true,"browserName":"firefox","handlesAlerts":true,"javascriptEnabled":true,"nativeEvents":false,"platform":"Darwin","rotatable":false,"takesScreenshot":true,"version":"47.0.1","webStorageEnabled":true,"applicationCacheEnabled":true,"databaseEnabled":true,"locationContextEnabled":true,"acceptSslCerts":true}}"
DEBUG: org.apache.http.impl.conn.DefaultManagedHttpClientConnection - http-outgoing-0: Close connection
DEBUG: org.apache.http.impl.execchain.MainClientExec - Connection discarded
DEBUG: org.apache.http.impl.conn.PoolingHttpClientConnectionManager - Connection released: [id: 0][route: {}->http://127.0.0.1:7055][total kept alive: 0; route allocated: 0 of 2000; total allocated: 0 of 2000]
DEBUG: org.apache.http.client.protocol.RequestAddCookies - CookieSpec selected: default
DEBUG: org.apache.http.client.protocol.RequestAuthCache - Auth cache not set in the context
DEBUG: org.apache.http.impl.conn.PoolingHttpClientConnectionManager - Connection request: [route: {}->http://127.0.0.1:7055][total kept alive: 0; route allocated: 0 of 2000; total allocated: 0 of 2000]
DEBUG: org.apache.http.impl.conn.PoolingHttpClientConnectionManager - Connection leased: [id: 1][route: {}->http://127.0.0.1:7055][total kept alive: 0; route allocated: 1 of 2000; total allocated: 1 of 2000]
DEBUG: org.apache.http.impl.execchain.MainClientExec - Opening connection {}->http://127.0.0.1:7055
DEBUG: org.apache.http.impl.conn.DefaultHttpClientConnectionOperator - Connecting to /127.0.0.1:7055
DEBUG: org.apache.http.impl.conn.DefaultHttpClientConnectionOperator - Connection established 127.0.0.1:60635<->127.0.0.1:7055
DEBUG: org.apache.http.impl.conn.DefaultManagedHttpClientConnection - http-outgoing-1: set socket timeout to 10800000
DEBUG: org.apache.http.impl.execchain.MainClientExec - Executing request GET /hub/session/ef37bd3e-2017-2940-a760-71d500ce28c2/window_handle HTTP/1.1
DEBUG: org.apache.http.impl.execchain.MainClientExec - Target auth state: UNCHALLENGED
DEBUG: org.apache.http.impl.execchain.MainClientExec - Proxy auth state: UNCHALLENGED
DEBUG: org.apache.http.headers - http-outgoing-1 >> GET /hub/session/ef37bd3e-2017-2940-a760-71d500ce28c2/window_handle HTTP/1.1
DEBUG: org.apache.http.headers - http-outgoing-1 >> Cache-Control: no-cache
DEBUG: org.apache.http.headers - http-outgoing-1 >> Host: 127.0.0.1:7055
DEBUG: org.apache.http.headers - http-outgoing-1 >> Connection: Keep-Alive
DEBUG: org.apache.http.headers - http-outgoing-1 >> User-Agent: Apache-HttpClient/4.5.2 (Java/1.7.0_79)
DEBUG: org.apache.http.headers - http-outgoing-1 >> Accept-Encoding: gzip,deflate
DEBUG: org.apache.http.wire - http-outgoing-1 >> "GET /hub/session/ef37bd3e-2017-2940-a760-71d500ce28c2/window_handle HTTP/1.1[\r][\n]"
DEBUG: org.apache.http.wire - http-outgoing-1 >> "Cache-Control: no-cache[\r][\n]"
DEBUG: org.apache.http.wire - http-outgoing-1 >> "Host: 127.0.0.1:7055[\r][\n]"
DEBUG: org.apache.http.wire - http-outgoing-1 >> "Connection: Keep-Alive[\r][\n]"
DEBUG: org.apache.http.wire - http-outgoing-1 >> "User-Agent: Apache-HttpClient/4.5.2 (Java/1.7.0_79)[\r][\n]"
DEBUG: org.apache.http.wire - http-outgoing-1 >> "Accept-Encoding: gzip,deflate[\r][\n]"
DEBUG: org.apache.http.wire - http-outgoing-1 >> "[\r][\n]"
DEBUG: org.apache.http.wire - http-outgoing-1 << "HTTP/1.1 200 OK[\r][\n]"
DEBUG: org.apache.http.wire - http-outgoing-1 << "content-type: application/json; charset=UTF-8[\r][\n]"
DEBUG: org.apache.http.wire - http-outgoing-1 << "connection: close[\r][\n]"
DEBUG: org.apache.http.wire - http-outgoing-1 << "content-length: 144[\r][\n]"
DEBUG: org.apache.http.wire - http-outgoing-1 << "server: httpd.js[\r][\n]"
DEBUG: org.apache.http.wire - http-outgoing-1 << "date: Fri, 26 Aug 2016 09:42:44 GMT[\r][\n]"
DEBUG: org.apache.http.wire - http-outgoing-1 << "[\r][\n]"
DEBUG: org.apache.http.headers - http-outgoing-1 << HTTP/1.1 200 OK
DEBUG: org.apache.http.headers - http-outgoing-1 << content-type: application/json; charset=UTF-8
DEBUG: org.apache.http.headers - http-outgoing-1 << connection: close
DEBUG: org.apache.http.headers - http-outgoing-1 << content-length: 144
DEBUG: org.apache.http.headers - http-outgoing-1 << server: httpd.js
DEBUG: org.apache.http.headers - http-outgoing-1 << date: Fri, 26 Aug 2016 09:42:44 GMT
DEBUG: org.apache.http.wire - http-outgoing-1 << "{"name":"getCurrentWindowHandle","sessionId":"ef37bd3e-2017-2940-a760-71d500ce28c2","status":0,"value":"{0e4cb61b-790b-254a-829f-b4c89c134a35}"}"
DEBUG: org.apache.http.impl.conn.DefaultManagedHttpClientConnection - http-outgoing-1: Close connection
DEBUG: org.apache.http.impl.execchain.MainClientExec - Connection discarded
DEBUG: org.apache.http.impl.conn.PoolingHttpClientConnectionManager - Connection released: [id: 1][route: {}->http://127.0.0.1:7055][total kept alive: 0; route allocated: 0 of 2000; total allocated: 0 of 2000]
DEBUG: org.apache.http.client.protocol.RequestAddCookies - CookieSpec selected: default
DEBUG: org.apache.http.client.protocol.RequestAuthCache - Auth cache not set in the context
DEBUG: org.apache.http.impl.conn.PoolingHttpClientConnectionManager - Connection request: [route: {}->http://127.0.0.1:7055][total kept alive: 0; route allocated: 0 of 2000; total allocated: 0 of 2000]
DEBUG: org.apache.http.impl.conn.PoolingHttpClientConnectionManager - Connection leased: [id: 2][route: {}->http://127.0.0.1:7055][total kept alive: 0; route allocated: 1 of 2000; total allocated: 1 of 2000]
DEBUG: org.apache.http.impl.execchain.MainClientExec - Opening connection {}->http://127.0.0.1:7055
DEBUG: org.apache.http.impl.conn.DefaultHttpClientConnectionOperator - Connecting to /127.0.0.1:7055
DEBUG: org.apache.http.impl.conn.DefaultHttpClientConnectionOperator - Connection established 127.0.0.1:60636<->127.0.0.1:7055
DEBUG: org.apache.http.impl.conn.DefaultManagedHttpClientConnection - http-outgoing-2: set socket timeout to 10800000
DEBUG: org.apache.http.impl.execchain.MainClientExec - Executing request GET /hub/session/ef37bd3e-2017-2940-a760-71d500ce28c2/window_handle HTTP/1.1
DEBUG: org.apache.http.impl.execchain.MainClientExec - Target auth state: UNCHALLENGED
DEBUG: org.apache.http.impl.execchain.MainClientExec - Proxy auth state: UNCHALLENGED
DEBUG: org.apache.http.headers - http-outgoing-2 >> GET /hub/session/ef37bd3e-2017-2940-a760-71d500ce28c2/window_handle HTTP/1.1
DEBUG: org.apache.http.headers - http-outgoing-2 >> Cache-Control: no-cache
DEBUG: org.apache.http.headers - http-outgoing-2 >> Host: 127.0.0.1:7055
DEBUG: org.apache.http.headers - http-outgoing-2 >> Connection: Keep-Alive
DEBUG: org.apache.http.headers - http-outgoing-2 >> User-Agent: Apache-HttpClient/4.5.2 (Java/1.7.0_79)
DEBUG: org.apache.http.headers - http-outgoing-2 >> Accept-Encoding: gzip,deflate
DEBUG: org.apache.http.wire - http-outgoing-2 >> "GET /hub/session/ef37bd3e-2017-2940-a760-71d500ce28c2/window_handle HTTP/1.1[\r][\n]"
DEBUG: org.apache.http.wire - http-outgoing-2 >> "Cache-Control: no-cache[\r][\n]"
DEBUG: org.apache.http.wire - http-outgoing-2 >> "Host: 127.0.0.1:7055[\r][\n]"
DEBUG: org.apache.http.wire - http-outgoing-2 >> "Connection: Keep-Alive[\r][\n]"
DEBUG: org.apache.http.wire - http-outgoing-2 >> "User-Agent: Apache-HttpClient/4.5.2 (Java/1.7.0_79)[\r][\n]"
DEBUG: org.apache.http.wire - http-outgoing-2 >> "Accept-Encoding: gzip,deflate[\r][\n]"
DEBUG: org.apache.http.wire - http-outgoing-2 >> "[\r][\n]"
DEBUG: org.apache.http.wire - http-outgoing-2 << "HTTP/1.1 200 OK[\r][\n]"
DEBUG: org.apache.http.wire - http-outgoing-2 << "content-type: application/json; charset=UTF-8[\r][\n]"
DEBUG: org.apache.http.wire - http-outgoing-2 << "connection: close[\r][\n]"
DEBUG: org.apache.http.wire - http-outgoing-2 << "content-length: 144[\r][\n]"
DEBUG: org.apache.http.wire - http-outgoing-2 << "server: httpd.js[\r][\n]"
DEBUG: org.apache.http.wire - http-outgoing-2 << "date: Fri, 26 Aug 2016 09:42:44 GMT[\r][\n]"
DEBUG: org.apache.http.wire - http-outgoing-2 << "[\r][\n]"
DEBUG: org.apache.http.headers - http-outgoing-2 << HTTP/1.1 200 OK
DEBUG: org.apache.http.headers - http-outgoing-2 << content-type: application/json; charset=UTF-8
DEBUG: org.apache.http.headers - http-outgoing-2 << connection: close
DEBUG: org.apache.http.headers - http-outgoing-2 << content-length: 144
DEBUG: org.apache.http.headers - http-outgoing-2 << server: httpd.js
DEBUG: org.apache.http.headers - http-outgoing-2 << date: Fri, 26 Aug 2016 09:42:44 GMT
DEBUG: org.apache.http.wire - http-outgoing-2 << "{"name":"getCurrentWindowHandle","sessionId":"ef37bd3e-2017-2940-a760-71d500ce28c2","status":0,"value":"{0e4cb61b-790b-254a-829f-b4c89c134a35}"}"
DEBUG: org.apache.http.impl.conn.DefaultManagedHttpClientConnection - http-outgoing-2: Close connection
DEBUG: org.apache.http.impl.execchain.MainClientExec - Connection discarded
DEBUG: org.apache.http.impl.conn.PoolingHttpClientConnectionManager - Connection released: [id: 2][route: {}->http://127.0.0.1:7055][total kept alive: 0; route allocated: 0 of 2000; total allocated: 0 of 2000]
DEBUG: org.apache.http.client.protocol.RequestAddCookies - CookieSpec selected: default
DEBUG: org.apache.http.client.protocol.RequestAuthCache - Auth cache not set in the context
DEBUG: org.apache.http.impl.conn.PoolingHttpClientConnectionManager - Connection request: [route: {}->http://127.0.0.1:7055][total kept alive: 0; route allocated: 0 of 2000; total allocated: 0 of 2000]
DEBUG: org.apache.http.impl.conn.PoolingHttpClientConnectionManager - Connection leased: [id: 3][route: {}->http://127.0.0.1:7055][total kept alive: 0; route allocated: 1 of 2000; total allocated: 1 of 2000]
DEBUG: org.apache.http.impl.execchain.MainClientExec - Opening connection {}->http://127.0.0.1:7055
DEBUG: org.apache.http.impl.conn.DefaultHttpClientConnectionOperator - Connecting to /127.0.0.1:7055
DEBUG: org.apache.http.impl.conn.DefaultHttpClientConnectionOperator - Connection established 127.0.0.1:60637<->127.0.0.1:7055
DEBUG: org.apache.http.impl.conn.DefaultManagedHttpClientConnection - http-outgoing-3: set socket timeout to 10800000
DEBUG: org.apache.http.impl.execchain.MainClientExec - Executing request GET /hub/session/ef37bd3e-2017-2940-a760-71d500ce28c2/window_handle HTTP/1.1
DEBUG: org.apache.http.impl.execchain.MainClientExec - Target auth state: UNCHALLENGED
DEBUG: org.apache.http.impl.execchain.MainClientExec - Proxy auth state: UNCHALLENGED
DEBUG: org.apache.http.headers - http-outgoing-3 >> GET /hub/session/ef37bd3e-2017-2940-a760-71d500ce28c2/window_handle HTTP/1.1
DEBUG: org.apache.http.headers - http-outgoing-3 >> Cache-Control: no-cache
DEBUG: org.apache.http.headers - http-outgoing-3 >> Host: 127.0.0.1:7055
DEBUG: org.apache.http.headers - http-outgoing-3 >> Connection: Keep-Alive
DEBUG: org.apache.http.headers - http-outgoing-3 >> User-Agent: Apache-HttpClient/4.5.2 (Java/1.7.0_79)
DEBUG: org.apache.http.headers - http-outgoing-3 >> Accept-Encoding: gzip,deflate
DEBUG: org.apache.http.wire - http-outgoing-3 >> "GET /hub/session/ef37bd3e-2017-2940-a760-71d500ce28c2/window_handle HTTP/1.1[\r][\n]"
DEBUG: org.apache.http.wire - http-outgoing-3 >> "Cache-Control: no-cache[\r][\n]"
DEBUG: org.apache.http.wire - http-outgoing-3 >> "Host: 127.0.0.1:7055[\r][\n]"
DEBUG: org.apache.http.wire - http-outgoing-3 >> "Connection: Keep-Alive[\r][\n]"
DEBUG: org.apache.http.wire - http-outgoing-3 >> "User-Agent: Apache-HttpClient/4.5.2 (Java/1.7.0_79)[\r][\n]"
DEBUG: org.apache.http.wire - http-outgoing-3 >> "Accept-Encoding: gzip,deflate[\r][\n]"
DEBUG: org.apache.http.wire - http-outgoing-3 >> "[\r][\n]"
DEBUG: org.apache.http.wire - http-outgoing-3 << "HTTP/1.1 200 OK[\r][\n]"
DEBUG: org.apache.http.wire - http-outgoing-3 << "content-type: application/json; charset=UTF-8[\r][\n]"
DEBUG: org.apache.http.wire - http-outgoing-3 << "connection: close[\r][\n]"
DEBUG: org.apache.http.wire - http-outgoing-3 << "content-length: 144[\r][\n]"
DEBUG: org.apache.http.wire - http-outgoing-3 << "server: httpd.js[\r][\n]"
DEBUG: org.apache.http.wire - http-outgoing-3 << "date: Fri, 26 Aug 2016 09:42:44 GMT[\r][\n]"
DEBUG: org.apache.http.wire - http-outgoing-3 << "[\r][\n]"
DEBUG: org.apache.http.headers - http-outgoing-3 << HTTP/1.1 200 OK
DEBUG: org.apache.http.headers - http-outgoing-3 << content-type: application/json; charset=UTF-8
DEBUG: org.apache.http.headers - http-outgoing-3 << connection: close
DEBUG: org.apache.http.headers - http-outgoing-3 << content-length: 144
DEBUG: org.apache.http.headers - http-outgoing-3 << server: httpd.js
DEBUG: org.apache.http.headers - http-outgoing-3 << date: Fri, 26 Aug 2016 09:42:44 GMT
DEBUG: org.apache.http.wire - http-outgoing-3 << "{"name":"getCurrentWindowHandle","sessionId":"ef37bd3e-2017-2940-a760-71d500ce28c2","status":0,"value":"{0e4cb61b-790b-254a-829f-b4c89c134a35}"}"
DEBUG: org.apache.http.impl.conn.DefaultManagedHttpClientConnection - http-outgoing-3: Close connection
DEBUG: org.apache.http.impl.execchain.MainClientExec - Connection discarded
DEBUG: org.apache.http.impl.conn.PoolingHttpClientConnectionManager - Connection released: [id: 3][route: {}->http://127.0.0.1:7055][total kept alive: 0; route allocated: 0 of 2000; total allocated: 0 of 2000]
DEBUG: org.apache.http.client.protocol.RequestAddCookies - CookieSpec selected: default
DEBUG: org.apache.http.client.protocol.RequestAuthCache - Auth cache not set in the context
DEBUG: org.apache.http.impl.conn.PoolingHttpClientConnectionManager - Connection request: [route: {}->http://127.0.0.1:7055][total kept alive: 0; route allocated: 0 of 2000; total allocated: 0 of 2000]
DEBUG: org.apache.http.impl.conn.PoolingHttpClientConnectionManager - Connection leased: [id: 4][route: {}->http://127.0.0.1:7055][total kept alive: 0; route allocated: 1 of 2000; total allocated: 1 of 2000]
DEBUG: org.apache.http.impl.execchain.MainClientExec - Opening connection {}->http://127.0.0.1:7055
DEBUG: org.apache.http.impl.conn.DefaultHttpClientConnectionOperator - Connecting to /127.0.0.1:7055
DEBUG: org.apache.http.impl.conn.DefaultHttpClientConnectionOperator - Connection established 127.0.0.1:60639<->127.0.0.1:7055
DEBUG: org.apache.http.impl.conn.DefaultManagedHttpClientConnection - http-outgoing-4: set socket timeout to 10800000
DEBUG: org.apache.http.impl.execchain.MainClientExec - Executing request POST /hub/session/ef37bd3e-2017-2940-a760-71d500ce28c2/url HTTP/1.1
DEBUG: org.apache.http.impl.execchain.MainClientExec - Target auth state: UNCHALLENGED
DEBUG: org.apache.http.impl.execchain.MainClientExec - Proxy auth state: UNCHALLENGED
DEBUG: org.apache.http.headers - http-outgoing-4 >> POST /hub/session/ef37bd3e-2017-2940-a760-71d500ce28c2/url HTTP/1.1
DEBUG: org.apache.http.headers - http-outgoing-4 >> Content-Type: application/json; charset=utf-8
DEBUG: org.apache.http.headers - http-outgoing-4 >> Content-Length: 38
DEBUG: org.apache.http.headers - http-outgoing-4 >> Host: 127.0.0.1:7055
DEBUG: org.apache.http.headers - http-outgoing-4 >> Connection: Keep-Alive
DEBUG: org.apache.http.headers - http-outgoing-4 >> User-Agent: Apache-HttpClient/4.5.2 (Java/1.7.0_79)
DEBUG: org.apache.http.headers - http-outgoing-4 >> Accept-Encoding: gzip,deflate
DEBUG: org.apache.http.wire - http-outgoing-4 >> "POST /hub/session/ef37bd3e-2017-2940-a760-71d500ce28c2/url HTTP/1.1[\r][\n]"
DEBUG: org.apache.http.wire - http-outgoing-4 >> "Content-Type: application/json; charset=utf-8[\r][\n]"
DEBUG: org.apache.http.wire - http-outgoing-4 >> "Content-Length: 38[\r][\n]"
DEBUG: org.apache.http.wire - http-outgoing-4 >> "Host: 127.0.0.1:7055[\r][\n]"
DEBUG: org.apache.http.wire - http-outgoing-4 >> "Connection: Keep-Alive[\r][\n]"
DEBUG: org.apache.http.wire - http-outgoing-4 >> "User-Agent: Apache-HttpClient/4.5.2 (Java/1.7.0_79)[\r][\n]"
DEBUG: org.apache.http.wire - http-outgoing-4 >> "Accept-Encoding: gzip,deflate[\r][\n]"
DEBUG: org.apache.http.wire - http-outgoing-4 >> "[\r][\n]"
DEBUG: org.apache.http.wire - http-outgoing-4 >> "{"url":"http://localhost:8080/logout"}"
DEBUG: org.apache.http.wire - http-outgoing-4 << "HTTP/1.1 200 OK[\r][\n]"
DEBUG: org.apache.http.wire - http-outgoing-4 << "content-type: application/json; charset=UTF-8[\r][\n]"
DEBUG: org.apache.http.wire - http-outgoing-4 << "connection: close[\r][\n]"
DEBUG: org.apache.http.wire - http-outgoing-4 << "content-length: 87[\r][\n]"
DEBUG: org.apache.http.wire - http-outgoing-4 << "server: httpd.js[\r][\n]"
DEBUG: org.apache.http.wire - http-outgoing-4 << "date: Fri, 26 Aug 2016 09:42:46 GMT[\r][\n]"
DEBUG: org.apache.http.wire - http-outgoing-4 << "[\r][\n]"
DEBUG: org.apache.http.headers - http-outgoing-4 << HTTP/1.1 200 OK
DEBUG: org.apache.http.headers - http-outgoing-4 << content-type: application/json; charset=UTF-8
DEBUG: org.apache.http.headers - http-outgoing-4 << connection: close
DEBUG: org.apache.http.headers - http-outgoing-4 << content-length: 87
DEBUG: org.apache.http.headers - http-outgoing-4 << server: httpd.js
DEBUG: org.apache.http.headers - http-outgoing-4 << date: Fri, 26 Aug 2016 09:42:46 GMT
DEBUG: org.apache.http.wire - http-outgoing-4 << "{"name":"get","sessionId":"ef37bd3e-2017-2940-a760-71d500ce28c2","status":0,"value":""}"
DEBUG: org.apache.http.impl.conn.DefaultManagedHttpClientConnection - http-outgoing-4: Close connection
DEBUG: org.apache.http.impl.execchain.MainClientExec - Connection discarded
DEBUG: org.apache.http.impl.conn.PoolingHttpClientConnectionManager - Connection released: [id: 4][route: {}->http://127.0.0.1:7055][total kept alive: 0; route allocated: 0 of 2000; total allocated: 0 of 2000]
DEBUG: org.apache.http.client.protocol.RequestAddCookies - CookieSpec selected: default
DEBUG: org.apache.http.client.protocol.RequestAuthCache - Auth cache not set in the context
DEBUG: org.apache.http.impl.conn.PoolingHttpClientConnectionManager - Connection request: [route: {}->http://127.0.0.1:7055][total kept alive: 0; route allocated: 0 of 2000; total allocated: 0 of 2000]
DEBUG: org.apache.http.impl.conn.PoolingHttpClientConnectionManager - Connection leased: [id: 5][route: {}->http://127.0.0.1:7055][total kept alive: 0; route allocated: 1 of 2000; total allocated: 1 of 2000]
DEBUG: org.apache.http.impl.execchain.MainClientExec - Opening connection {}->http://127.0.0.1:7055
DEBUG: org.apache.http.impl.conn.DefaultHttpClientConnectionOperator - Connecting to /127.0.0.1:7055
DEBUG: org.apache.http.impl.conn.DefaultHttpClientConnectionOperator - Connection established 127.0.0.1:60648<->127.0.0.1:7055
DEBUG: org.apache.http.impl.conn.DefaultManagedHttpClientConnection - http-outgoing-5: set socket timeout to 10800000
DEBUG: org.apache.http.impl.execchain.MainClientExec - Executing request POST /hub/session/ef37bd3e-2017-2940-a760-71d500ce28c2/element HTTP/1.1
DEBUG: org.apache.http.impl.execchain.MainClientExec - Target auth state: UNCHALLENGED
DEBUG: org.apache.http.impl.execchain.MainClientExec - Proxy auth state: UNCHALLENGED
DEBUG: org.apache.http.headers - http-outgoing-5 >> POST /hub/session/ef37bd3e-2017-2940-a760-71d500ce28c2/element HTTP/1.1
DEBUG: org.apache.http.headers - http-outgoing-5 >> Content-Type: application/json; charset=utf-8
DEBUG: org.apache.http.headers - http-outgoing-5 >> Content-Length: 38
DEBUG: org.apache.http.headers - http-outgoing-5 >> Host: 127.0.0.1:7055
DEBUG: org.apache.http.headers - http-outgoing-5 >> Connection: Keep-Alive
DEBUG: org.apache.http.headers - http-outgoing-5 >> User-Agent: Apache-HttpClient/4.5.2 (Java/1.7.0_79)
DEBUG: org.apache.http.headers - http-outgoing-5 >> Accept-Encoding: gzip,deflate
DEBUG: org.apache.http.wire - http-outgoing-5 >> "POST /hub/session/ef37bd3e-2017-2940-a760-71d500ce28c2/element HTTP/1.1[\r][\n]"
DEBUG: org.apache.http.wire - http-outgoing-5 >> "Content-Type: application/json; charset=utf-8[\r][\n]"
DEBUG: org.apache.http.wire - http-outgoing-5 >> "Content-Length: 38[\r][\n]"
DEBUG: org.apache.http.wire - http-outgoing-5 >> "Host: 127.0.0.1:7055[\r][\n]"
DEBUG: org.apache.http.wire - http-outgoing-5 >> "Connection: Keep-Alive[\r][\n]"
DEBUG: org.apache.http.wire - http-outgoing-5 >> "User-Agent: Apache-HttpClient/4.5.2 (Java/1.7.0_79)[\r][\n]"
DEBUG: org.apache.http.wire - http-outgoing-5 >> "Accept-Encoding: gzip,deflate[\r][\n]"
DEBUG: org.apache.http.wire - http-outgoing-5 >> "[\r][\n]"
DEBUG: org.apache.http.wire - http-outgoing-5 >> "{"using":"link text","value":"Logout"}"
DEBUG: org.apache.http.wire - http-outgoing-5 << "HTTP/1.1 200 OK[\r][\n]"
DEBUG: org.apache.http.wire - http-outgoing-5 << "content-type: application/json; charset=UTF-8[\r][\n]"
DEBUG: org.apache.http.wire - http-outgoing-5 << "connection: close[\r][\n]"
DEBUG: org.apache.http.wire - http-outgoing-5 << "content-length: 224[\r][\n]"
DEBUG: org.apache.http.wire - http-outgoing-5 << "server: httpd.js[\r][\n]"
DEBUG: org.apache.http.wire - http-outgoing-5 << "date: Fri, 26 Aug 2016 09:42:46 GMT[\r][\n]"
DEBUG: org.apache.http.wire - http-outgoing-5 << "[\r][\n]"
DEBUG: org.apache.http.headers - http-outgoing-5 << HTTP/1.1 200 OK
DEBUG: org.apache.http.headers - http-outgoing-5 << content-type: application/json; charset=UTF-8
DEBUG: org.apache.http.headers - http-outgoing-5 << connection: close
DEBUG: org.apache.http.headers - http-outgoing-5 << content-length: 224
DEBUG: org.apache.http.headers - http-outgoing-5 << server: httpd.js
DEBUG: org.apache.http.headers - http-outgoing-5 << date: Fri, 26 Aug 2016 09:42:46 GMT
DEBUG: org.apache.http.wire - http-outgoing-5 << "{"name":"findElement","sessionId":"ef37bd3e-2017-2940-a760-71d500ce28c2","status":0,"value":{"ELEMENT":"{8e11ea2d-50f4-9049-aa5f-077dca0c1a7d}","element-6066-11e4-a52e-4f735466cecf":"{8e11ea2d-50f4-9049-aa5f-077dca0c1a7d}"}}"
DEBUG: org.apache.http.impl.conn.DefaultManagedHttpClientConnection - http-outgoing-5: Close connection
DEBUG: org.apache.http.impl.execchain.MainClientExec - Connection discarded
DEBUG: org.apache.http.impl.conn.PoolingHttpClientConnectionManager - Connection released: [id: 5][route: {}->http://127.0.0.1:7055][total kept alive: 0; route allocated: 0 of 2000; total allocated: 0 of 2000]
DEBUG: org.apache.http.client.protocol.RequestAddCookies - CookieSpec selected: default
DEBUG: org.apache.http.client.protocol.RequestAuthCache - Auth cache not set in the context
DEBUG: org.apache.http.impl.conn.PoolingHttpClientConnectionManager - Connection request: [route: {}->http://127.0.0.1:7055][total kept alive: 0; route allocated: 0 of 2000; total allocated: 0 of 2000]
DEBUG: org.apache.http.impl.conn.PoolingHttpClientConnectionManager - Connection leased: [id: 6][route: {}->http://127.0.0.1:7055][total kept alive: 0; route allocated: 1 of 2000; total allocated: 1 of 2000]
DEBUG: org.apache.http.impl.execchain.MainClientExec - Opening connection {}->http://127.0.0.1:7055
DEBUG: org.apache.http.impl.conn.DefaultHttpClientConnectionOperator - Connecting to /127.0.0.1:7055
DEBUG: org.apache.http.impl.conn.DefaultHttpClientConnectionOperator - Connection established 127.0.0.1:60649<->127.0.0.1:7055
DEBUG: org.apache.http.impl.conn.DefaultManagedHttpClientConnection - http-outgoing-6: set socket timeout to 10800000
DEBUG: org.apache.http.impl.execchain.MainClientExec - Executing request POST /hub/session/ef37bd3e-2017-2940-a760-71d500ce28c2/element/%7B8e11ea2d-50f4-9049-aa5f-077dca0c1a7d%7D/click HTTP/1.1
DEBUG: org.apache.http.impl.execchain.MainClientExec - Target auth state: UNCHALLENGED
DEBUG: org.apache.http.impl.execchain.MainClientExec - Proxy auth state: UNCHALLENGED
DEBUG: org.apache.http.headers - http-outgoing-6 >> POST /hub/session/ef37bd3e-2017-2940-a760-71d500ce28c2/element/%7B8e11ea2d-50f4-9049-aa5f-077dca0c1a7d%7D/click HTTP/1.1
DEBUG: org.apache.http.headers - http-outgoing-6 >> Content-Type: application/json; charset=utf-8
DEBUG: org.apache.http.headers - http-outgoing-6 >> Content-Length: 47
DEBUG: org.apache.http.headers - http-outgoing-6 >> Host: 127.0.0.1:7055
DEBUG: org.apache.http.headers - http-outgoing-6 >> Connection: Keep-Alive
DEBUG: org.apache.http.headers - http-outgoing-6 >> User-Agent: Apache-HttpClient/4.5.2 (Java/1.7.0_79)
DEBUG: org.apache.http.headers - http-outgoing-6 >> Accept-Encoding: gzip,deflate
DEBUG: org.apache.http.wire - http-outgoing-6 >> "POST /hub/session/ef37bd3e-2017-2940-a760-71d500ce28c2/element/%7B8e11ea2d-50f4-9049-aa5f-077dca0c1a7d%7D/click HTTP/1.1[\r][\n]"
DEBUG: org.apache.http.wire - http-outgoing-6 >> "Content-Type: application/json; charset=utf-8[\r][\n]"
DEBUG: org.apache.http.wire - http-outgoing-6 >> "Content-Length: 47[\r][\n]"
DEBUG: org.apache.http.wire - http-outgoing-6 >> "Host: 127.0.0.1:7055[\r][\n]"
DEBUG: org.apache.http.wire - http-outgoing-6 >> "Connection: Keep-Alive[\r][\n]"
DEBUG: org.apache.http.wire - http-outgoing-6 >> "User-Agent: Apache-HttpClient/4.5.2 (Java/1.7.0_79)[\r][\n]"
DEBUG: org.apache.http.wire - http-outgoing-6 >> "Accept-Encoding: gzip,deflate[\r][\n]"
DEBUG: org.apache.http.wire - http-outgoing-6 >> "[\r][\n]"
DEBUG: org.apache.http.wire - http-outgoing-6 >> "{"id":"{8e11ea2d-50f4-9049-aa5f-077dca0c1a7d}"}"
DEBUG: org.apache.http.wire - http-outgoing-6 << "HTTP/1.1 200 OK[\r][\n]"
DEBUG: org.apache.http.wire - http-outgoing-6 << "content-type: application/json; charset=UTF-8[\r][\n]"
DEBUG: org.apache.http.wire - http-outgoing-6 << "connection: close[\r][\n]"
DEBUG: org.apache.http.wire - http-outgoing-6 << "content-length: 98[\r][\n]"
DEBUG: org.apache.http.wire - http-outgoing-6 << "server: httpd.js[\r][\n]"
DEBUG: org.apache.http.wire - http-outgoing-6 << "date: Fri, 26 Aug 2016 09:42:46 GMT[\r][\n]"
DEBUG: org.apache.http.wire - http-outgoing-6 << "[\r][\n]"
DEBUG: org.apache.http.headers - http-outgoing-6 << HTTP/1.1 200 OK
DEBUG: org.apache.http.headers - http-outgoing-6 << content-type: application/json; charset=UTF-8
DEBUG: org.apache.http.headers - http-outgoing-6 << connection: close
DEBUG: org.apache.http.headers - http-outgoing-6 << content-length: 98
DEBUG: org.apache.http.headers - http-outgoing-6 << server: httpd.js
DEBUG: org.apache.http.headers - http-outgoing-6 << date: Fri, 26 Aug 2016 09:42:46 GMT
DEBUG: org.apache.http.wire - http-outgoing-6 << "{"name":"clickElement","sessionId":"ef37bd3e-2017-2940-a760-71d500ce28c2","status":0,"value":"ok"}"
DEBUG: org.apache.http.impl.conn.DefaultManagedHttpClientConnection - http-outgoing-6: Close connection
DEBUG: org.apache.http.impl.execchain.MainClientExec - Connection discarded
DEBUG: org.apache.http.impl.conn.PoolingHttpClientConnectionManager - Connection released: [id: 6][route: {}->http://127.0.0.1:7055][total kept alive: 0; route allocated: 0 of 2000; total allocated: 0 of 2000]
DEBUG: org.apache.http.client.protocol.RequestAddCookies - CookieSpec selected: default
DEBUG: org.apache.http.client.protocol.RequestAuthCache - Auth cache not set in the context
DEBUG: org.apache.http.impl.conn.PoolingHttpClientConnectionManager - Connection request: [route: {}->http://127.0.0.1:7055][total kept alive: 0; route allocated: 0 of 2000; total allocated: 0 of 2000]
DEBUG: org.apache.http.impl.conn.PoolingHttpClientConnectionManager - Connection leased: [id: 7][route: {}->http://127.0.0.1:7055][total kept alive: 0; route allocated: 1 of 2000; total allocated: 1 of 2000]
DEBUG: org.apache.http.impl.execchain.MainClientExec - Opening connection {}->http://127.0.0.1:7055
DEBUG: org.apache.http.impl.conn.DefaultHttpClientConnectionOperator - Connecting to /127.0.0.1:7055
DEBUG: org.apache.http.impl.conn.DefaultHttpClientConnectionOperator - Connection established 127.0.0.1:60652<->127.0.0.1:7055
DEBUG: org.apache.http.impl.conn.DefaultManagedHttpClientConnection - http-outgoing-7: set socket timeout to 10800000
DEBUG: org.apache.http.impl.execchain.MainClientExec - Executing request POST /hub/session/ef37bd3e-2017-2940-a760-71d500ce28c2/url HTTP/1.1
DEBUG: org.apache.http.impl.execchain.MainClientExec - Target auth state: UNCHALLENGED
DEBUG: org.apache.http.impl.execchain.MainClientExec - Proxy auth state: UNCHALLENGED
DEBUG: org.apache.http.headers - http-outgoing-7 >> POST /hub/session/ef37bd3e-2017-2940-a760-71d500ce28c2/url HTTP/1.1
DEBUG: org.apache.http.headers - http-outgoing-7 >> Content-Type: application/json; charset=utf-8
DEBUG: org.apache.http.headers - http-outgoing-7 >> Content-Length: 37
DEBUG: org.apache.http.headers - http-outgoing-7 >> Host: 127.0.0.1:7055
DEBUG: org.apache.http.headers - http-outgoing-7 >> Connection: Keep-Alive
DEBUG: org.apache.http.headers - http-outgoing-7 >> User-Agent: Apache-HttpClient/4.5.2 (Java/1.7.0_79)
DEBUG: org.apache.http.headers - http-outgoing-7 >> Accept-Encoding: gzip,deflate
DEBUG: org.apache.http.wire - http-outgoing-7 >> "POST /hub/session/ef37bd3e-2017-2940-a760-71d500ce28c2/url HTTP/1.1[\r][\n]"
DEBUG: org.apache.http.wire - http-outgoing-7 >> "Content-Type: application/json; charset=utf-8[\r][\n]"
DEBUG: org.apache.http.wire - http-outgoing-7 >> "Content-Length: 37[\r][\n]"
DEBUG: org.apache.http.wire - http-outgoing-7 >> "Host: 127.0.0.1:7055[\r][\n]"
DEBUG: org.apache.http.wire - http-outgoing-7 >> "Connection: Keep-Alive[\r][\n]"
DEBUG: org.apache.http.wire - http-outgoing-7 >> "User-Agent: Apache-HttpClient/4.5.2 (Java/1.7.0_79)[\r][\n]"
DEBUG: org.apache.http.wire - http-outgoing-7 >> "Accept-Encoding: gzip,deflate[\r][\n]"
DEBUG: org.apache.http.wire - http-outgoing-7 >> "[\r][\n]"
DEBUG: org.apache.http.wire - http-outgoing-7 >> "{"url":"http://localhost:8080/login"}"
DEBUG: org.apache.http.wire - http-outgoing-7 << "HTTP/1.1 200 OK[\r][\n]"
DEBUG: org.apache.http.wire - http-outgoing-7 << "content-type: application/json; charset=UTF-8[\r][\n]"
DEBUG: org.apache.http.wire - http-outgoing-7 << "connection: close[\r][\n]"
DEBUG: org.apache.http.wire - http-outgoing-7 << "content-length: 87[\r][\n]"
DEBUG: org.apache.http.wire - http-outgoing-7 << "server: httpd.js[\r][\n]"
DEBUG: org.apache.http.wire - http-outgoing-7 << "date: Fri, 26 Aug 2016 09:42:46 GMT[\r][\n]"
DEBUG: org.apache.http.wire - http-outgoing-7 << "[\r][\n]"
DEBUG: org.apache.http.headers - http-outgoing-7 << HTTP/1.1 200 OK
DEBUG: org.apache.http.headers - http-outgoing-7 << content-type: application/json; charset=UTF-8
DEBUG: org.apache.http.headers - http-outgoing-7 << connection: close
DEBUG: org.apache.http.headers - http-outgoing-7 << content-length: 87
DEBUG: org.apache.http.headers - http-outgoing-7 << server: httpd.js
DEBUG: org.apache.http.headers - http-outgoing-7 << date: Fri, 26 Aug 2016 09:42:46 GMT
DEBUG: org.apache.http.wire - http-outgoing-7 << "{"name":"get","sessionId":"ef37bd3e-2017-2940-a760-71d500ce28c2","status":0,"value":""}"
DEBUG: org.apache.http.impl.conn.DefaultManagedHttpClientConnection - http-outgoing-7: Close connection
DEBUG: org.apache.http.impl.execchain.MainClientExec - Connection discarded
DEBUG: org.apache.http.impl.conn.PoolingHttpClientConnectionManager - Connection released: [id: 7][route: {}->http://127.0.0.1:7055][total kept alive: 0; route allocated: 0 of 2000; total allocated: 0 of 2000]
DEBUG: org.apache.http.client.protocol.RequestAddCookies - CookieSpec selected: default
DEBUG: org.apache.http.client.protocol.RequestAuthCache - Auth cache not set in the context
DEBUG: org.apache.http.impl.conn.PoolingHttpClientConnectionManager - Connection request: [route: {}->http://127.0.0.1:7055][total kept alive: 0; route allocated: 0 of 2000; total allocated: 0 of 2000]
DEBUG: org.apache.http.impl.conn.PoolingHttpClientConnectionManager - Connection leased: [id: 8][route: {}->http://127.0.0.1:7055][total kept alive: 0; route allocated: 1 of 2000; total allocated: 1 of 2000]
DEBUG: org.apache.http.impl.execchain.MainClientExec - Opening connection {}->http://127.0.0.1:7055
DEBUG: org.apache.http.impl.conn.DefaultHttpClientConnectionOperator - Connecting to /127.0.0.1:7055
DEBUG: org.apache.http.impl.conn.DefaultHttpClientConnectionOperator - Connection established 127.0.0.1:60654<->127.0.0.1:7055
DEBUG: org.apache.http.impl.conn.DefaultManagedHttpClientConnection - http-outgoing-8: set socket timeout to 10800000
DEBUG: org.apache.http.impl.execchain.MainClientExec - Executing request POST /hub/session/ef37bd3e-2017-2940-a760-71d500ce28c2/element HTTP/1.1
DEBUG: org.apache.http.impl.execchain.MainClientExec - Target auth state: UNCHALLENGED
DEBUG: org.apache.http.impl.execchain.MainClientExec - Proxy auth state: UNCHALLENGED
DEBUG: org.apache.http.headers - http-outgoing-8 >> POST /hub/session/ef37bd3e-2017-2940-a760-71d500ce28c2/element HTTP/1.1
DEBUG: org.apache.http.headers - http-outgoing-8 >> Content-Type: application/json; charset=utf-8
DEBUG: org.apache.http.headers - http-outgoing-8 >> Content-Length: 37
DEBUG: org.apache.http.headers - http-outgoing-8 >> Host: 127.0.0.1:7055
DEBUG: org.apache.http.headers - http-outgoing-8 >> Connection: Keep-Alive
DEBUG: org.apache.http.headers - http-outgoing-8 >> User-Agent: Apache-HttpClient/4.5.2 (Java/1.7.0_79)
DEBUG: org.apache.http.headers - http-outgoing-8 >> Accept-Encoding: gzip,deflate
DEBUG: org.apache.http.wire - http-outgoing-8 >> "POST /hub/session/ef37bd3e-2017-2940-a760-71d500ce28c2/element HTTP/1.1[\r][\n]"
DEBUG: org.apache.http.wire - http-outgoing-8 >> "Content-Type: application/json; charset=utf-8[\r][\n]"
DEBUG: org.apache.http.wire - http-outgoing-8 >> "Content-Length: 37[\r][\n]"
DEBUG: org.apache.http.wire - http-outgoing-8 >> "Host: 127.0.0.1:7055[\r][\n]"
DEBUG: org.apache.http.wire - http-outgoing-8 >> "Connection: Keep-Alive[\r][\n]"
DEBUG: org.apache.http.wire - http-outgoing-8 >> "User-Agent: Apache-HttpClient/4.5.2 (Java/1.7.0_79)[\r][\n]"
DEBUG: org.apache.http.wire - http-outgoing-8 >> "Accept-Encoding: gzip,deflate[\r][\n]"
DEBUG: org.apache.http.wire - http-outgoing-8 >> "[\r][\n]"
DEBUG: org.apache.http.wire - http-outgoing-8 >> "{"using":"name","value":"j_username"}"
DEBUG: org.apache.http.wire - http-outgoing-8 << "HTTP/1.1 200 OK[\r][\n]"
DEBUG: org.apache.http.wire - http-outgoing-8 << "content-type: application/json; charset=UTF-8[\r][\n]"
DEBUG: org.apache.http.wire - http-outgoing-8 << "connection: close[\r][\n]"
DEBUG: org.apache.http.wire - http-outgoing-8 << "content-length: 224[\r][\n]"
DEBUG: org.apache.http.wire - http-outgoing-8 << "server: httpd.js[\r][\n]"
DEBUG: org.apache.http.wire - http-outgoing-8 << "date: Fri, 26 Aug 2016 09:42:46 GMT[\r][\n]"
DEBUG: org.apache.http.wire - http-outgoing-8 << "[\r][\n]"
DEBUG: org.apache.http.headers - http-outgoing-8 << HTTP/1.1 200 OK
DEBUG: org.apache.http.headers - http-outgoing-8 << content-type: application/json; charset=UTF-8
DEBUG: org.apache.http.headers - http-outgoing-8 << connection: close
DEBUG: org.apache.http.headers - http-outgoing-8 << content-length: 224
DEBUG: org.apache.http.headers - http-outgoing-8 << server: httpd.js
DEBUG: org.apache.http.headers - http-outgoing-8 << date: Fri, 26 Aug 2016 09:42:46 GMT
DEBUG: org.apache.http.wire - http-outgoing-8 << "{"name":"findElement","sessionId":"ef37bd3e-2017-2940-a760-71d500ce28c2","status":0,"value":{"ELEMENT":"{b29af823-4bcd-2345-b2bf-d21cd35c1e51}","element-6066-11e4-a52e-4f735466cecf":"{b29af823-4bcd-2345-b2bf-d21cd35c1e51}"}}"
DEBUG: org.apache.http.impl.conn.DefaultManagedHttpClientConnection - http-outgoing-8: Close connection
DEBUG: org.apache.http.impl.execchain.MainClientExec - Connection discarded
DEBUG: org.apache.http.impl.conn.PoolingHttpClientConnectionManager - Connection released: [id: 8][route: {}->http://127.0.0.1:7055][total kept alive: 0; route allocated: 0 of 2000; total allocated: 0 of 2000]
DEBUG: org.apache.http.client.protocol.RequestAddCookies - CookieSpec selected: default
DEBUG: org.apache.http.client.protocol.RequestAuthCache - Auth cache not set in the context
DEBUG: org.apache.http.impl.conn.PoolingHttpClientConnectionManager - Connection request: [route: {}->http://127.0.0.1:7055][total kept alive: 0; route allocated: 0 of 2000; total allocated: 0 of 2000]
DEBUG: org.apache.http.impl.conn.PoolingHttpClientConnectionManager - Connection leased: [id: 9][route: {}->http://127.0.0.1:7055][total kept alive: 0; route allocated: 1 of 2000; total allocated: 1 of 2000]
DEBUG: org.apache.http.impl.execchain.MainClientExec - Opening connection {}->http://127.0.0.1:7055
DEBUG: org.apache.http.impl.conn.DefaultHttpClientConnectionOperator - Connecting to /127.0.0.1:7055
DEBUG: org.apache.http.impl.conn.DefaultHttpClientConnectionOperator - Connection established 127.0.0.1:60655<->127.0.0.1:7055
DEBUG: org.apache.http.impl.conn.DefaultManagedHttpClientConnection - http-outgoing-9: set socket timeout to 10800000
DEBUG: org.apache.http.impl.execchain.MainClientExec - Executing request POST /hub/session/ef37bd3e-2017-2940-a760-71d500ce28c2/element HTTP/1.1
DEBUG: org.apache.http.impl.execchain.MainClientExec - Target auth state: UNCHALLENGED
DEBUG: org.apache.http.impl.execchain.MainClientExec - Proxy auth state: UNCHALLENGED
DEBUG: org.apache.http.headers - http-outgoing-9 >> POST /hub/session/ef37bd3e-2017-2940-a760-71d500ce28c2/element HTTP/1.1
DEBUG: org.apache.http.headers - http-outgoing-9 >> Content-Type: application/json; charset=utf-8
DEBUG: org.apache.http.headers - http-outgoing-9 >> Content-Length: 37
DEBUG: org.apache.http.headers - http-outgoing-9 >> Host: 127.0.0.1:7055
DEBUG: org.apache.http.headers - http-outgoing-9 >> Connection: Keep-Alive
DEBUG: org.apache.http.headers - http-outgoing-9 >> User-Agent: Apache-HttpClient/4.5.2 (Java/1.7.0_79)
DEBUG: org.apache.http.headers - http-outgoing-9 >> Accept-Encoding: gzip,deflate
DEBUG: org.apache.http.wire - http-outgoing-9 >> "POST /hub/session/ef37bd3e-2017-2940-a760-71d500ce28c2/element HTTP/1.1[\r][\n]"
DEBUG: org.apache.http.wire - http-outgoing-9 >> "Content-Type: application/json; charset=utf-8[\r][\n]"
DEBUG: org.apache.http.wire - http-outgoing-9 >> "Content-Length: 37[\r][\n]"
DEBUG: org.apache.http.wire - http-outgoing-9 >> "Host: 127.0.0.1:7055[\r][\n]"
DEBUG: org.apache.http.wire - http-outgoing-9 >> "Connection: Keep-Alive[\r][\n]"
DEBUG: org.apache.http.wire - http-outgoing-9 >> "User-Agent: Apache-HttpClient/4.5.2 (Java/1.7.0_79)[\r][\n]"
DEBUG: org.apache.http.wire - http-outgoing-9 >> "Accept-Encoding: gzip,deflate[\r][\n]"
DEBUG: org.apache.http.wire - http-outgoing-9 >> "[\r][\n]"
DEBUG: org.apache.http.wire - http-outgoing-9 >> "{"using":"name","value":"j_username"}"
DEBUG: org.apache.http.wire - http-outgoing-9 << "HTTP/1.1 200 OK[\r][\n]"
DEBUG: org.apache.http.wire - http-outgoing-9 << "content-type: application/json; charset=UTF-8[\r][\n]"
DEBUG: org.apache.http.wire - http-outgoing-9 << "connection: close[\r][\n]"
DEBUG: org.apache.http.wire - http-outgoing-9 << "content-length: 224[\r][\n]"
DEBUG: org.apache.http.wire - http-outgoing-9 << "server: httpd.js[\r][\n]"
DEBUG: org.apache.http.wire - http-outgoing-9 << "date: Fri, 26 Aug 2016 09:42:46 GMT[\r][\n]"
DEBUG: org.apache.http.wire - http-outgoing-9 << "[\r][\n]"
DEBUG: org.apache.http.headers - http-outgoing-9 << HTTP/1.1 200 OK
DEBUG: org.apache.http.headers - http-outgoing-9 << content-type: application/json; charset=UTF-8
DEBUG: org.apache.http.headers - http-outgoing-9 << connection: close
DEBUG: org.apache.http.headers - http-outgoing-9 << content-length: 224
DEBUG: org.apache.http.headers - http-outgoing-9 << server: httpd.js
DEBUG: org.apache.http.headers - http-outgoing-9 << date: Fri, 26 Aug 2016 09:42:46 GMT
DEBUG: org.apache.http.wire - http-outgoing-9 << "{"name":"findElement","sessionId":"ef37bd3e-2017-2940-a760-71d500ce28c2","status":0,"value":{"ELEMENT":"{b29af823-4bcd-2345-b2bf-d21cd35c1e51}","element-6066-11e4-a52e-4f735466cecf":"{b29af823-4bcd-2345-b2bf-d21cd35c1e51}"}}"
DEBUG: org.apache.http.impl.conn.DefaultManagedHttpClientConnection - http-outgoing-9: Close connection
DEBUG: org.apache.http.impl.execchain.MainClientExec - Connection discarded
DEBUG: org.apache.http.impl.conn.PoolingHttpClientConnectionManager - Connection released: [id: 9][route: {}->http://127.0.0.1:7055][total kept alive: 0; route allocated: 0 of 2000; total allocated: 0 of 2000]
DEBUG: org.apache.http.client.protocol.RequestAddCookies - CookieSpec selected: default
DEBUG: org.apache.http.client.protocol.RequestAuthCache - Auth cache not set in the context
DEBUG: org.apache.http.impl.conn.PoolingHttpClientConnectionManager - Connection request: [route: {}->http://127.0.0.1:7055][total kept alive: 0; route allocated: 0 of 2000; total allocated: 0 of 2000]
DEBUG: org.apache.http.impl.conn.PoolingHttpClientConnectionManager - Connection leased: [id: 10][route: {}->http://127.0.0.1:7055][total kept alive: 0; route allocated: 1 of 2000; total allocated: 1 of 2000]
DEBUG: org.apache.http.impl.execchain.MainClientExec - Opening connection {}->http://127.0.0.1:7055
DEBUG: org.apache.http.impl.conn.DefaultHttpClientConnectionOperator - Connecting to /127.0.0.1:7055
DEBUG: org.apache.http.impl.conn.DefaultHttpClientConnectionOperator - Connection established 127.0.0.1:60656<->127.0.0.1:7055
DEBUG: org.apache.http.impl.conn.DefaultManagedHttpClientConnection - http-outgoing-10: set socket timeout to 10800000
DEBUG: org.apache.http.impl.execchain.MainClientExec - Executing request POST /hub/session/ef37bd3e-2017-2940-a760-71d500ce28c2/element/%7Bb29af823-4bcd-2345-b2bf-d21cd35c1e51%7D/value HTTP/1.1
DEBUG: org.apache.http.impl.execchain.MainClientExec - Target auth state: UNCHALLENGED
DEBUG: org.apache.http.impl.execchain.MainClientExec - Proxy auth state: UNCHALLENGED
DEBUG: org.apache.http.headers - http-outgoing-10 >> POST /hub/session/ef37bd3e-2017-2940-a760-71d500ce28c2/element/%7Bb29af823-4bcd-2345-b2bf-d21cd35c1e51%7D/value HTTP/1.1
DEBUG: org.apache.http.headers - http-outgoing-10 >> Content-Type: application/json; charset=utf-8
DEBUG: org.apache.http.headers - http-outgoing-10 >> Content-Length: 70
DEBUG: org.apache.http.headers - http-outgoing-10 >> Host: 127.0.0.1:7055
DEBUG: org.apache.http.headers - http-outgoing-10 >> Connection: Keep-Alive
DEBUG: org.apache.http.headers - http-outgoing-10 >> User-Agent: Apache-HttpClient/4.5.2 (Java/1.7.0_79)
DEBUG: org.apache.http.headers - http-outgoing-10 >> Accept-Encoding: gzip,deflate
DEBUG: org.apache.http.wire - http-outgoing-10 >> "POST /hub/session/ef37bd3e-2017-2940-a760-71d500ce28c2/element/%7Bb29af823-4bcd-2345-b2bf-d21cd35c1e51%7D/value HTTP/1.1[\r][\n]"
DEBUG: org.apache.http.wire - http-outgoing-10 >> "Content-Type: application/json; charset=utf-8[\r][\n]"
DEBUG: org.apache.http.wire - http-outgoing-10 >> "Content-Length: 70[\r][\n]"
DEBUG: org.apache.http.wire - http-outgoing-10 >> "Host: 127.0.0.1:7055[\r][\n]"
DEBUG: org.apache.http.wire - http-outgoing-10 >> "Connection: Keep-Alive[\r][\n]"
DEBUG: org.apache.http.wire - http-outgoing-10 >> "User-Agent: Apache-HttpClient/4.5.2 (Java/1.7.0_79)[\r][\n]"
DEBUG: org.apache.http.wire - http-outgoing-10 >> "Accept-Encoding: gzip,deflate[\r][\n]"
DEBUG: org.apache.http.wire - http-outgoing-10 >> "[\r][\n]"
DEBUG: org.apache.http.wire - http-outgoing-10 >> "{"id":"{b29af823-4bcd-2345-b2bf-d21cd35c1e51}","value":["Jan Plewka"]}"
DEBUG: org.apache.http.wire - http-outgoing-10 << "HTTP/1.1 200 OK[\r][\n]"
DEBUG: org.apache.http.wire - http-outgoing-10 << "content-type: application/json; charset=UTF-8[\r][\n]"
DEBUG: org.apache.http.wire - http-outgoing-10 << "connection: close[\r][\n]"
DEBUG: org.apache.http.wire - http-outgoing-10 << "content-length: 101[\r][\n]"
DEBUG: org.apache.http.wire - http-outgoing-10 << "server: httpd.js[\r][\n]"
DEBUG: org.apache.http.wire - http-outgoing-10 << "date: Fri, 26 Aug 2016 09:42:47 GMT[\r][\n]"
DEBUG: org.apache.http.wire - http-outgoing-10 << "[\r][\n]"
DEBUG: org.apache.http.headers - http-outgoing-10 << HTTP/1.1 200 OK
DEBUG: org.apache.http.headers - http-outgoing-10 << content-type: application/json; charset=UTF-8
DEBUG: org.apache.http.headers - http-outgoing-10 << connection: close
DEBUG: org.apache.http.headers - http-outgoing-10 << content-length: 101
DEBUG: org.apache.http.headers - http-outgoing-10 << server: httpd.js
DEBUG: org.apache.http.headers - http-outgoing-10 << date: Fri, 26 Aug 2016 09:42:47 GMT
DEBUG: org.apache.http.wire - http-outgoing-10 << "{"name":"sendKeysToElement","sessionId":"ef37bd3e-2017-2940-a760-71d500ce28c2","status":0,"value":""}"
DEBUG: org.apache.http.impl.conn.DefaultManagedHttpClientConnection - http-outgoing-10: Close connection
DEBUG: org.apache.http.impl.execchain.MainClientExec - Connection discarded
DEBUG: org.apache.http.impl.conn.PoolingHttpClientConnectionManager - Connection released: [id: 10][route: {}->http://127.0.0.1:7055][total kept alive: 0; route allocated: 0 of 2000; total allocated: 0 of 2000]
DEBUG: org.apache.http.client.protocol.RequestAddCookies - CookieSpec selected: default
DEBUG: org.apache.http.client.protocol.RequestAuthCache - Auth cache not set in the context
DEBUG: org.apache.http.impl.conn.PoolingHttpClientConnectionManager - Connection request: [route: {}->http://127.0.0.1:7055][total kept alive: 0; route allocated: 0 of 2000; total allocated: 0 of 2000]
DEBUG: org.apache.http.impl.conn.PoolingHttpClientConnectionManager - Connection leased: [id: 11][route: {}->http://127.0.0.1:7055][total kept alive: 0; route allocated: 1 of 2000; total allocated: 1 of 2000]
DEBUG: org.apache.http.impl.execchain.MainClientExec - Opening connection {}->http://127.0.0.1:7055
DEBUG: org.apache.http.impl.conn.DefaultHttpClientConnectionOperator - Connecting to /127.0.0.1:7055
DEBUG: org.apache.http.impl.conn.DefaultHttpClientConnectionOperator - Connection established 127.0.0.1:60657<->127.0.0.1:7055
DEBUG: org.apache.http.impl.conn.DefaultManagedHttpClientConnection - http-outgoing-11: set socket timeout to 10800000
DEBUG: org.apache.http.impl.execchain.MainClientExec - Executing request POST /hub/session/ef37bd3e-2017-2940-a760-71d500ce28c2/element HTTP/1.1
DEBUG: org.apache.http.impl.execchain.MainClientExec - Target auth state: UNCHALLENGED
DEBUG: org.apache.http.impl.execchain.MainClientExec - Proxy auth state: UNCHALLENGED
DEBUG: org.apache.http.headers - http-outgoing-11 >> POST /hub/session/ef37bd3e-2017-2940-a760-71d500ce28c2/element HTTP/1.1
DEBUG: org.apache.http.headers - http-outgoing-11 >> Content-Type: application/json; charset=utf-8
DEBUG: org.apache.http.headers - http-outgoing-11 >> Content-Length: 37
DEBUG: org.apache.http.headers - http-outgoing-11 >> Host: 127.0.0.1:7055
DEBUG: org.apache.http.headers - http-outgoing-11 >> Connection: Keep-Alive
DEBUG: org.apache.http.headers - http-outgoing-11 >> User-Agent: Apache-HttpClient/4.5.2 (Java/1.7.0_79)
DEBUG: org.apache.http.headers - http-outgoing-11 >> Accept-Encoding: gzip,deflate
DEBUG: org.apache.http.wire - http-outgoing-11 >> "POST /hub/session/ef37bd3e-2017-2940-a760-71d500ce28c2/element HTTP/1.1[\r][\n]"
DEBUG: org.apache.http.wire - http-outgoing-11 >> "Content-Type: application/json; charset=utf-8[\r][\n]"
DEBUG: org.apache.http.wire - http-outgoing-11 >> "Content-Length: 37[\r][\n]"
DEBUG: org.apache.http.wire - http-outgoing-11 >> "Host: 127.0.0.1:7055[\r][\n]"
DEBUG: org.apache.http.wire - http-outgoing-11 >> "Connection: Keep-Alive[\r][\n]"
DEBUG: org.apache.http.wire - http-outgoing-11 >> "User-Agent: Apache-HttpClient/4.5.2 (Java/1.7.0_79)[\r][\n]"
DEBUG: org.apache.http.wire - http-outgoing-11 >> "Accept-Encoding: gzip,deflate[\r][\n]"
DEBUG: org.apache.http.wire - http-outgoing-11 >> "[\r][\n]"
DEBUG: org.apache.http.wire - http-outgoing-11 >> "{"using":"name","value":"j_password"}"
DEBUG: org.apache.http.wire - http-outgoing-11 << "HTTP/1.1 200 OK[\r][\n]"
DEBUG: org.apache.http.wire - http-outgoing-11 << "content-type: application/json; charset=UTF-8[\r][\n]"
DEBUG: org.apache.http.wire - http-outgoing-11 << "connection: close[\r][\n]"
DEBUG: org.apache.http.wire - http-outgoing-11 << "content-length: 224[\r][\n]"
DEBUG: org.apache.http.wire - http-outgoing-11 << "server: httpd.js[\r][\n]"
DEBUG: org.apache.http.wire - http-outgoing-11 << "date: Fri, 26 Aug 2016 09:42:47 GMT[\r][\n]"
DEBUG: org.apache.http.wire - http-outgoing-11 << "[\r][\n]"
DEBUG: org.apache.http.headers - http-outgoing-11 << HTTP/1.1 200 OK
DEBUG: org.apache.http.headers - http-outgoing-11 << content-type: application/json; charset=UTF-8
DEBUG: org.apache.http.headers - http-outgoing-11 << connection: close
DEBUG: org.apache.http.headers - http-outgoing-11 << content-length: 224
DEBUG: org.apache.http.headers - http-outgoing-11 << server: httpd.js
DEBUG: org.apache.http.headers - http-outgoing-11 << date: Fri, 26 Aug 2016 09:42:47 GMT
DEBUG: org.apache.http.wire - http-outgoing-11 << "{"name":"findElement","sessionId":"ef37bd3e-2017-2940-a760-71d500ce28c2","status":0,"value":{"ELEMENT":"{3ea3cd8b-72ae-1343-828f-2f25a2749fca}","element-6066-11e4-a52e-4f735466cecf":"{3ea3cd8b-72ae-1343-828f-2f25a2749fca}"}}"
DEBUG: org.apache.http.impl.conn.DefaultManagedHttpClientConnection - http-outgoing-11: Close connection
DEBUG: org.apache.http.impl.execchain.MainClientExec - Connection discarded
DEBUG: org.apache.http.impl.conn.PoolingHttpClientConnectionManager - Connection released: [id: 11][route: {}->http://127.0.0.1:7055][total kept alive: 0; route allocated: 0 of 2000; total allocated: 0 of 2000]
DEBUG: org.apache.http.client.protocol.RequestAddCookies - CookieSpec selected: default
DEBUG: org.apache.http.client.protocol.RequestAuthCache - Auth cache not set in the context
DEBUG: org.apache.http.impl.conn.PoolingHttpClientConnectionManager - Connection request: [route: {}->http://127.0.0.1:7055][total kept alive: 0; route allocated: 0 of 2000; total allocated: 0 of 2000]
DEBUG: org.apache.http.impl.conn.PoolingHttpClientConnectionManager - Connection leased: [id: 12][route: {}->http://127.0.0.1:7055][total kept alive: 0; route allocated: 1 of 2000; total allocated: 1 of 2000]
DEBUG: org.apache.http.impl.execchain.MainClientExec - Opening connection {}->http://127.0.0.1:7055
DEBUG: org.apache.http.impl.conn.DefaultHttpClientConnectionOperator - Connecting to /127.0.0.1:7055
DEBUG: org.apache.http.impl.conn.DefaultHttpClientConnectionOperator - Connection established 127.0.0.1:60658<->127.0.0.1:7055
DEBUG: org.apache.http.impl.conn.DefaultManagedHttpClientConnection - http-outgoing-12: set socket timeout to 10800000
DEBUG: org.apache.http.impl.execchain.MainClientExec - Executing request POST /hub/session/ef37bd3e-2017-2940-a760-71d500ce28c2/element/%7B3ea3cd8b-72ae-1343-828f-2f25a2749fca%7D/value HTTP/1.1
DEBUG: org.apache.http.impl.execchain.MainClientExec - Target auth state: UNCHALLENGED
DEBUG: org.apache.http.impl.execchain.MainClientExec - Proxy auth state: UNCHALLENGED
DEBUG: org.apache.http.headers - http-outgoing-12 >> POST /hub/session/ef37bd3e-2017-2940-a760-71d500ce28c2/element/%7B3ea3cd8b-72ae-1343-828f-2f25a2749fca%7D/value HTTP/1.1
DEBUG: org.apache.http.headers - http-outgoing-12 >> Content-Type: application/json; charset=utf-8
DEBUG: org.apache.http.headers - http-outgoing-12 >> Content-Length: 66
DEBUG: org.apache.http.headers - http-outgoing-12 >> Host: 127.0.0.1:7055
DEBUG: org.apache.http.headers - http-outgoing-12 >> Connection: Keep-Alive
DEBUG: org.apache.http.headers - http-outgoing-12 >> User-Agent: Apache-HttpClient/4.5.2 (Java/1.7.0_79)
DEBUG: org.apache.http.headers - http-outgoing-12 >> Accept-Encoding: gzip,deflate
DEBUG: org.apache.http.wire - http-outgoing-12 >> "POST /hub/session/ef37bd3e-2017-2940-a760-71d500ce28c2/element/%7B3ea3cd8b-72ae-1343-828f-2f25a2749fca%7D/value HTTP/1.1[\r][\n]"
DEBUG: org.apache.http.wire - http-outgoing-12 >> "Content-Type: application/json; charset=utf-8[\r][\n]"
DEBUG: org.apache.http.wire - http-outgoing-12 >> "Content-Length: 66[\r][\n]"
DEBUG: org.apache.http.wire - http-outgoing-12 >> "Host: 127.0.0.1:7055[\r][\n]"
DEBUG: org.apache.http.wire - http-outgoing-12 >> "Connection: Keep-Alive[\r][\n]"
DEBUG: org.apache.http.wire - http-outgoing-12 >> "User-Agent: Apache-HttpClient/4.5.2 (Java/1.7.0_79)[\r][\n]"
DEBUG: org.apache.http.wire - http-outgoing-12 >> "Accept-Encoding: gzip,deflate[\r][\n]"
DEBUG: org.apache.http.wire - http-outgoing-12 >> "[\r][\n]"
DEBUG: org.apache.http.wire - http-outgoing-12 >> "{"id":"{3ea3cd8b-72ae-1343-828f-2f25a2749fca}","value":["secret"]}"
DEBUG: org.apache.http.wire - http-outgoing-12 << "HTTP/1.1 200 OK[\r][\n]"
DEBUG: org.apache.http.wire - http-outgoing-12 << "content-type: application/json; charset=UTF-8[\r][\n]"
DEBUG: org.apache.http.wire - http-outgoing-12 << "connection: close[\r][\n]"
DEBUG: org.apache.http.wire - http-outgoing-12 << "content-length: 101[\r][\n]"
DEBUG: org.apache.http.wire - http-outgoing-12 << "server: httpd.js[\r][\n]"
DEBUG: org.apache.http.wire - http-outgoing-12 << "date: Fri, 26 Aug 2016 09:42:47 GMT[\r][\n]"
DEBUG: org.apache.http.wire - http-outgoing-12 << "[\r][\n]"
DEBUG: org.apache.http.headers - http-outgoing-12 << HTTP/1.1 200 OK
DEBUG: org.apache.http.headers - http-outgoing-12 << content-type: application/json; charset=UTF-8
DEBUG: org.apache.http.headers - http-outgoing-12 << connection: close
DEBUG: org.apache.http.headers - http-outgoing-12 << content-length: 101
DEBUG: org.apache.http.headers - http-outgoing-12 << server: httpd.js
DEBUG: org.apache.http.headers - http-outgoing-12 << date: Fri, 26 Aug 2016 09:42:47 GMT
DEBUG: org.apache.http.wire - http-outgoing-12 << "{"name":"sendKeysToElement","sessionId":"ef37bd3e-2017-2940-a760-71d500ce28c2","status":0,"value":""}"
DEBUG: org.apache.http.impl.conn.DefaultManagedHttpClientConnection - http-outgoing-12: Close connection
DEBUG: org.apache.http.impl.execchain.MainClientExec - Connection discarded
DEBUG: org.apache.http.impl.conn.PoolingHttpClientConnectionManager - Connection released: [id: 12][route: {}->http://127.0.0.1:7055][total kept alive: 0; route allocated: 0 of 2000; total allocated: 0 of 2000]
DEBUG: org.apache.http.client.protocol.RequestAddCookies - CookieSpec selected: default
DEBUG: org.apache.http.client.protocol.RequestAuthCache - Auth cache not set in the context
DEBUG: org.apache.http.impl.conn.PoolingHttpClientConnectionManager - Connection request: [route: {}->http://127.0.0.1:7055][total kept alive: 0; route allocated: 0 of 2000; total allocated: 0 of 2000]
DEBUG: org.apache.http.impl.conn.PoolingHttpClientConnectionManager - Connection leased: [id: 13][route: {}->http://127.0.0.1:7055][total kept alive: 0; route allocated: 1 of 2000; total allocated: 1 of 2000]
DEBUG: org.apache.http.impl.execchain.MainClientExec - Opening connection {}->http://127.0.0.1:7055
DEBUG: org.apache.http.impl.conn.DefaultHttpClientConnectionOperator - Connecting to /127.0.0.1:7055
DEBUG: org.apache.http.impl.conn.DefaultHttpClientConnectionOperator - Connection established 127.0.0.1:60659<->127.0.0.1:7055
DEBUG: org.apache.http.impl.conn.DefaultManagedHttpClientConnection - http-outgoing-13: set socket timeout to 10800000
DEBUG: org.apache.http.impl.execchain.MainClientExec - Executing request POST /hub/session/ef37bd3e-2017-2940-a760-71d500ce28c2/element HTTP/1.1
DEBUG: org.apache.http.impl.execchain.MainClientExec - Target auth state: UNCHALLENGED
DEBUG: org.apache.http.impl.execchain.MainClientExec - Proxy auth state: UNCHALLENGED
DEBUG: org.apache.http.headers - http-outgoing-13 >> POST /hub/session/ef37bd3e-2017-2940-a760-71d500ce28c2/element HTTP/1.1
DEBUG: org.apache.http.headers - http-outgoing-13 >> Content-Type: application/json; charset=utf-8
DEBUG: org.apache.http.headers - http-outgoing-13 >> Content-Length: 33
DEBUG: org.apache.http.headers - http-outgoing-13 >> Host: 127.0.0.1:7055
DEBUG: org.apache.http.headers - http-outgoing-13 >> Connection: Keep-Alive
DEBUG: org.apache.http.headers - http-outgoing-13 >> User-Agent: Apache-HttpClient/4.5.2 (Java/1.7.0_79)
DEBUG: org.apache.http.headers - http-outgoing-13 >> Accept-Encoding: gzip,deflate
DEBUG: org.apache.http.wire - http-outgoing-13 >> "POST /hub/session/ef37bd3e-2017-2940-a760-71d500ce28c2/element HTTP/1.1[\r][\n]"
DEBUG: org.apache.http.wire - http-outgoing-13 >> "Content-Type: application/json; charset=utf-8[\r][\n]"
DEBUG: org.apache.http.wire - http-outgoing-13 >> "Content-Length: 33[\r][\n]"
DEBUG: org.apache.http.wire - http-outgoing-13 >> "Host: 127.0.0.1:7055[\r][\n]"
DEBUG: org.apache.http.wire - http-outgoing-13 >> "Connection: Keep-Alive[\r][\n]"
DEBUG: org.apache.http.wire - http-outgoing-13 >> "User-Agent: Apache-HttpClient/4.5.2 (Java/1.7.0_79)[\r][\n]"
DEBUG: org.apache.http.wire - http-outgoing-13 >> "Accept-Encoding: gzip,deflate[\r][\n]"
DEBUG: org.apache.http.wire - http-outgoing-13 >> "[\r][\n]"
DEBUG: org.apache.http.wire - http-outgoing-13 >> "{"using":"name","value":"submit"}"
DEBUG: org.apache.http.wire - http-outgoing-13 << "HTTP/1.1 200 OK[\r][\n]"
DEBUG: org.apache.http.wire - http-outgoing-13 << "content-type: application/json; charset=UTF-8[\r][\n]"
DEBUG: org.apache.http.wire - http-outgoing-13 << "connection: close[\r][\n]"
DEBUG: org.apache.http.wire - http-outgoing-13 << "content-length: 224[\r][\n]"
DEBUG: org.apache.http.wire - http-outgoing-13 << "server: httpd.js[\r][\n]"
DEBUG: org.apache.http.wire - http-outgoing-13 << "date: Fri, 26 Aug 2016 09:42:47 GMT[\r][\n]"
DEBUG: org.apache.http.wire - http-outgoing-13 << "[\r][\n]"
DEBUG: org.apache.http.headers - http-outgoing-13 << HTTP/1.1 200 OK
DEBUG: org.apache.http.headers - http-outgoing-13 << content-type: application/json; charset=UTF-8
DEBUG: org.apache.http.headers - http-outgoing-13 << connection: close
DEBUG: org.apache.http.headers - http-outgoing-13 << content-length: 224
DEBUG: org.apache.http.headers - http-outgoing-13 << server: httpd.js
DEBUG: org.apache.http.headers - http-outgoing-13 << date: Fri, 26 Aug 2016 09:42:47 GMT
DEBUG: org.apache.http.wire - http-outgoing-13 << "{"name":"findElement","sessionId":"ef37bd3e-2017-2940-a760-71d500ce28c2","status":0,"value":{"ELEMENT":"{70dc2e84-b954-d845-ab98-8c491dbcef30}","element-6066-11e4-a52e-4f735466cecf":"{70dc2e84-b954-d845-ab98-8c491dbcef30}"}}"
DEBUG: org.apache.http.impl.conn.DefaultManagedHttpClientConnection - http-outgoing-13: Close connection
DEBUG: org.apache.http.impl.execchain.MainClientExec - Connection discarded
DEBUG: org.apache.http.impl.conn.PoolingHttpClientConnectionManager - Connection released: [id: 13][route: {}->http://127.0.0.1:7055][total kept alive: 0; route allocated: 0 of 2000; total allocated: 0 of 2000]
DEBUG: org.apache.http.client.protocol.RequestAddCookies - CookieSpec selected: default
DEBUG: org.apache.http.client.protocol.RequestAuthCache - Auth cache not set in the context
DEBUG: org.apache.http.impl.conn.PoolingHttpClientConnectionManager - Connection request: [route: {}->http://127.0.0.1:7055][total kept alive: 0; route allocated: 0 of 2000; total allocated: 0 of 2000]
DEBUG: org.apache.http.impl.conn.PoolingHttpClientConnectionManager - Connection leased: [id: 14][route: {}->http://127.0.0.1:7055][total kept alive: 0; route allocated: 1 of 2000; total allocated: 1 of 2000]
DEBUG: org.apache.http.impl.execchain.MainClientExec - Opening connection {}->http://127.0.0.1:7055
DEBUG: org.apache.http.impl.conn.DefaultHttpClientConnectionOperator - Connecting to /127.0.0.1:7055
DEBUG: org.apache.http.impl.conn.DefaultHttpClientConnectionOperator - Connection established 127.0.0.1:60660<->127.0.0.1:7055
DEBUG: org.apache.http.impl.conn.DefaultManagedHttpClientConnection - http-outgoing-14: set socket timeout to 10800000
DEBUG: org.apache.http.impl.execchain.MainClientExec - Executing request POST /hub/session/ef37bd3e-2017-2940-a760-71d500ce28c2/element/%7B70dc2e84-b954-d845-ab98-8c491dbcef30%7D/click HTTP/1.1
DEBUG: org.apache.http.impl.execchain.MainClientExec - Target auth state: UNCHALLENGED
DEBUG: org.apache.http.impl.execchain.MainClientExec - Proxy auth state: UNCHALLENGED
DEBUG: org.apache.http.headers - http-outgoing-14 >> POST /hub/session/ef37bd3e-2017-2940-a760-71d500ce28c2/element/%7B70dc2e84-b954-d845-ab98-8c491dbcef30%7D/click HTTP/1.1
DEBUG: org.apache.http.headers - http-outgoing-14 >> Content-Type: application/json; charset=utf-8
DEBUG: org.apache.http.headers - http-outgoing-14 >> Content-Length: 47
DEBUG: org.apache.http.headers - http-outgoing-14 >> Host: 127.0.0.1:7055
DEBUG: org.apache.http.headers - http-outgoing-14 >> Connection: Keep-Alive
DEBUG: org.apache.http.headers - http-outgoing-14 >> User-Agent: Apache-HttpClient/4.5.2 (Java/1.7.0_79)
DEBUG: org.apache.http.headers - http-outgoing-14 >> Accept-Encoding: gzip,deflate
DEBUG: org.apache.http.wire - http-outgoing-14 >> "POST /hub/session/ef37bd3e-2017-2940-a760-71d500ce28c2/element/%7B70dc2e84-b954-d845-ab98-8c491dbcef30%7D/click HTTP/1.1[\r][\n]"
DEBUG: org.apache.http.wire - http-outgoing-14 >> "Content-Type: application/json; charset=utf-8[\r][\n]"
DEBUG: org.apache.http.wire - http-outgoing-14 >> "Content-Length: 47[\r][\n]"
DEBUG: org.apache.http.wire - http-outgoing-14 >> "Host: 127.0.0.1:7055[\r][\n]"
DEBUG: org.apache.http.wire - http-outgoing-14 >> "Connection: Keep-Alive[\r][\n]"
DEBUG: org.apache.http.wire - http-outgoing-14 >> "User-Agent: Apache-HttpClient/4.5.2 (Java/1.7.0_79)[\r][\n]"
DEBUG: org.apache.http.wire - http-outgoing-14 >> "Accept-Encoding: gzip,deflate[\r][\n]"
DEBUG: org.apache.http.wire - http-outgoing-14 >> "[\r][\n]"
DEBUG: org.apache.http.wire - http-outgoing-14 >> "{"id":"{70dc2e84-b954-d845-ab98-8c491dbcef30}"}"
DEBUG: org.apache.http.wire - http-outgoing-14 << "HTTP/1.1 200 OK[\r][\n]"
DEBUG: org.apache.http.wire - http-outgoing-14 << "content-type: application/json; charset=UTF-8[\r][\n]"
DEBUG: org.apache.http.wire - http-outgoing-14 << "connection: close[\r][\n]"
DEBUG: org.apache.http.wire - http-outgoing-14 << "content-length: 98[\r][\n]"
DEBUG: org.apache.http.wire - http-outgoing-14 << "server: httpd.js[\r][\n]"
DEBUG: org.apache.http.wire - http-outgoing-14 << "date: Fri, 26 Aug 2016 09:42:47 GMT[\r][\n]"
DEBUG: org.apache.http.wire - http-outgoing-14 << "[\r][\n]"
DEBUG: org.apache.http.headers - http-outgoing-14 << HTTP/1.1 200 OK
DEBUG: org.apache.http.headers - http-outgoing-14 << content-type: application/json; charset=UTF-8
DEBUG: org.apache.http.headers - http-outgoing-14 << connection: close
DEBUG: org.apache.http.headers - http-outgoing-14 << content-length: 98
DEBUG: org.apache.http.headers - http-outgoing-14 << server: httpd.js
DEBUG: org.apache.http.headers - http-outgoing-14 << date: Fri, 26 Aug 2016 09:42:47 GMT
DEBUG: org.apache.http.wire - http-outgoing-14 << "{"name":"clickElement","sessionId":"ef37bd3e-2017-2940-a760-71d500ce28c2","status":0,"value":"ok"}"
DEBUG: org.apache.http.impl.conn.DefaultManagedHttpClientConnection - http-outgoing-14: Close connection
DEBUG: org.apache.http.impl.execchain.MainClientExec - Connection discarded
DEBUG: org.apache.http.impl.conn.PoolingHttpClientConnectionManager - Connection released: [id: 14][route: {}->http://127.0.0.1:7055][total kept alive: 0; route allocated: 0 of 2000; total allocated: 0 of 2000]
DEBUG: org.apache.http.client.protocol.RequestAddCookies - CookieSpec selected: default
DEBUG: org.apache.http.client.protocol.RequestAuthCache - Auth cache not set in the context
DEBUG: org.apache.http.impl.conn.PoolingHttpClientConnectionManager - Connection request: [route: {}->http://127.0.0.1:7055][total kept alive: 0; route allocated: 0 of 2000; total allocated: 0 of 2000]
DEBUG: org.apache.http.impl.conn.PoolingHttpClientConnectionManager - Connection leased: [id: 15][route: {}->http://127.0.0.1:7055][total kept alive: 0; route allocated: 1 of 2000; total allocated: 1 of 2000]
DEBUG: org.apache.http.impl.execchain.MainClientExec - Opening connection {}->http://127.0.0.1:7055
DEBUG: org.apache.http.impl.conn.DefaultHttpClientConnectionOperator - Connecting to /127.0.0.1:7055
DEBUG: org.apache.http.impl.conn.DefaultHttpClientConnectionOperator - Connection established 127.0.0.1:60662<->127.0.0.1:7055
DEBUG: org.apache.http.impl.conn.DefaultManagedHttpClientConnection - http-outgoing-15: set socket timeout to 10800000
DEBUG: org.apache.http.impl.execchain.MainClientExec - Executing request POST /hub/session/ef37bd3e-2017-2940-a760-71d500ce28c2/element HTTP/1.1
DEBUG: org.apache.http.impl.execchain.MainClientExec - Target auth state: UNCHALLENGED
DEBUG: org.apache.http.impl.execchain.MainClientExec - Proxy auth state: UNCHALLENGED
DEBUG: org.apache.http.headers - http-outgoing-15 >> POST /hub/session/ef37bd3e-2017-2940-a760-71d500ce28c2/element HTTP/1.1
DEBUG: org.apache.http.headers - http-outgoing-15 >> Content-Type: application/json; charset=utf-8
DEBUG: org.apache.http.headers - http-outgoing-15 >> Content-Length: 38
DEBUG: org.apache.http.headers - http-outgoing-15 >> Host: 127.0.0.1:7055
DEBUG: org.apache.http.headers - http-outgoing-15 >> Connection: Keep-Alive
DEBUG: org.apache.http.headers - http-outgoing-15 >> User-Agent: Apache-HttpClient/4.5.2 (Java/1.7.0_79)
DEBUG: org.apache.http.headers - http-outgoing-15 >> Accept-Encoding: gzip,deflate
DEBUG: org.apache.http.wire - http-outgoing-15 >> "POST /hub/session/ef37bd3e-2017-2940-a760-71d500ce28c2/element HTTP/1.1[\r][\n]"
DEBUG: org.apache.http.wire - http-outgoing-15 >> "Content-Type: application/json; charset=utf-8[\r][\n]"
DEBUG: org.apache.http.wire - http-outgoing-15 >> "Content-Length: 38[\r][\n]"
DEBUG: org.apache.http.wire - http-outgoing-15 >> "Host: 127.0.0.1:7055[\r][\n]"
DEBUG: org.apache.http.wire - http-outgoing-15 >> "Connection: Keep-Alive[\r][\n]"
DEBUG: org.apache.http.wire - http-outgoing-15 >> "User-Agent: Apache-HttpClient/4.5.2 (Java/1.7.0_79)[\r][\n]"
DEBUG: org.apache.http.wire - http-outgoing-15 >> "Accept-Encoding: gzip,deflate[\r][\n]"
DEBUG: org.apache.http.wire - http-outgoing-15 >> "[\r][\n]"
DEBUG: org.apache.http.wire - http-outgoing-15 >> "{"using":"class name","value":"error"}"
DEBUG: org.apache.http.wire - http-outgoing-15 << "HTTP/1.1 200 OK[\r][\n]"
DEBUG: org.apache.http.wire - http-outgoing-15 << "content-type: application/json; charset=UTF-8[\r][\n]"
DEBUG: org.apache.http.wire - http-outgoing-15 << "connection: close[\r][\n]"
DEBUG: org.apache.http.wire - http-outgoing-15 << "content-length: 224[\r][\n]"
DEBUG: org.apache.http.wire - http-outgoing-15 << "server: httpd.js[\r][\n]"
DEBUG: org.apache.http.wire - http-outgoing-15 << "date: Fri, 26 Aug 2016 09:42:47 GMT[\r][\n]"
DEBUG: org.apache.http.wire - http-outgoing-15 << "[\r][\n]"
DEBUG: org.apache.http.headers - http-outgoing-15 << HTTP/1.1 200 OK
DEBUG: org.apache.http.headers - http-outgoing-15 << content-type: application/json; charset=UTF-8
DEBUG: org.apache.http.headers - http-outgoing-15 << connection: close
DEBUG: org.apache.http.headers - http-outgoing-15 << content-length: 224
DEBUG: org.apache.http.headers - http-outgoing-15 << server: httpd.js
DEBUG: org.apache.http.headers - http-outgoing-15 << date: Fri, 26 Aug 2016 09:42:47 GMT
DEBUG: org.apache.http.wire - http-outgoing-15 << "{"name":"findElement","sessionId":"ef37bd3e-2017-2940-a760-71d500ce28c2","status":0,"value":{"ELEMENT":"{1c782160-f106-e44b-a54b-0a983f05eaba}","element-6066-11e4-a52e-4f735466cecf":"{1c782160-f106-e44b-a54b-0a983f05eaba}"}}"
DEBUG: org.apache.http.impl.conn.DefaultManagedHttpClientConnection - http-outgoing-15: Close connection
DEBUG: org.apache.http.impl.execchain.MainClientExec - Connection discarded
DEBUG: org.apache.http.impl.conn.PoolingHttpClientConnectionManager - Connection released: [id: 15][route: {}->http://127.0.0.1:7055][total kept alive: 0; route allocated: 0 of 2000; total allocated: 0 of 2000]
DEBUG: org.apache.http.client.protocol.RequestAddCookies - CookieSpec selected: default
DEBUG: org.apache.http.client.protocol.RequestAuthCache - Auth cache not set in the context
DEBUG: org.apache.http.impl.conn.PoolingHttpClientConnectionManager - Connection request: [route: {}->http://127.0.0.1:7055][total kept alive: 0; route allocated: 0 of 2000; total allocated: 0 of 2000]
DEBUG: org.apache.http.impl.conn.PoolingHttpClientConnectionManager - Connection leased: [id: 16][route: {}->http://127.0.0.1:7055][total kept alive: 0; route allocated: 1 of 2000; total allocated: 1 of 2000]
DEBUG: org.apache.http.impl.execchain.MainClientExec - Opening connection {}->http://127.0.0.1:7055
DEBUG: org.apache.http.impl.conn.DefaultHttpClientConnectionOperator - Connecting to /127.0.0.1:7055
DEBUG: org.apache.http.impl.conn.DefaultHttpClientConnectionOperator - Connection established 127.0.0.1:60663<->127.0.0.1:7055
DEBUG: org.apache.http.impl.conn.DefaultManagedHttpClientConnection - http-outgoing-16: set socket timeout to 10800000
DEBUG: org.apache.http.impl.execchain.MainClientExec - Executing request GET /hub/session/ef37bd3e-2017-2940-a760-71d500ce28c2/element/%7B1c782160-f106-e44b-a54b-0a983f05eaba%7D/text HTTP/1.1
DEBUG: org.apache.http.impl.execchain.MainClientExec - Target auth state: UNCHALLENGED
DEBUG: org.apache.http.impl.execchain.MainClientExec - Proxy auth state: UNCHALLENGED
DEBUG: org.apache.http.headers - http-outgoing-16 >> GET /hub/session/ef37bd3e-2017-2940-a760-71d500ce28c2/element/%7B1c782160-f106-e44b-a54b-0a983f05eaba%7D/text HTTP/1.1
DEBUG: org.apache.http.headers - http-outgoing-16 >> Cache-Control: no-cache
DEBUG: org.apache.http.headers - http-outgoing-16 >> Host: 127.0.0.1:7055
DEBUG: org.apache.http.headers - http-outgoing-16 >> Connection: Keep-Alive
DEBUG: org.apache.http.headers - http-outgoing-16 >> User-Agent: Apache-HttpClient/4.5.2 (Java/1.7.0_79)
DEBUG: org.apache.http.headers - http-outgoing-16 >> Accept-Encoding: gzip,deflate
DEBUG: org.apache.http.wire - http-outgoing-16 >> "GET /hub/session/ef37bd3e-2017-2940-a760-71d500ce28c2/element/%7B1c782160-f106-e44b-a54b-0a983f05eaba%7D/text HTTP/1.1[\r][\n]"
DEBUG: org.apache.http.wire - http-outgoing-16 >> "Cache-Control: no-cache[\r][\n]"
DEBUG: org.apache.http.wire - http-outgoing-16 >> "Host: 127.0.0.1:7055[\r][\n]"
DEBUG: org.apache.http.wire - http-outgoing-16 >> "Connection: Keep-Alive[\r][\n]"
DEBUG: org.apache.http.wire - http-outgoing-16 >> "User-Agent: Apache-HttpClient/4.5.2 (Java/1.7.0_79)[\r][\n]"
DEBUG: org.apache.http.wire - http-outgoing-16 >> "Accept-Encoding: gzip,deflate[\r][\n]"
DEBUG: org.apache.http.wire - http-outgoing-16 >> "[\r][\n]"
DEBUG: org.apache.http.wire - http-outgoing-16 << "HTTP/1.1 200 OK[\r][\n]"
DEBUG: org.apache.http.wire - http-outgoing-16 << "content-type: application/json; charset=UTF-8[\r][\n]"
DEBUG: org.apache.http.wire - http-outgoing-16 << "connection: close[\r][\n]"
DEBUG: org.apache.http.wire - http-outgoing-16 << "content-length: 173[\r][\n]"
DEBUG: org.apache.http.wire - http-outgoing-16 << "server: httpd.js[\r][\n]"
DEBUG: org.apache.http.wire - http-outgoing-16 << "date: Fri, 26 Aug 2016 09:42:47 GMT[\r][\n]"
DEBUG: org.apache.http.wire - http-outgoing-16 << "[\r][\n]"
DEBUG: org.apache.http.headers - http-outgoing-16 << HTTP/1.1 200 OK
DEBUG: org.apache.http.headers - http-outgoing-16 << content-type: application/json; charset=UTF-8
DEBUG: org.apache.http.headers - http-outgoing-16 << connection: close
DEBUG: org.apache.http.headers - http-outgoing-16 << content-length: 173
DEBUG: org.apache.http.headers - http-outgoing-16 << server: httpd.js
DEBUG: org.apache.http.headers - http-outgoing-16 << date: Fri, 26 Aug 2016 09:42:47 GMT
DEBUG: org.apache.http.wire - http-outgoing-16 << "{"name":"getElementText","sessionId":"ef37bd3e-2017-2940-a760-71d500ce28c2","status":0,"value":"Your login attempt was not successful, try again.\nCaused : Bad credentials"}"
DEBUG: org.apache.http.impl.conn.DefaultManagedHttpClientConnection - http-outgoing-16: Close connection
DEBUG: org.apache.http.impl.execchain.MainClientExec - Connection discarded
DEBUG: org.apache.http.impl.conn.PoolingHttpClientConnectionManager - Connection released: [id: 16][route: {}->http://127.0.0.1:7055][total kept alive: 0; route allocated: 0 of 2000; total allocated: 0 of 2000]
DEBUG: org.apache.http.client.protocol.RequestAddCookies - CookieSpec selected: default
DEBUG: org.apache.http.client.protocol.RequestAuthCache - Auth cache not set in the context
DEBUG: org.apache.http.impl.conn.PoolingHttpClientConnectionManager - Connection request: [route: {}->http://127.0.0.1:7055][total kept alive: 0; route allocated: 0 of 2000; total allocated: 0 of 2000]
DEBUG: org.apache.http.impl.conn.PoolingHttpClientConnectionManager - Connection leased: [id: 17][route: {}->http://127.0.0.1:7055][total kept alive: 0; route allocated: 1 of 2000; total allocated: 1 of 2000]
DEBUG: org.apache.http.impl.execchain.MainClientExec - Opening connection {}->http://127.0.0.1:7055
DEBUG: org.apache.http.impl.conn.DefaultHttpClientConnectionOperator - Connecting to /127.0.0.1:7055
DEBUG: org.apache.http.impl.conn.DefaultHttpClientConnectionOperator - Connection established 127.0.0.1:60664<->127.0.0.1:7055
DEBUG: org.apache.http.impl.conn.DefaultManagedHttpClientConnection - http-outgoing-17: set socket timeout to 10800000
DEBUG: org.apache.http.impl.execchain.MainClientExec - Executing request POST /hub/session/ef37bd3e-2017-2940-a760-71d500ce28c2/url HTTP/1.1
DEBUG: org.apache.http.impl.execchain.MainClientExec - Target auth state: UNCHALLENGED
DEBUG: org.apache.http.impl.execchain.MainClientExec - Proxy auth state: UNCHALLENGED
DEBUG: org.apache.http.headers - http-outgoing-17 >> POST /hub/session/ef37bd3e-2017-2940-a760-71d500ce28c2/url HTTP/1.1
DEBUG: org.apache.http.headers - http-outgoing-17 >> Content-Type: application/json; charset=utf-8
DEBUG: org.apache.http.headers - http-outgoing-17 >> Content-Length: 32
DEBUG: org.apache.http.headers - http-outgoing-17 >> Host: 127.0.0.1:7055
DEBUG: org.apache.http.headers - http-outgoing-17 >> Connection: Keep-Alive
DEBUG: org.apache.http.headers - http-outgoing-17 >> User-Agent: Apache-HttpClient/4.5.2 (Java/1.7.0_79)
DEBUG: org.apache.http.headers - http-outgoing-17 >> Accept-Encoding: gzip,deflate
DEBUG: org.apache.http.wire - http-outgoing-17 >> "POST /hub/session/ef37bd3e-2017-2940-a760-71d500ce28c2/url HTTP/1.1[\r][\n]"
DEBUG: org.apache.http.wire - http-outgoing-17 >> "Content-Type: application/json; charset=utf-8[\r][\n]"
DEBUG: org.apache.http.wire - http-outgoing-17 >> "Content-Length: 32[\r][\n]"
DEBUG: org.apache.http.wire - http-outgoing-17 >> "Host: 127.0.0.1:7055[\r][\n]"
DEBUG: org.apache.http.wire - http-outgoing-17 >> "Connection: Keep-Alive[\r][\n]"
DEBUG: org.apache.http.wire - http-outgoing-17 >> "User-Agent: Apache-HttpClient/4.5.2 (Java/1.7.0_79)[\r][\n]"
DEBUG: org.apache.http.wire - http-outgoing-17 >> "Accept-Encoding: gzip,deflate[\r][\n]"
DEBUG: org.apache.http.wire - http-outgoing-17 >> "[\r][\n]"
DEBUG: org.apache.http.wire - http-outgoing-17 >> "{"url":"http://localhost:8080/"}"
DEBUG: org.apache.http.wire - http-outgoing-17 << "HTTP/1.1 200 OK[\r][\n]"
DEBUG: org.apache.http.wire - http-outgoing-17 << "content-type: application/json; charset=UTF-8[\r][\n]"
DEBUG: org.apache.http.wire - http-outgoing-17 << "connection: close[\r][\n]"
DEBUG: org.apache.http.wire - http-outgoing-17 << "content-length: 87[\r][\n]"
DEBUG: org.apache.http.wire - http-outgoing-17 << "server: httpd.js[\r][\n]"
DEBUG: org.apache.http.wire - http-outgoing-17 << "date: Fri, 26 Aug 2016 09:42:47 GMT[\r][\n]"
DEBUG: org.apache.http.wire - http-outgoing-17 << "[\r][\n]"
DEBUG: org.apache.http.headers - http-outgoing-17 << HTTP/1.1 200 OK
DEBUG: org.apache.http.headers - http-outgoing-17 << content-type: application/json; charset=UTF-8
DEBUG: org.apache.http.headers - http-outgoing-17 << connection: close
DEBUG: org.apache.http.headers - http-outgoing-17 << content-length: 87
DEBUG: org.apache.http.headers - http-outgoing-17 << server: httpd.js
DEBUG: org.apache.http.headers - http-outgoing-17 << date: Fri, 26 Aug 2016 09:42:47 GMT
[...]
DEBUG: org.apache.http.headers - http-outgoing-112 >> Accept-Encoding: gzip,deflate
DEBUG: org.apache.http.wire - http-outgoing-112 >> "GET /hub/session/ef37bd3e-2017-2940-a760-71d500ce28c2/url HTTP/1.1[\r][\n]"
DEBUG: org.apache.http.wire - http-outgoing-112 >> "Cache-Control: no-cache[\r][\n]"
DEBUG: org.apache.http.wire - http-outgoing-112 >> "Host: 127.0.0.1:7055[\r][\n]"
DEBUG: org.apache.http.wire - http-outgoing-112 >> "Connection: Keep-Alive[\r][\n]"
DEBUG: org.apache.http.wire - http-outgoing-112 >> "User-Agent: Apache-HttpClient/4.5.2 (Java/1.7.0_79)[\r][\n]"
DEBUG: org.apache.http.wire - http-outgoing-112 >> "Accept-Encoding: gzip,deflate[\r][\n]"
DEBUG: org.apache.http.wire - http-outgoing-112 >> "[\r][\n]"
DEBUG: org.apache.http.wire - http-outgoing-112 << "HTTP/1.1 200 OK[\r][\n]"
DEBUG: org.apache.http.wire - http-outgoing-112 << "content-type: application/json; charset=UTF-8[\r][\n]"
DEBUG: org.apache.http.wire - http-outgoing-112 << "connection: close[\r][\n]"
DEBUG: org.apache.http.wire - http-outgoing-112 << "content-length: 124[\r][\n]"
DEBUG: org.apache.http.wire - http-outgoing-112 << "server: httpd.js[\r][\n]"
DEBUG: org.apache.http.wire - http-outgoing-112 << "date: Fri, 26 Aug 2016 09:42:52 GMT[\r][\n]"
DEBUG: org.apache.http.wire - http-outgoing-112 << "[\r][\n]"
DEBUG: org.apache.http.headers - http-outgoing-112 << HTTP/1.1 200 OK
DEBUG: org.apache.http.headers - http-outgoing-112 << content-type: application/json; charset=UTF-8
DEBUG: org.apache.http.headers - http-outgoing-112 << connection: close
DEBUG: org.apache.http.headers - http-outgoing-112 << content-length: 124
DEBUG: org.apache.http.headers - http-outgoing-112 << server: httpd.js
DEBUG: org.apache.http.headers - http-outgoing-112 << date: Fri, 26 Aug 2016 09:42:52 GMT
DEBUG: org.apache.http.wire - http-outgoing-112 << "{"name":"getCurrentUrl","sessionId":"ef37bd3e-2017-2940-a760-71d500ce28c2","status":0,"value":"http://localhost:8080/admin"}"
DEBUG: org.apache.http.impl.conn.DefaultManagedHttpClientConnection - http-outgoing-112: Close connection
DEBUG: org.apache.http.impl.execchain.MainClientExec - Connection discarded
DEBUG: org.apache.http.impl.conn.PoolingHttpClientConnectionManager - Connection released: [id: 112][route: {}->http://127.0.0.1:7055][total kept alive: 0; route allocated: 0 of 2000; total allocated: 0 of 2000]
DEBUG: org.apache.http.client.protocol.RequestAddCookies - CookieSpec selected: default
DEBUG: org.apache.http.client.protocol.RequestAuthCache - Auth cache not set in the context
DEBUG: org.apache.http.impl.conn.PoolingHttpClientConnectionManager - Connection request: [route: {}->http://127.0.0.1:7055][total kept alive: 0; route allocated: 0 of 2000; total allocated: 0 of 2000]
DEBUG: org.apache.http.impl.conn.PoolingHttpClientConnectionManager - Connection leased: [id: 113][route: {}->http://127.0.0.1:7055][total kept alive: 0; route allocated: 1 of 2000; total allocated: 1 of 2000]
DEBUG: org.apache.http.impl.execchain.MainClientExec - Opening connection {}->http://127.0.0.1:7055
DEBUG: org.apache.http.impl.conn.DefaultHttpClientConnectionOperator - Connecting to /127.0.0.1:7055
DEBUG: org.apache.http.impl.conn.DefaultHttpClientConnectionOperator - Connection established 127.0.0.1:60776<->127.0.0.1:7055
DEBUG: org.apache.http.impl.conn.DefaultManagedHttpClientConnection - http-outgoing-113: set socket timeout to 10800000
DEBUG: org.apache.http.impl.execchain.MainClientExec - Executing request POST /hub/session/ef37bd3e-2017-2940-a760-71d500ce28c2/url HTTP/1.1
DEBUG: org.apache.http.impl.execchain.MainClientExec - Target auth state: UNCHALLENGED
DEBUG: org.apache.http.impl.execchain.MainClientExec - Proxy auth state: UNCHALLENGED
DEBUG: org.apache.http.headers - http-outgoing-113 >> POST /hub/session/ef37bd3e-2017-2940-a760-71d500ce28c2/url HTTP/1.1
DEBUG: org.apache.http.headers - http-outgoing-113 >> Content-Type: application/json; charset=utf-8
DEBUG: org.apache.http.headers - http-outgoing-113 >> Content-Length: 54
DEBUG: org.apache.http.headers - http-outgoing-113 >> Host: 127.0.0.1:7055
DEBUG: org.apache.http.headers - http-outgoing-113 >> Connection: Keep-Alive
DEBUG: org.apache.http.headers - http-outgoing-113 >> User-Agent: Apache-HttpClient/4.5.2 (Java/1.7.0_79)
DEBUG: org.apache.http.headers - http-outgoing-113 >> Accept-Encoding: gzip,deflate
DEBUG: org.apache.http.wire - http-outgoing-113 >> "POST /hub/session/ef37bd3e-2017-2940-a760-71d500ce28c2/url HTTP/1.1[\r][\n]"
DEBUG: org.apache.http.wire - http-outgoing-113 >> "Content-Type: application/json; charset=utf-8[\r][\n]"
DEBUG: org.apache.http.wire - http-outgoing-113 >> "Content-Length: 54[\r][\n]"
DEBUG: org.apache.http.wire - http-outgoing-113 >> "Host: 127.0.0.1:7055[\r][\n]"
DEBUG: org.apache.http.wire - http-outgoing-113 >> "Connection: Keep-Alive[\r][\n]"
DEBUG: org.apache.http.wire - http-outgoing-113 >> "User-Agent: Apache-HttpClient/4.5.2 (Java/1.7.0_79)[\r][\n]"
DEBUG: org.apache.http.wire - http-outgoing-113 >> "Accept-Encoding: gzip,deflate[\r][\n]"
DEBUG: org.apache.http.wire - http-outgoing-113 >> "[\r][\n]"
DEBUG: org.apache.http.wire - http-outgoing-113 >> "{"url":"http://localhost:8080/userProfile/Hugo+Huser"}"
DEBUG: org.apache.http.wire - http-outgoing-113 << "HTTP/1.1 200 OK[\r][\n]"
DEBUG: org.apache.http.wire - http-outgoing-113 << "content-type: application/json; charset=UTF-8[\r][\n]"
DEBUG: org.apache.http.wire - http-outgoing-113 << "connection: close[\r][\n]"
DEBUG: org.apache.http.wire - http-outgoing-113 << "content-length: 87[\r][\n]"
DEBUG: org.apache.http.wire - http-outgoing-113 << "server: httpd.js[\r][\n]"
DEBUG: org.apache.http.wire - http-outgoing-113 << "date: Fri, 26 Aug 2016 09:42:52 GMT[\r][\n]"
DEBUG: org.apache.http.wire - http-outgoing-113 << "[\r][\n]"
DEBUG: org.apache.http.headers - http-outgoing-113 << HTTP/1.1 200 OK
DEBUG: org.apache.http.headers - http-outgoing-113 << content-type: application/json; charset=UTF-8
DEBUG: org.apache.http.headers - http-outgoing-113 << connection: close
DEBUG: org.apache.http.headers - http-outgoing-113 << content-length: 87
DEBUG: org.apache.http.headers - http-outgoing-113 << server: httpd.js
DEBUG: org.apache.http.headers - http-outgoing-113 << date: Fri, 26 Aug 2016 09:42:52 GMT
DEBUG: org.apache.http.wire - http-outgoing-113 << "{"name":"get","sessionId":"ef37bd3e-2017-2940-a760-71d500ce28c2","status":0,"value":""}"
DEBUG: org.apache.http.impl.conn.DefaultManagedHttpClientConnection - http-outgoing-113: Close connection
DEBUG: org.apache.http.impl.execchain.MainClientExec - Connection discarded
DEBUG: org.apache.http.impl.conn.PoolingHttpClientConnectionManager - Connection released: [id: 113][route: {}->http://127.0.0.1:7055][total kept alive: 0; route allocated: 0 of 2000; total allocated: 0 of 2000]
DEBUG: org.apache.http.client.protocol.RequestAddCookies - CookieSpec selected: default
DEBUG: org.apache.http.client.protocol.RequestAuthCache - Auth cache not set in the context
DEBUG: org.apache.http.impl.conn.PoolingHttpClientConnectionManager - Connection request: [route: {}->http://127.0.0.1:7055][total kept alive: 0; route allocated: 0 of 2000; total allocated: 0 of 2000]
DEBUG: org.apache.http.impl.conn.PoolingHttpClientConnectionManager - Connection leased: [id: 114][route: {}->http://127.0.0.1:7055][total kept alive: 0; route allocated: 1 of 2000; total allocated: 1 of 2000]
DEBUG: org.apache.http.impl.execchain.MainClientExec - Opening connection {}->http://127.0.0.1:7055
DEBUG: org.apache.http.impl.conn.DefaultHttpClientConnectionOperator - Connecting to /127.0.0.1:7055
DEBUG: org.apache.http.impl.conn.DefaultHttpClientConnectionOperator - Connection established 127.0.0.1:60777<->127.0.0.1:7055
DEBUG: org.apache.http.impl.conn.DefaultManagedHttpClientConnection - http-outgoing-114: set socket timeout to 10800000
DEBUG: org.apache.http.impl.execchain.MainClientExec - Executing request POST /hub/session/ef37bd3e-2017-2940-a760-71d500ce28c2/element HTTP/1.1
DEBUG: org.apache.http.impl.execchain.MainClientExec - Target auth state: UNCHALLENGED
DEBUG: org.apache.http.impl.execchain.MainClientExec - Proxy auth state: UNCHALLENGED
DEBUG: org.apache.http.headers - http-outgoing-114 >> POST /hub/session/ef37bd3e-2017-2940-a760-71d500ce28c2/element HTTP/1.1
DEBUG: org.apache.http.headers - http-outgoing-114 >> Content-Type: application/json; charset=utf-8
DEBUG: org.apache.http.headers - http-outgoing-114 >> Content-Length: 37
DEBUG: org.apache.http.headers - http-outgoing-114 >> Host: 127.0.0.1:7055
DEBUG: org.apache.http.headers - http-outgoing-114 >> Connection: Keep-Alive
DEBUG: org.apache.http.headers - http-outgoing-114 >> User-Agent: Apache-HttpClient/4.5.2 (Java/1.7.0_79)
DEBUG: org.apache.http.headers - http-outgoing-114 >> Accept-Encoding: gzip,deflate
DEBUG: org.apache.http.wire - http-outgoing-114 >> "POST /hub/session/ef37bd3e-2017-2940-a760-71d500ce28c2/element HTTP/1.1[\r][\n]"
DEBUG: org.apache.http.wire - http-outgoing-114 >> "Content-Type: application/json; charset=utf-8[\r][\n]"
DEBUG: org.apache.http.wire - http-outgoing-114 >> "Content-Length: 37[\r][\n]"
DEBUG: org.apache.http.wire - http-outgoing-114 >> "Host: 127.0.0.1:7055[\r][\n]"
DEBUG: org.apache.http.wire - http-outgoing-114 >> "Connection: Keep-Alive[\r][\n]"
DEBUG: org.apache.http.wire - http-outgoing-114 >> "User-Agent: Apache-HttpClient/4.5.2 (Java/1.7.0_79)[\r][\n]"
DEBUG: org.apache.http.wire - http-outgoing-114 >> "Accept-Encoding: gzip,deflate[\r][\n]"
DEBUG: org.apache.http.wire - http-outgoing-114 >> "[\r][\n]"
DEBUG: org.apache.http.wire - http-outgoing-114 >> "{"using":"id","value":"user-details"}"
DEBUG: org.apache.http.wire - http-outgoing-114 << "HTTP/1.1 200 OK[\r][\n]"
DEBUG: org.apache.http.wire - http-outgoing-114 << "content-type: application/json; charset=UTF-8[\r][\n]"
DEBUG: org.apache.http.wire - http-outgoing-114 << "connection: close[\r][\n]"
DEBUG: org.apache.http.wire - http-outgoing-114 << "content-length: 224[\r][\n]"
DEBUG: org.apache.http.wire - http-outgoing-114 << "server: httpd.js[\r][\n]"
DEBUG: org.apache.http.wire - http-outgoing-114 << "date: Fri, 26 Aug 2016 09:42:52 GMT[\r][\n]"
DEBUG: org.apache.http.wire - http-outgoing-114 << "[\r][\n]"
DEBUG: org.apache.http.headers - http-outgoing-114 << HTTP/1.1 200 OK
DEBUG: org.apache.http.headers - http-outgoing-114 << content-type: application/json; charset=UTF-8
DEBUG: org.apache.http.headers - http-outgoing-114 << connection: close
DEBUG: org.apache.http.headers - http-outgoing-114 << content-length: 224
DEBUG: org.apache.http.headers - http-outgoing-114 << server: httpd.js
DEBUG: org.apache.http.headers - http-outgoing-114 << date: Fri, 26 Aug 2016 09:42:52 GMT
DEBUG: org.apache.http.wire - http-outgoing-114 << "{"name":"findElement","sessionId":"ef37bd3e-2017-2940-a760-71d500ce28c2","status":0,"value":{"ELEMENT":"{69f47412-2b48-154b-9bcf-1f3e0b11c203}","element-6066-11e4-a52e-4f735466cecf":"{69f47412-2b48-154b-9bcf-1f3e0b11c203}"}}"
DEBUG: org.apache.http.impl.conn.DefaultManagedHttpClientConnection - http-outgoing-114: Close connection
DEBUG: org.apache.http.impl.execchain.MainClientExec - Connection discarded
DEBUG: org.apache.http.impl.conn.PoolingHttpClientConnectionManager - Connection released: [id: 114][route: {}->http://127.0.0.1:7055][total kept alive: 0; route allocated: 0 of 2000; total allocated: 0 of 2000]
DEBUG: org.apache.http.client.protocol.RequestAddCookies - CookieSpec selected: default
DEBUG: org.apache.http.client.protocol.RequestAuthCache - Auth cache not set in the context
DEBUG: org.apache.http.impl.conn.PoolingHttpClientConnectionManager - Connection request: [route: {}->http://127.0.0.1:7055][total kept alive: 0; route allocated: 0 of 2000; total allocated: 0 of 2000]
DEBUG: org.apache.http.impl.conn.PoolingHttpClientConnectionManager - Connection leased: [id: 115][route: {}->http://127.0.0.1:7055][total kept alive: 0; route allocated: 1 of 2000; total allocated: 1 of 2000]
DEBUG: org.apache.http.impl.execchain.MainClientExec - Opening connection {}->http://127.0.0.1:7055
DEBUG: org.apache.http.impl.conn.DefaultHttpClientConnectionOperator - Connecting to /127.0.0.1:7055
DEBUG: org.apache.http.impl.conn.DefaultHttpClientConnectionOperator - Connection established 127.0.0.1:60778<->127.0.0.1:7055
DEBUG: org.apache.http.impl.conn.DefaultManagedHttpClientConnection - http-outgoing-115: set socket timeout to 10800000
DEBUG: org.apache.http.impl.execchain.MainClientExec - Executing request GET /hub/session/ef37bd3e-2017-2940-a760-71d500ce28c2/element/%7B69f47412-2b48-154b-9bcf-1f3e0b11c203%7D/text HTTP/1.1
DEBUG: org.apache.http.impl.execchain.MainClientExec - Target auth state: UNCHALLENGED
DEBUG: org.apache.http.impl.execchain.MainClientExec - Proxy auth state: UNCHALLENGED
DEBUG: org.apache.http.headers - http-outgoing-115 >> GET /hub/session/ef37bd3e-2017-2940-a760-71d500ce28c2/element/%7B69f47412-2b48-154b-9bcf-1f3e0b11c203%7D/text HTTP/1.1
DEBUG: org.apache.http.headers - http-outgoing-115 >> Cache-Control: no-cache
DEBUG: org.apache.http.headers - http-outgoing-115 >> Host: 127.0.0.1:7055
DEBUG: org.apache.http.headers - http-outgoing-115 >> Connection: Keep-Alive
DEBUG: org.apache.http.headers - http-outgoing-115 >> User-Agent: Apache-HttpClient/4.5.2 (Java/1.7.0_79)
DEBUG: org.apache.http.headers - http-outgoing-115 >> Accept-Encoding: gzip,deflate
DEBUG: org.apache.http.wire - http-outgoing-115 >> "GET /hub/session/ef37bd3e-2017-2940-a760-71d500ce28c2/element/%7B69f47412-2b48-154b-9bcf-1f3e0b11c203%7D/text HTTP/1.1[\r][\n]"
DEBUG: org.apache.http.wire - http-outgoing-115 >> "Cache-Control: no-cache[\r][\n]"
DEBUG: org.apache.http.wire - http-outgoing-115 >> "Host: 127.0.0.1:7055[\r][\n]"
DEBUG: org.apache.http.wire - http-outgoing-115 >> "Connection: Keep-Alive[\r][\n]"
DEBUG: org.apache.http.wire - http-outgoing-115 >> "User-Agent: Apache-HttpClient/4.5.2 (Java/1.7.0_79)[\r][\n]"
DEBUG: org.apache.http.wire - http-outgoing-115 >> "Accept-Encoding: gzip,deflate[\r][\n]"
DEBUG: org.apache.http.wire - http-outgoing-115 >> "[\r][\n]"
DEBUG: org.apache.http.wire - http-outgoing-115 << "HTTP/1.1 200 OK[\r][\n]"
DEBUG: org.apache.http.wire - http-outgoing-115 << "content-type: application/json; charset=UTF-8[\r][\n]"
DEBUG: org.apache.http.wire - http-outgoing-115 << "connection: close[\r][\n]"
DEBUG: org.apache.http.wire - http-outgoing-115 << "content-length: 138[\r][\n]"
DEBUG: org.apache.http.wire - http-outgoing-115 << "server: httpd.js[\r][\n]"
DEBUG: org.apache.http.wire - http-outgoing-115 << "date: Fri, 26 Aug 2016 09:42:52 GMT[\r][\n]"
DEBUG: org.apache.http.wire - http-outgoing-115 << "[\r][\n]"
DEBUG: org.apache.http.headers - http-outgoing-115 << HTTP/1.1 200 OK
DEBUG: org.apache.http.headers - http-outgoing-115 << content-type: application/json; charset=UTF-8
DEBUG: org.apache.http.headers - http-outgoing-115 << connection: close
DEBUG: org.apache.http.headers - http-outgoing-115 << content-length: 138
DEBUG: org.apache.http.headers - http-outgoing-115 << server: httpd.js
DEBUG: org.apache.http.headers - http-outgoing-115 << date: Fri, 26 Aug 2016 09:42:52 GMT
DEBUG: org.apache.http.wire - http-outgoing-115 << "{"name":"getElementText","sessionId":"ef37bd3e-2017-2940-a760-71d500ce28c2","status":0,"value":"Hugo Huser - Hugo-Huser@random-email.com"}"
DEBUG: org.apache.http.impl.conn.DefaultManagedHttpClientConnection - http-outgoing-115: Close connection
DEBUG: org.apache.http.impl.execchain.MainClientExec - Connection discarded
DEBUG: org.apache.http.impl.conn.PoolingHttpClientConnectionManager - Connection released: [id: 115][route: {}->http://127.0.0.1:7055][total kept alive: 0; route allocated: 0 of 2000; total allocated: 0 of 2000]
DEBUG: org.apache.http.client.protocol.RequestAddCookies - CookieSpec selected: default
DEBUG: org.apache.http.client.protocol.RequestAuthCache - Auth cache not set in the context
DEBUG: org.apache.http.impl.conn.PoolingHttpClientConnectionManager - Connection request: [route: {}->http://127.0.0.1:7055][total kept alive: 0; route allocated: 0 of 2000; total allocated: 0 of 2000]
DEBUG: org.apache.http.impl.conn.PoolingHttpClientConnectionManager - Connection leased: [id: 116][route: {}->http://127.0.0.1:7055][total kept alive: 0; route allocated: 1 of 2000; total allocated: 1 of 2000]
DEBUG: org.apache.http.impl.execchain.MainClientExec - Opening connection {}->http://127.0.0.1:7055
DEBUG: org.apache.http.impl.conn.DefaultHttpClientConnectionOperator - Connecting to /127.0.0.1:7055
DEBUG: org.apache.http.impl.conn.DefaultHttpClientConnectionOperator - Connection established 127.0.0.1:60779<->127.0.0.1:7055
DEBUG: org.apache.http.impl.conn.DefaultManagedHttpClientConnection - http-outgoing-116: set socket timeout to 10800000
DEBUG: org.apache.http.impl.execchain.MainClientExec - Executing request DELETE /hub/session/ef37bd3e-2017-2940-a760-71d500ce28c2/window HTTP/1.1
DEBUG: org.apache.http.impl.execchain.MainClientExec - Target auth state: UNCHALLENGED
DEBUG: org.apache.http.impl.execchain.MainClientExec - Proxy auth state: UNCHALLENGED
DEBUG: org.apache.http.headers - http-outgoing-116 >> DELETE /hub/session/ef37bd3e-2017-2940-a760-71d500ce28c2/window HTTP/1.1
DEBUG: org.apache.http.headers - http-outgoing-116 >> Host: 127.0.0.1:7055
DEBUG: org.apache.http.headers - http-outgoing-116 >> Connection: Keep-Alive
DEBUG: org.apache.http.headers - http-outgoing-116 >> User-Agent: Apache-HttpClient/4.5.2 (Java/1.7.0_79)
DEBUG: org.apache.http.headers - http-outgoing-116 >> Accept-Encoding: gzip,deflate
DEBUG: org.apache.http.wire - http-outgoing-116 >> "DELETE /hub/session/ef37bd3e-2017-2940-a760-71d500ce28c2/window HTTP/1.1[\r][\n]"
DEBUG: org.apache.http.wire - http-outgoing-116 >> "Host: 127.0.0.1:7055[\r][\n]"
DEBUG: org.apache.http.wire - http-outgoing-116 >> "Connection: Keep-Alive[\r][\n]"
DEBUG: org.apache.http.wire - http-outgoing-116 >> "User-Agent: Apache-HttpClient/4.5.2 (Java/1.7.0_79)[\r][\n]"
DEBUG: org.apache.http.wire - http-outgoing-116 >> "Accept-Encoding: gzip,deflate[\r][\n]"
DEBUG: org.apache.http.wire - http-outgoing-116 >> "[\r][\n]"
DEBUG: org.apache.http.wire - http-outgoing-116 << "HTTP/1.1 200 OK[\r][\n]"
DEBUG: org.apache.http.wire - http-outgoing-116 << "content-type: application/json; charset=UTF-8[\r][\n]"
DEBUG: org.apache.http.wire - http-outgoing-116 << "connection: close[\r][\n]"
DEBUG: org.apache.http.wire - http-outgoing-116 << "content-length: 89[\r][\n]"
DEBUG: org.apache.http.wire - http-outgoing-116 << "server: httpd.js[\r][\n]"
DEBUG: org.apache.http.wire - http-outgoing-116 << "date: Fri, 26 Aug 2016 09:42:52 GMT[\r][\n]"
DEBUG: org.apache.http.wire - http-outgoing-116 << "[\r][\n]"
DEBUG: org.apache.http.headers - http-outgoing-116 << HTTP/1.1 200 OK
DEBUG: org.apache.http.headers - http-outgoing-116 << content-type: application/json; charset=UTF-8
DEBUG: org.apache.http.headers - http-outgoing-116 << connection: close
DEBUG: org.apache.http.headers - http-outgoing-116 << content-length: 89
DEBUG: org.apache.http.headers - http-outgoing-116 << server: httpd.js
DEBUG: org.apache.http.headers - http-outgoing-116 << date: Fri, 26 Aug 2016 09:42:52 GMT
DEBUG: org.apache.http.wire - http-outgoing-116 << "{"name":"close","sessionId":"ef37bd3e-2017-2940-a760-71d500ce28c2","status":0,"value":""}"
DEBUG: org.apache.http.impl.conn.DefaultManagedHttpClientConnection - http-outgoing-116: Close connection
DEBUG: org.apache.http.impl.execchain.MainClientExec - Connection discarded
DEBUG: org.apache.http.impl.conn.PoolingHttpClientConnectionManager - Connection released: [id: 116][route: {}->http://127.0.0.1:7055][total kept alive: 0; route allocated: 0 of 2000; total allocated: 0 of 2000]
]]></system-out>
  <system-err><![CDATA[SLF4J: Failed to load class "org.slf4j.impl.StaticLoggerBinder".
SLF4J: Defaulting to no-operation (NOP) logger implementation
SLF4J: See http://www.slf4j.org/codes.html#StaticLoggerBinder for further details.
]]></system-err>
</testsuite>
