<?xml version="1.0" encoding="UTF-8"?>
<testsuite name="com.trailblazers.freewheelers.ManageItemsTest" tests="1" skipped="0" failures="0" errors="0" timestamp="2016-08-26T09:42:57" hostname="CNcwzeng.local" time="3.095">
  <properties/>
  <testcase name="shouldCreateAndUpdateItems" classname="com.trailblazers.freewheelers.ManageItemsTest" time="3.095"/>
  <system-out><![CDATA[DEBUG: org.apache.http.client.protocol.RequestAddCookies - CookieSpec selected: default
DEBUG: org.apache.http.client.protocol.RequestAuthCache - Auth cache not set in the context
DEBUG: org.apache.http.impl.conn.PoolingHttpClientConnectionManager - Connection request: [route: {}->http://127.0.0.1:7057][total kept alive: 0; route allocated: 0 of 2000; total allocated: 0 of 2000]
DEBUG: org.apache.http.impl.conn.PoolingHttpClientConnectionManager - Connection leased: [id: 122][route: {}->http://127.0.0.1:7057][total kept alive: 0; route allocated: 1 of 2000; total allocated: 1 of 2000]
DEBUG: org.apache.http.impl.execchain.MainClientExec - Opening connection {}->http://127.0.0.1:7057
DEBUG: org.apache.http.impl.conn.DefaultHttpClientConnectionOperator - Connecting to /127.0.0.1:7057
DEBUG: org.apache.http.impl.conn.DefaultHttpClientConnectionOperator - Connection established 127.0.0.1:60838<->127.0.0.1:7057
DEBUG: org.apache.http.impl.conn.DefaultManagedHttpClientConnection - http-outgoing-122: set socket timeout to 10800000
DEBUG: org.apache.http.impl.execchain.MainClientExec - Executing request POST /hub/session HTTP/1.1
DEBUG: org.apache.http.impl.execchain.MainClientExec - Target auth state: UNCHALLENGED
DEBUG: org.apache.http.impl.execchain.MainClientExec - Proxy auth state: UNCHALLENGED
DEBUG: org.apache.http.headers - http-outgoing-122 >> POST /hub/session HTTP/1.1
DEBUG: org.apache.http.headers - http-outgoing-122 >> Content-Type: application/json; charset=utf-8
DEBUG: org.apache.http.headers - http-outgoing-122 >> Content-Length: 105
DEBUG: org.apache.http.headers - http-outgoing-122 >> Host: 127.0.0.1:7057
DEBUG: org.apache.http.headers - http-outgoing-122 >> Connection: Keep-Alive
DEBUG: org.apache.http.headers - http-outgoing-122 >> User-Agent: Apache-HttpClient/4.5.2 (Java/1.7.0_79)
DEBUG: org.apache.http.headers - http-outgoing-122 >> Accept-Encoding: gzip,deflate
DEBUG: org.apache.http.wire - http-outgoing-122 >> "POST /hub/session HTTP/1.1[\r][\n]"
DEBUG: org.apache.http.wire - http-outgoing-122 >> "Content-Type: application/json; charset=utf-8[\r][\n]"
DEBUG: org.apache.http.wire - http-outgoing-122 >> "Content-Length: 105[\r][\n]"
DEBUG: org.apache.http.wire - http-outgoing-122 >> "Host: 127.0.0.1:7057[\r][\n]"
DEBUG: org.apache.http.wire - http-outgoing-122 >> "Connection: Keep-Alive[\r][\n]"
DEBUG: org.apache.http.wire - http-outgoing-122 >> "User-Agent: Apache-HttpClient/4.5.2 (Java/1.7.0_79)[\r][\n]"
DEBUG: org.apache.http.wire - http-outgoing-122 >> "Accept-Encoding: gzip,deflate[\r][\n]"
DEBUG: org.apache.http.wire - http-outgoing-122 >> "[\r][\n]"
DEBUG: org.apache.http.wire - http-outgoing-122 >> "{"desiredCapabilities":{"platform":"ANY","browserName":"firefox","version":""},"requiredCapabilities":{}}"
DEBUG: org.apache.http.wire - http-outgoing-122 << "HTTP/1.1 200 OK[\r][\n]"
DEBUG: org.apache.http.wire - http-outgoing-122 << "content-type: application/json; charset=UTF-8[\r][\n]"
DEBUG: org.apache.http.wire - http-outgoing-122 << "connection: close[\r][\n]"
DEBUG: org.apache.http.wire - http-outgoing-122 << "content-length: 422[\r][\n]"
DEBUG: org.apache.http.wire - http-outgoing-122 << "server: httpd.js[\r][\n]"
DEBUG: org.apache.http.wire - http-outgoing-122 << "date: Fri, 26 Aug 2016 09:42:57 GMT[\r][\n]"
DEBUG: org.apache.http.wire - http-outgoing-122 << "[\r][\n]"
DEBUG: org.apache.http.headers - http-outgoing-122 << HTTP/1.1 200 OK
DEBUG: org.apache.http.headers - http-outgoing-122 << content-type: application/json; charset=UTF-8
DEBUG: org.apache.http.headers - http-outgoing-122 << connection: close
DEBUG: org.apache.http.headers - http-outgoing-122 << content-length: 422
DEBUG: org.apache.http.headers - http-outgoing-122 << server: httpd.js
DEBUG: org.apache.http.headers - http-outgoing-122 << date: Fri, 26 Aug 2016 09:42:57 GMT
DEBUG: org.apache.http.wire - http-outgoing-122 << "{"name":"newSession","sessionId":"2ee26769-3d37-b245-8426-d47429148238","status":0,"value":{"cssSelectorsEnabled":true,"browserName":"firefox","handlesAlerts":true,"javascriptEnabled":true,"nativeEvents":false,"platform":"Darwin","rotatable":false,"takesScreenshot":true,"version":"47.0.1","webStorageEnabled":true,"applicationCacheEnabled":true,"databaseEnabled":true,"locationContextEnabled":true,"acceptSslCerts":true}}"
DEBUG: org.apache.http.impl.conn.DefaultManagedHttpClientConnection - http-outgoing-122: Close connection
DEBUG: org.apache.http.impl.execchain.MainClientExec - Connection discarded
DEBUG: org.apache.http.impl.conn.PoolingHttpClientConnectionManager - Connection released: [id: 122][route: {}->http://127.0.0.1:7057][total kept alive: 0; route allocated: 0 of 2000; total allocated: 0 of 2000]
DEBUG: org.apache.http.client.protocol.RequestAddCookies - CookieSpec selected: default
DEBUG: org.apache.http.client.protocol.RequestAuthCache - Auth cache not set in the context
DEBUG: org.apache.http.impl.conn.PoolingHttpClientConnectionManager - Connection request: [route: {}->http://127.0.0.1:7057][total kept alive: 0; route allocated: 0 of 2000; total allocated: 0 of 2000]
DEBUG: org.apache.http.impl.conn.PoolingHttpClientConnectionManager - Connection leased: [id: 123][route: {}->http://127.0.0.1:7057][total kept alive: 0; route allocated: 1 of 2000; total allocated: 1 of 2000]
DEBUG: org.apache.http.impl.execchain.MainClientExec - Opening connection {}->http://127.0.0.1:7057
DEBUG: org.apache.http.impl.conn.DefaultHttpClientConnectionOperator - Connecting to /127.0.0.1:7057
DEBUG: org.apache.http.impl.conn.DefaultHttpClientConnectionOperator - Connection established 127.0.0.1:60841<->127.0.0.1:7057
DEBUG: org.apache.http.impl.conn.DefaultManagedHttpClientConnection - http-outgoing-123: set socket timeout to 10800000
DEBUG: org.apache.http.impl.execchain.MainClientExec - Executing request GET /hub/session/2ee26769-3d37-b245-8426-d47429148238/window_handle HTTP/1.1
DEBUG: org.apache.http.impl.execchain.MainClientExec - Target auth state: UNCHALLENGED
DEBUG: org.apache.http.impl.execchain.MainClientExec - Proxy auth state: UNCHALLENGED
DEBUG: org.apache.http.headers - http-outgoing-123 >> GET /hub/session/2ee26769-3d37-b245-8426-d47429148238/window_handle HTTP/1.1
DEBUG: org.apache.http.headers - http-outgoing-123 >> Cache-Control: no-cache
DEBUG: org.apache.http.headers - http-outgoing-123 >> Host: 127.0.0.1:7057
DEBUG: org.apache.http.headers - http-outgoing-123 >> Connection: Keep-Alive
DEBUG: org.apache.http.headers - http-outgoing-123 >> User-Agent: Apache-HttpClient/4.5.2 (Java/1.7.0_79)
DEBUG: org.apache.http.headers - http-outgoing-123 >> Accept-Encoding: gzip,deflate
DEBUG: org.apache.http.wire - http-outgoing-123 >> "GET /hub/session/2ee26769-3d37-b245-8426-d47429148238/window_handle HTTP/1.1[\r][\n]"
DEBUG: org.apache.http.wire - http-outgoing-123 >> "Cache-Control: no-cache[\r][\n]"
DEBUG: org.apache.http.wire - http-outgoing-123 >> "Host: 127.0.0.1:7057[\r][\n]"
DEBUG: org.apache.http.wire - http-outgoing-123 >> "Connection: Keep-Alive[\r][\n]"
DEBUG: org.apache.http.wire - http-outgoing-123 >> "User-Agent: Apache-HttpClient/4.5.2 (Java/1.7.0_79)[\r][\n]"
DEBUG: org.apache.http.wire - http-outgoing-123 >> "Accept-Encoding: gzip,deflate[\r][\n]"
DEBUG: org.apache.http.wire - http-outgoing-123 >> "[\r][\n]"
DEBUG: org.apache.http.wire - http-outgoing-123 << "HTTP/1.1 200 OK[\r][\n]"
DEBUG: org.apache.http.wire - http-outgoing-123 << "content-type: application/json; charset=UTF-8[\r][\n]"
DEBUG: org.apache.http.wire - http-outgoing-123 << "connection: close[\r][\n]"
DEBUG: org.apache.http.wire - http-outgoing-123 << "content-length: 144[\r][\n]"
DEBUG: org.apache.http.wire - http-outgoing-123 << "server: httpd.js[\r][\n]"
DEBUG: org.apache.http.wire - http-outgoing-123 << "date: Fri, 26 Aug 2016 09:42:57 GMT[\r][\n]"
DEBUG: org.apache.http.wire - http-outgoing-123 << "[\r][\n]"
DEBUG: org.apache.http.headers - http-outgoing-123 << HTTP/1.1 200 OK
DEBUG: org.apache.http.headers - http-outgoing-123 << content-type: application/json; charset=UTF-8
DEBUG: org.apache.http.headers - http-outgoing-123 << connection: close
DEBUG: org.apache.http.headers - http-outgoing-123 << content-length: 144
DEBUG: org.apache.http.headers - http-outgoing-123 << server: httpd.js
DEBUG: org.apache.http.headers - http-outgoing-123 << date: Fri, 26 Aug 2016 09:42:57 GMT
DEBUG: org.apache.http.wire - http-outgoing-123 << "{"name":"getCurrentWindowHandle","sessionId":"2ee26769-3d37-b245-8426-d47429148238","status":0,"value":"{d3e40084-ab8b-2b46-990f-6aefdf8fac60}"}"
DEBUG: org.apache.http.impl.conn.DefaultManagedHttpClientConnection - http-outgoing-123: Close connection
DEBUG: org.apache.http.impl.execchain.MainClientExec - Connection discarded
DEBUG: org.apache.http.impl.conn.PoolingHttpClientConnectionManager - Connection released: [id: 123][route: {}->http://127.0.0.1:7057][total kept alive: 0; route allocated: 0 of 2000; total allocated: 0 of 2000]
DEBUG: org.apache.http.client.protocol.RequestAddCookies - CookieSpec selected: default
DEBUG: org.apache.http.client.protocol.RequestAuthCache - Auth cache not set in the context
DEBUG: org.apache.http.impl.conn.PoolingHttpClientConnectionManager - Connection request: [route: {}->http://127.0.0.1:7057][total kept alive: 0; route allocated: 0 of 2000; total allocated: 0 of 2000]
DEBUG: org.apache.http.impl.conn.PoolingHttpClientConnectionManager - Connection leased: [id: 124][route: {}->http://127.0.0.1:7057][total kept alive: 0; route allocated: 1 of 2000; total allocated: 1 of 2000]
DEBUG: org.apache.http.impl.execchain.MainClientExec - Opening connection {}->http://127.0.0.1:7057
DEBUG: org.apache.http.impl.conn.DefaultHttpClientConnectionOperator - Connecting to /127.0.0.1:7057
DEBUG: org.apache.http.impl.conn.DefaultHttpClientConnectionOperator - Connection established 127.0.0.1:60842<->127.0.0.1:7057
DEBUG: org.apache.http.impl.conn.DefaultManagedHttpClientConnection - http-outgoing-124: set socket timeout to 10800000
DEBUG: org.apache.http.impl.execchain.MainClientExec - Executing request GET /hub/session/2ee26769-3d37-b245-8426-d47429148238/window_handle HTTP/1.1
DEBUG: org.apache.http.impl.execchain.MainClientExec - Target auth state: UNCHALLENGED
DEBUG: org.apache.http.impl.execchain.MainClientExec - Proxy auth state: UNCHALLENGED
DEBUG: org.apache.http.headers - http-outgoing-124 >> GET /hub/session/2ee26769-3d37-b245-8426-d47429148238/window_handle HTTP/1.1
DEBUG: org.apache.http.headers - http-outgoing-124 >> Cache-Control: no-cache
DEBUG: org.apache.http.headers - http-outgoing-124 >> Host: 127.0.0.1:7057
DEBUG: org.apache.http.headers - http-outgoing-124 >> Connection: Keep-Alive
DEBUG: org.apache.http.headers - http-outgoing-124 >> User-Agent: Apache-HttpClient/4.5.2 (Java/1.7.0_79)
DEBUG: org.apache.http.headers - http-outgoing-124 >> Accept-Encoding: gzip,deflate
DEBUG: org.apache.http.wire - http-outgoing-124 >> "GET /hub/session/2ee26769-3d37-b245-8426-d47429148238/window_handle HTTP/1.1[\r][\n]"
DEBUG: org.apache.http.wire - http-outgoing-124 >> "Cache-Control: no-cache[\r][\n]"
DEBUG: org.apache.http.wire - http-outgoing-124 >> "Host: 127.0.0.1:7057[\r][\n]"
DEBUG: org.apache.http.wire - http-outgoing-124 >> "Connection: Keep-Alive[\r][\n]"
DEBUG: org.apache.http.wire - http-outgoing-124 >> "User-Agent: Apache-HttpClient/4.5.2 (Java/1.7.0_79)[\r][\n]"
DEBUG: org.apache.http.wire - http-outgoing-124 >> "Accept-Encoding: gzip,deflate[\r][\n]"
DEBUG: org.apache.http.wire - http-outgoing-124 >> "[\r][\n]"
DEBUG: org.apache.http.wire - http-outgoing-124 << "HTTP/1.1 200 OK[\r][\n]"
DEBUG: org.apache.http.wire - http-outgoing-124 << "content-type: application/json; charset=UTF-8[\r][\n]"
DEBUG: org.apache.http.wire - http-outgoing-124 << "connection: close[\r][\n]"
DEBUG: org.apache.http.wire - http-outgoing-124 << "content-length: 144[\r][\n]"
DEBUG: org.apache.http.wire - http-outgoing-124 << "server: httpd.js[\r][\n]"
DEBUG: org.apache.http.wire - http-outgoing-124 << "date: Fri, 26 Aug 2016 09:42:57 GMT[\r][\n]"
DEBUG: org.apache.http.wire - http-outgoing-124 << "[\r][\n]"
DEBUG: org.apache.http.headers - http-outgoing-124 << HTTP/1.1 200 OK
DEBUG: org.apache.http.headers - http-outgoing-124 << content-type: application/json; charset=UTF-8
DEBUG: org.apache.http.headers - http-outgoing-124 << connection: close
DEBUG: org.apache.http.headers - http-outgoing-124 << content-length: 144
DEBUG: org.apache.http.headers - http-outgoing-124 << server: httpd.js
DEBUG: org.apache.http.headers - http-outgoing-124 << date: Fri, 26 Aug 2016 09:42:57 GMT
DEBUG: org.apache.http.wire - http-outgoing-124 << "{"name":"getCurrentWindowHandle","sessionId":"2ee26769-3d37-b245-8426-d47429148238","status":0,"value":"{d3e40084-ab8b-2b46-990f-6aefdf8fac60}"}"
DEBUG: org.apache.http.impl.conn.DefaultManagedHttpClientConnection - http-outgoing-124: Close connection
DEBUG: org.apache.http.impl.execchain.MainClientExec - Connection discarded
DEBUG: org.apache.http.impl.conn.PoolingHttpClientConnectionManager - Connection released: [id: 124][route: {}->http://127.0.0.1:7057][total kept alive: 0; route allocated: 0 of 2000; total allocated: 0 of 2000]
DEBUG: org.apache.http.client.protocol.RequestAddCookies - CookieSpec selected: default
DEBUG: org.apache.http.client.protocol.RequestAuthCache - Auth cache not set in the context
DEBUG: org.apache.http.impl.conn.PoolingHttpClientConnectionManager - Connection request: [route: {}->http://127.0.0.1:7057][total kept alive: 0; route allocated: 0 of 2000; total allocated: 0 of 2000]
DEBUG: org.apache.http.impl.conn.PoolingHttpClientConnectionManager - Connection leased: [id: 125][route: {}->http://127.0.0.1:7057][total kept alive: 0; route allocated: 1 of 2000; total allocated: 1 of 2000]
DEBUG: org.apache.http.impl.execchain.MainClientExec - Opening connection {}->http://127.0.0.1:7057
DEBUG: org.apache.http.impl.conn.DefaultHttpClientConnectionOperator - Connecting to /127.0.0.1:7057
DEBUG: org.apache.http.impl.conn.DefaultHttpClientConnectionOperator - Connection established 127.0.0.1:60843<->127.0.0.1:7057
DEBUG: org.apache.http.impl.conn.DefaultManagedHttpClientConnection - http-outgoing-125: set socket timeout to 10800000
DEBUG: org.apache.http.impl.execchain.MainClientExec - Executing request GET /hub/session/2ee26769-3d37-b245-8426-d47429148238/window_handle HTTP/1.1
DEBUG: org.apache.http.impl.execchain.MainClientExec - Target auth state: UNCHALLENGED
DEBUG: org.apache.http.impl.execchain.MainClientExec - Proxy auth state: UNCHALLENGED
DEBUG: org.apache.http.headers - http-outgoing-125 >> GET /hub/session/2ee26769-3d37-b245-8426-d47429148238/window_handle HTTP/1.1
DEBUG: org.apache.http.headers - http-outgoing-125 >> Cache-Control: no-cache
DEBUG: org.apache.http.headers - http-outgoing-125 >> Host: 127.0.0.1:7057
DEBUG: org.apache.http.headers - http-outgoing-125 >> Connection: Keep-Alive
DEBUG: org.apache.http.headers - http-outgoing-125 >> User-Agent: Apache-HttpClient/4.5.2 (Java/1.7.0_79)
DEBUG: org.apache.http.headers - http-outgoing-125 >> Accept-Encoding: gzip,deflate
DEBUG: org.apache.http.wire - http-outgoing-125 >> "GET /hub/session/2ee26769-3d37-b245-8426-d47429148238/window_handle HTTP/1.1[\r][\n]"
DEBUG: org.apache.http.wire - http-outgoing-125 >> "Cache-Control: no-cache[\r][\n]"
DEBUG: org.apache.http.wire - http-outgoing-125 >> "Host: 127.0.0.1:7057[\r][\n]"
DEBUG: org.apache.http.wire - http-outgoing-125 >> "Connection: Keep-Alive[\r][\n]"
DEBUG: org.apache.http.wire - http-outgoing-125 >> "User-Agent: Apache-HttpClient/4.5.2 (Java/1.7.0_79)[\r][\n]"
DEBUG: org.apache.http.wire - http-outgoing-125 >> "Accept-Encoding: gzip,deflate[\r][\n]"
DEBUG: org.apache.http.wire - http-outgoing-125 >> "[\r][\n]"
DEBUG: org.apache.http.wire - http-outgoing-125 << "HTTP/1.1 200 OK[\r][\n]"
DEBUG: org.apache.http.wire - http-outgoing-125 << "content-type: application/json; charset=UTF-8[\r][\n]"
DEBUG: org.apache.http.wire - http-outgoing-125 << "connection: close[\r][\n]"
DEBUG: org.apache.http.wire - http-outgoing-125 << "content-length: 144[\r][\n]"
DEBUG: org.apache.http.wire - http-outgoing-125 << "server: httpd.js[\r][\n]"
DEBUG: org.apache.http.wire - http-outgoing-125 << "date: Fri, 26 Aug 2016 09:42:57 GMT[\r][\n]"
DEBUG: org.apache.http.wire - http-outgoing-125 << "[\r][\n]"
DEBUG: org.apache.http.headers - http-outgoing-125 << HTTP/1.1 200 OK
DEBUG: org.apache.http.headers - http-outgoing-125 << content-type: application/json; charset=UTF-8
DEBUG: org.apache.http.headers - http-outgoing-125 << connection: close
DEBUG: org.apache.http.headers - http-outgoing-125 << content-length: 144
DEBUG: org.apache.http.headers - http-outgoing-125 << server: httpd.js
DEBUG: org.apache.http.headers - http-outgoing-125 << date: Fri, 26 Aug 2016 09:42:57 GMT
DEBUG: org.apache.http.wire - http-outgoing-125 << "{"name":"getCurrentWindowHandle","sessionId":"2ee26769-3d37-b245-8426-d47429148238","status":0,"value":"{d3e40084-ab8b-2b46-990f-6aefdf8fac60}"}"
DEBUG: org.apache.http.impl.conn.DefaultManagedHttpClientConnection - http-outgoing-125: Close connection
DEBUG: org.apache.http.impl.execchain.MainClientExec - Connection discarded
DEBUG: org.apache.http.impl.conn.PoolingHttpClientConnectionManager - Connection released: [id: 125][route: {}->http://127.0.0.1:7057][total kept alive: 0; route allocated: 0 of 2000; total allocated: 0 of 2000]
DEBUG: org.apache.http.client.protocol.RequestAddCookies - CookieSpec selected: default
DEBUG: org.apache.http.client.protocol.RequestAuthCache - Auth cache not set in the context
DEBUG: org.apache.http.impl.conn.PoolingHttpClientConnectionManager - Connection request: [route: {}->http://127.0.0.1:7057][total kept alive: 0; route allocated: 0 of 2000; total allocated: 0 of 2000]
DEBUG: org.apache.http.impl.conn.PoolingHttpClientConnectionManager - Connection leased: [id: 126][route: {}->http://127.0.0.1:7057][total kept alive: 0; route allocated: 1 of 2000; total allocated: 1 of 2000]
DEBUG: org.apache.http.impl.execchain.MainClientExec - Opening connection {}->http://127.0.0.1:7057
DEBUG: org.apache.http.impl.conn.DefaultHttpClientConnectionOperator - Connecting to /127.0.0.1:7057
DEBUG: org.apache.http.impl.conn.DefaultHttpClientConnectionOperator - Connection established 127.0.0.1:60846<->127.0.0.1:7057
DEBUG: org.apache.http.impl.conn.DefaultManagedHttpClientConnection - http-outgoing-126: set socket timeout to 10800000
DEBUG: org.apache.http.impl.execchain.MainClientExec - Executing request POST /hub/session/2ee26769-3d37-b245-8426-d47429148238/url HTTP/1.1
DEBUG: org.apache.http.impl.execchain.MainClientExec - Target auth state: UNCHALLENGED
DEBUG: org.apache.http.impl.execchain.MainClientExec - Proxy auth state: UNCHALLENGED
DEBUG: org.apache.http.headers - http-outgoing-126 >> POST /hub/session/2ee26769-3d37-b245-8426-d47429148238/url HTTP/1.1
DEBUG: org.apache.http.headers - http-outgoing-126 >> Content-Type: application/json; charset=utf-8
DEBUG: org.apache.http.headers - http-outgoing-126 >> Content-Length: 37
DEBUG: org.apache.http.headers - http-outgoing-126 >> Host: 127.0.0.1:7057
DEBUG: org.apache.http.headers - http-outgoing-126 >> Connection: Keep-Alive
DEBUG: org.apache.http.headers - http-outgoing-126 >> User-Agent: Apache-HttpClient/4.5.2 (Java/1.7.0_79)
DEBUG: org.apache.http.headers - http-outgoing-126 >> Accept-Encoding: gzip,deflate
DEBUG: org.apache.http.wire - http-outgoing-126 >> "POST /hub/session/2ee26769-3d37-b245-8426-d47429148238/url HTTP/1.1[\r][\n]"
DEBUG: org.apache.http.wire - http-outgoing-126 >> "Content-Type: application/json; charset=utf-8[\r][\n]"
DEBUG: org.apache.http.wire - http-outgoing-126 >> "Content-Length: 37[\r][\n]"
DEBUG: org.apache.http.wire - http-outgoing-126 >> "Host: 127.0.0.1:7057[\r][\n]"
DEBUG: org.apache.http.wire - http-outgoing-126 >> "Connection: Keep-Alive[\r][\n]"
DEBUG: org.apache.http.wire - http-outgoing-126 >> "User-Agent: Apache-HttpClient/4.5.2 (Java/1.7.0_79)[\r][\n]"
DEBUG: org.apache.http.wire - http-outgoing-126 >> "Accept-Encoding: gzip,deflate[\r][\n]"
DEBUG: org.apache.http.wire - http-outgoing-126 >> "[\r][\n]"
DEBUG: org.apache.http.wire - http-outgoing-126 >> "{"url":"http://localhost:8080/login"}"
DEBUG: org.apache.http.wire - http-outgoing-126 << "HTTP/1.1 200 OK[\r][\n]"
DEBUG: org.apache.http.wire - http-outgoing-126 << "content-type: application/json; charset=UTF-8[\r][\n]"
DEBUG: org.apache.http.wire - http-outgoing-126 << "connection: close[\r][\n]"
DEBUG: org.apache.http.wire - http-outgoing-126 << "content-length: 87[\r][\n]"
DEBUG: org.apache.http.wire - http-outgoing-126 << "server: httpd.js[\r][\n]"
DEBUG: org.apache.http.wire - http-outgoing-126 << "date: Fri, 26 Aug 2016 09:42:58 GMT[\r][\n]"
DEBUG: org.apache.http.wire - http-outgoing-126 << "[\r][\n]"
DEBUG: org.apache.http.headers - http-outgoing-126 << HTTP/1.1 200 OK
DEBUG: org.apache.http.headers - http-outgoing-126 << content-type: application/json; charset=UTF-8
DEBUG: org.apache.http.headers - http-outgoing-126 << connection: close
DEBUG: org.apache.http.headers - http-outgoing-126 << content-length: 87
DEBUG: org.apache.http.headers - http-outgoing-126 << server: httpd.js
DEBUG: org.apache.http.headers - http-outgoing-126 << date: Fri, 26 Aug 2016 09:42:58 GMT
DEBUG: org.apache.http.wire - http-outgoing-126 << "{"name":"get","sessionId":"2ee26769-3d37-b245-8426-d47429148238","status":0,"value":""}"
DEBUG: org.apache.http.impl.conn.DefaultManagedHttpClientConnection - http-outgoing-126: Close connection
DEBUG: org.apache.http.impl.execchain.MainClientExec - Connection discarded
DEBUG: org.apache.http.impl.conn.PoolingHttpClientConnectionManager - Connection released: [id: 126][route: {}->http://127.0.0.1:7057][total kept alive: 0; route allocated: 0 of 2000; total allocated: 0 of 2000]
DEBUG: org.apache.http.client.protocol.RequestAddCookies - CookieSpec selected: default
DEBUG: org.apache.http.client.protocol.RequestAuthCache - Auth cache not set in the context
DEBUG: org.apache.http.impl.conn.PoolingHttpClientConnectionManager - Connection request: [route: {}->http://127.0.0.1:7057][total kept alive: 0; route allocated: 0 of 2000; total allocated: 0 of 2000]
DEBUG: org.apache.http.impl.conn.PoolingHttpClientConnectionManager - Connection leased: [id: 127][route: {}->http://127.0.0.1:7057][total kept alive: 0; route allocated: 1 of 2000; total allocated: 1 of 2000]
DEBUG: org.apache.http.impl.execchain.MainClientExec - Opening connection {}->http://127.0.0.1:7057
DEBUG: org.apache.http.impl.conn.DefaultHttpClientConnectionOperator - Connecting to /127.0.0.1:7057
DEBUG: org.apache.http.impl.conn.DefaultHttpClientConnectionOperator - Connection established 127.0.0.1:60852<->127.0.0.1:7057
DEBUG: org.apache.http.impl.conn.DefaultManagedHttpClientConnection - http-outgoing-127: set socket timeout to 10800000
DEBUG: org.apache.http.impl.execchain.MainClientExec - Executing request POST /hub/session/2ee26769-3d37-b245-8426-d47429148238/element HTTP/1.1
DEBUG: org.apache.http.impl.execchain.MainClientExec - Target auth state: UNCHALLENGED
DEBUG: org.apache.http.impl.execchain.MainClientExec - Proxy auth state: UNCHALLENGED
DEBUG: org.apache.http.headers - http-outgoing-127 >> POST /hub/session/2ee26769-3d37-b245-8426-d47429148238/element HTTP/1.1
DEBUG: org.apache.http.headers - http-outgoing-127 >> Content-Type: application/json; charset=utf-8
DEBUG: org.apache.http.headers - http-outgoing-127 >> Content-Length: 37
DEBUG: org.apache.http.headers - http-outgoing-127 >> Host: 127.0.0.1:7057
DEBUG: org.apache.http.headers - http-outgoing-127 >> Connection: Keep-Alive
DEBUG: org.apache.http.headers - http-outgoing-127 >> User-Agent: Apache-HttpClient/4.5.2 (Java/1.7.0_79)
DEBUG: org.apache.http.headers - http-outgoing-127 >> Accept-Encoding: gzip,deflate
DEBUG: org.apache.http.wire - http-outgoing-127 >> "POST /hub/session/2ee26769-3d37-b245-8426-d47429148238/element HTTP/1.1[\r][\n]"
DEBUG: org.apache.http.wire - http-outgoing-127 >> "Content-Type: application/json; charset=utf-8[\r][\n]"
DEBUG: org.apache.http.wire - http-outgoing-127 >> "Content-Length: 37[\r][\n]"
DEBUG: org.apache.http.wire - http-outgoing-127 >> "Host: 127.0.0.1:7057[\r][\n]"
DEBUG: org.apache.http.wire - http-outgoing-127 >> "Connection: Keep-Alive[\r][\n]"
DEBUG: org.apache.http.wire - http-outgoing-127 >> "User-Agent: Apache-HttpClient/4.5.2 (Java/1.7.0_79)[\r][\n]"
DEBUG: org.apache.http.wire - http-outgoing-127 >> "Accept-Encoding: gzip,deflate[\r][\n]"
DEBUG: org.apache.http.wire - http-outgoing-127 >> "[\r][\n]"
DEBUG: org.apache.http.wire - http-outgoing-127 >> "{"using":"name","value":"j_username"}"
DEBUG: org.apache.http.wire - http-outgoing-127 << "HTTP/1.1 200 OK[\r][\n]"
DEBUG: org.apache.http.wire - http-outgoing-127 << "content-type: application/json; charset=UTF-8[\r][\n]"
DEBUG: org.apache.http.wire - http-outgoing-127 << "connection: close[\r][\n]"
DEBUG: org.apache.http.wire - http-outgoing-127 << "content-length: 224[\r][\n]"
DEBUG: org.apache.http.wire - http-outgoing-127 << "server: httpd.js[\r][\n]"
DEBUG: org.apache.http.wire - http-outgoing-127 << "date: Fri, 26 Aug 2016 09:42:58 GMT[\r][\n]"
DEBUG: org.apache.http.wire - http-outgoing-127 << "[\r][\n]"
DEBUG: org.apache.http.headers - http-outgoing-127 << HTTP/1.1 200 OK
DEBUG: org.apache.http.headers - http-outgoing-127 << content-type: application/json; charset=UTF-8
DEBUG: org.apache.http.headers - http-outgoing-127 << connection: close
DEBUG: org.apache.http.headers - http-outgoing-127 << content-length: 224
DEBUG: org.apache.http.headers - http-outgoing-127 << server: httpd.js
DEBUG: org.apache.http.headers - http-outgoing-127 << date: Fri, 26 Aug 2016 09:42:58 GMT
DEBUG: org.apache.http.wire - http-outgoing-127 << "{"name":"findElement","sessionId":"2ee26769-3d37-b245-8426-d47429148238","status":0,"value":{"ELEMENT":"{411e27da-16d9-8546-b392-65cf90c9ea09}","element-6066-11e4-a52e-4f735466cecf":"{411e27da-16d9-8546-b392-65cf90c9ea09}"}}"
DEBUG: org.apache.http.impl.conn.DefaultManagedHttpClientConnection - http-outgoing-127: Close connection
DEBUG: org.apache.http.impl.execchain.MainClientExec - Connection discarded
DEBUG: org.apache.http.impl.conn.PoolingHttpClientConnectionManager - Connection released: [id: 127][route: {}->http://127.0.0.1:7057][total kept alive: 0; route allocated: 0 of 2000; total allocated: 0 of 2000]
DEBUG: org.apache.http.client.protocol.RequestAddCookies - CookieSpec selected: default
DEBUG: org.apache.http.client.protocol.RequestAuthCache - Auth cache not set in the context
DEBUG: org.apache.http.impl.conn.PoolingHttpClientConnectionManager - Connection request: [route: {}->http://127.0.0.1:7057][total kept alive: 0; route allocated: 0 of 2000; total allocated: 0 of 2000]
DEBUG: org.apache.http.impl.conn.PoolingHttpClientConnectionManager - Connection leased: [id: 128][route: {}->http://127.0.0.1:7057][total kept alive: 0; route allocated: 1 of 2000; total allocated: 1 of 2000]
DEBUG: org.apache.http.impl.execchain.MainClientExec - Opening connection {}->http://127.0.0.1:7057
DEBUG: org.apache.http.impl.conn.DefaultHttpClientConnectionOperator - Connecting to /127.0.0.1:7057
DEBUG: org.apache.http.impl.conn.DefaultHttpClientConnectionOperator - Connection established 127.0.0.1:60853<->127.0.0.1:7057
DEBUG: org.apache.http.impl.conn.DefaultManagedHttpClientConnection - http-outgoing-128: set socket timeout to 10800000
DEBUG: org.apache.http.impl.execchain.MainClientExec - Executing request POST /hub/session/2ee26769-3d37-b245-8426-d47429148238/element HTTP/1.1
DEBUG: org.apache.http.impl.execchain.MainClientExec - Target auth state: UNCHALLENGED
DEBUG: org.apache.http.impl.execchain.MainClientExec - Proxy auth state: UNCHALLENGED
DEBUG: org.apache.http.headers - http-outgoing-128 >> POST /hub/session/2ee26769-3d37-b245-8426-d47429148238/element HTTP/1.1
DEBUG: org.apache.http.headers - http-outgoing-128 >> Content-Type: application/json; charset=utf-8
DEBUG: org.apache.http.headers - http-outgoing-128 >> Content-Length: 37
DEBUG: org.apache.http.headers - http-outgoing-128 >> Host: 127.0.0.1:7057
DEBUG: org.apache.http.headers - http-outgoing-128 >> Connection: Keep-Alive
DEBUG: org.apache.http.headers - http-outgoing-128 >> User-Agent: Apache-HttpClient/4.5.2 (Java/1.7.0_79)
DEBUG: org.apache.http.headers - http-outgoing-128 >> Accept-Encoding: gzip,deflate
DEBUG: org.apache.http.wire - http-outgoing-128 >> "POST /hub/session/2ee26769-3d37-b245-8426-d47429148238/element HTTP/1.1[\r][\n]"
DEBUG: org.apache.http.wire - http-outgoing-128 >> "Content-Type: application/json; charset=utf-8[\r][\n]"
DEBUG: org.apache.http.wire - http-outgoing-128 >> "Content-Length: 37[\r][\n]"
DEBUG: org.apache.http.wire - http-outgoing-128 >> "Host: 127.0.0.1:7057[\r][\n]"
DEBUG: org.apache.http.wire - http-outgoing-128 >> "Connection: Keep-Alive[\r][\n]"
DEBUG: org.apache.http.wire - http-outgoing-128 >> "User-Agent: Apache-HttpClient/4.5.2 (Java/1.7.0_79)[\r][\n]"
DEBUG: org.apache.http.wire - http-outgoing-128 >> "Accept-Encoding: gzip,deflate[\r][\n]"
DEBUG: org.apache.http.wire - http-outgoing-128 >> "[\r][\n]"
DEBUG: org.apache.http.wire - http-outgoing-128 >> "{"using":"name","value":"j_username"}"
DEBUG: org.apache.http.wire - http-outgoing-128 << "HTTP/1.1 200 OK[\r][\n]"
DEBUG: org.apache.http.wire - http-outgoing-128 << "content-type: application/json; charset=UTF-8[\r][\n]"
DEBUG: org.apache.http.wire - http-outgoing-128 << "connection: close[\r][\n]"
DEBUG: org.apache.http.wire - http-outgoing-128 << "content-length: 224[\r][\n]"
DEBUG: org.apache.http.wire - http-outgoing-128 << "server: httpd.js[\r][\n]"
DEBUG: org.apache.http.wire - http-outgoing-128 << "date: Fri, 26 Aug 2016 09:42:58 GMT[\r][\n]"
DEBUG: org.apache.http.wire - http-outgoing-128 << "[\r][\n]"
DEBUG: org.apache.http.headers - http-outgoing-128 << HTTP/1.1 200 OK
DEBUG: org.apache.http.headers - http-outgoing-128 << content-type: application/json; charset=UTF-8
DEBUG: org.apache.http.headers - http-outgoing-128 << connection: close
DEBUG: org.apache.http.headers - http-outgoing-128 << content-length: 224
DEBUG: org.apache.http.headers - http-outgoing-128 << server: httpd.js
DEBUG: org.apache.http.headers - http-outgoing-128 << date: Fri, 26 Aug 2016 09:42:58 GMT
DEBUG: org.apache.http.wire - http-outgoing-128 << "{"name":"findElement","sessionId":"2ee26769-3d37-b245-8426-d47429148238","status":0,"value":{"ELEMENT":"{411e27da-16d9-8546-b392-65cf90c9ea09}","element-6066-11e4-a52e-4f735466cecf":"{411e27da-16d9-8546-b392-65cf90c9ea09}"}}"
DEBUG: org.apache.http.impl.conn.DefaultManagedHttpClientConnection - http-outgoing-128: Close connection
DEBUG: org.apache.http.impl.execchain.MainClientExec - Connection discarded
DEBUG: org.apache.http.impl.conn.PoolingHttpClientConnectionManager - Connection released: [id: 128][route: {}->http://127.0.0.1:7057][total kept alive: 0; route allocated: 0 of 2000; total allocated: 0 of 2000]
DEBUG: org.apache.http.client.protocol.RequestAddCookies - CookieSpec selected: default
DEBUG: org.apache.http.client.protocol.RequestAuthCache - Auth cache not set in the context
DEBUG: org.apache.http.impl.conn.PoolingHttpClientConnectionManager - Connection request: [route: {}->http://127.0.0.1:7057][total kept alive: 0; route allocated: 0 of 2000; total allocated: 0 of 2000]
DEBUG: org.apache.http.impl.conn.PoolingHttpClientConnectionManager - Connection leased: [id: 129][route: {}->http://127.0.0.1:7057][total kept alive: 0; route allocated: 1 of 2000; total allocated: 1 of 2000]
DEBUG: org.apache.http.impl.execchain.MainClientExec - Opening connection {}->http://127.0.0.1:7057
DEBUG: org.apache.http.impl.conn.DefaultHttpClientConnectionOperator - Connecting to /127.0.0.1:7057
DEBUG: org.apache.http.impl.conn.DefaultHttpClientConnectionOperator - Connection established 127.0.0.1:60854<->127.0.0.1:7057
DEBUG: org.apache.http.impl.conn.DefaultManagedHttpClientConnection - http-outgoing-129: set socket timeout to 10800000
DEBUG: org.apache.http.impl.execchain.MainClientExec - Executing request POST /hub/session/2ee26769-3d37-b245-8426-d47429148238/element/%7B411e27da-16d9-8546-b392-65cf90c9ea09%7D/value HTTP/1.1
DEBUG: org.apache.http.impl.execchain.MainClientExec - Target auth state: UNCHALLENGED
DEBUG: org.apache.http.impl.execchain.MainClientExec - Proxy auth state: UNCHALLENGED
DEBUG: org.apache.http.headers - http-outgoing-129 >> POST /hub/session/2ee26769-3d37-b245-8426-d47429148238/element/%7B411e27da-16d9-8546-b392-65cf90c9ea09%7D/value HTTP/1.1
DEBUG: org.apache.http.headers - http-outgoing-129 >> Content-Type: application/json; charset=utf-8
DEBUG: org.apache.http.headers - http-outgoing-129 >> Content-Length: 70
DEBUG: org.apache.http.headers - http-outgoing-129 >> Host: 127.0.0.1:7057
DEBUG: org.apache.http.headers - http-outgoing-129 >> Connection: Keep-Alive
DEBUG: org.apache.http.headers - http-outgoing-129 >> User-Agent: Apache-HttpClient/4.5.2 (Java/1.7.0_79)
DEBUG: org.apache.http.headers - http-outgoing-129 >> Accept-Encoding: gzip,deflate
DEBUG: org.apache.http.wire - http-outgoing-129 >> "POST /hub/session/2ee26769-3d37-b245-8426-d47429148238/element/%7B411e27da-16d9-8546-b392-65cf90c9ea09%7D/value HTTP/1.1[\r][\n]"
DEBUG: org.apache.http.wire - http-outgoing-129 >> "Content-Type: application/json; charset=utf-8[\r][\n]"
DEBUG: org.apache.http.wire - http-outgoing-129 >> "Content-Length: 70[\r][\n]"
DEBUG: org.apache.http.wire - http-outgoing-129 >> "Host: 127.0.0.1:7057[\r][\n]"
DEBUG: org.apache.http.wire - http-outgoing-129 >> "Connection: Keep-Alive[\r][\n]"
DEBUG: org.apache.http.wire - http-outgoing-129 >> "User-Agent: Apache-HttpClient/4.5.2 (Java/1.7.0_79)[\r][\n]"
DEBUG: org.apache.http.wire - http-outgoing-129 >> "Accept-Encoding: gzip,deflate[\r][\n]"
DEBUG: org.apache.http.wire - http-outgoing-129 >> "[\r][\n]"
DEBUG: org.apache.http.wire - http-outgoing-129 >> "{"id":"{411e27da-16d9-8546-b392-65cf90c9ea09}","value":["Arno Admin"]}"
DEBUG: org.apache.http.wire - http-outgoing-129 << "HTTP/1.1 200 OK[\r][\n]"
DEBUG: org.apache.http.wire - http-outgoing-129 << "content-type: application/json; charset=UTF-8[\r][\n]"
DEBUG: org.apache.http.wire - http-outgoing-129 << "connection: close[\r][\n]"
DEBUG: org.apache.http.wire - http-outgoing-129 << "content-length: 101[\r][\n]"
DEBUG: org.apache.http.wire - http-outgoing-129 << "server: httpd.js[\r][\n]"
DEBUG: org.apache.http.wire - http-outgoing-129 << "date: Fri, 26 Aug 2016 09:42:58 GMT[\r][\n]"
DEBUG: org.apache.http.wire - http-outgoing-129 << "[\r][\n]"
DEBUG: org.apache.http.headers - http-outgoing-129 << HTTP/1.1 200 OK
DEBUG: org.apache.http.headers - http-outgoing-129 << content-type: application/json; charset=UTF-8
DEBUG: org.apache.http.headers - http-outgoing-129 << connection: close
DEBUG: org.apache.http.headers - http-outgoing-129 << content-length: 101
DEBUG: org.apache.http.headers - http-outgoing-129 << server: httpd.js
DEBUG: org.apache.http.headers - http-outgoing-129 << date: Fri, 26 Aug 2016 09:42:58 GMT
DEBUG: org.apache.http.wire - http-outgoing-129 << "{"name":"sendKeysToElement","sessionId":"2ee26769-3d37-b245-8426-d47429148238","status":0,"value":""}"
DEBUG: org.apache.http.impl.conn.DefaultManagedHttpClientConnection - http-outgoing-129: Close connection
DEBUG: org.apache.http.impl.execchain.MainClientExec - Connection discarded
DEBUG: org.apache.http.impl.conn.PoolingHttpClientConnectionManager - Connection released: [id: 129][route: {}->http://127.0.0.1:7057][total kept alive: 0; route allocated: 0 of 2000; total allocated: 0 of 2000]
DEBUG: org.apache.http.client.protocol.RequestAddCookies - CookieSpec selected: default
DEBUG: org.apache.http.client.protocol.RequestAuthCache - Auth cache not set in the context
DEBUG: org.apache.http.impl.conn.PoolingHttpClientConnectionManager - Connection request: [route: {}->http://127.0.0.1:7057][total kept alive: 0; route allocated: 0 of 2000; total allocated: 0 of 2000]
DEBUG: org.apache.http.impl.conn.PoolingHttpClientConnectionManager - Connection leased: [id: 130][route: {}->http://127.0.0.1:7057][total kept alive: 0; route allocated: 1 of 2000; total allocated: 1 of 2000]
DEBUG: org.apache.http.impl.execchain.MainClientExec - Opening connection {}->http://127.0.0.1:7057
DEBUG: org.apache.http.impl.conn.DefaultHttpClientConnectionOperator - Connecting to /127.0.0.1:7057
DEBUG: org.apache.http.impl.conn.DefaultHttpClientConnectionOperator - Connection established 127.0.0.1:60856<->127.0.0.1:7057
DEBUG: org.apache.http.impl.conn.DefaultManagedHttpClientConnection - http-outgoing-130: set socket timeout to 10800000
DEBUG: org.apache.http.impl.execchain.MainClientExec - Executing request POST /hub/session/2ee26769-3d37-b245-8426-d47429148238/element HTTP/1.1
DEBUG: org.apache.http.impl.execchain.MainClientExec - Target auth state: UNCHALLENGED
DEBUG: org.apache.http.impl.execchain.MainClientExec - Proxy auth state: UNCHALLENGED
DEBUG: org.apache.http.headers - http-outgoing-130 >> POST /hub/session/2ee26769-3d37-b245-8426-d47429148238/element HTTP/1.1
DEBUG: org.apache.http.headers - http-outgoing-130 >> Content-Type: application/json; charset=utf-8
DEBUG: org.apache.http.headers - http-outgoing-130 >> Content-Length: 37
DEBUG: org.apache.http.headers - http-outgoing-130 >> Host: 127.0.0.1:7057
DEBUG: org.apache.http.headers - http-outgoing-130 >> Connection: Keep-Alive
DEBUG: org.apache.http.headers - http-outgoing-130 >> User-Agent: Apache-HttpClient/4.5.2 (Java/1.7.0_79)
DEBUG: org.apache.http.headers - http-outgoing-130 >> Accept-Encoding: gzip,deflate
DEBUG: org.apache.http.wire - http-outgoing-130 >> "POST /hub/session/2ee26769-3d37-b245-8426-d47429148238/element HTTP/1.1[\r][\n]"
DEBUG: org.apache.http.wire - http-outgoing-130 >> "Content-Type: application/json; charset=utf-8[\r][\n]"
DEBUG: org.apache.http.wire - http-outgoing-130 >> "Content-Length: 37[\r][\n]"
DEBUG: org.apache.http.wire - http-outgoing-130 >> "Host: 127.0.0.1:7057[\r][\n]"
DEBUG: org.apache.http.wire - http-outgoing-130 >> "Connection: Keep-Alive[\r][\n]"
DEBUG: org.apache.http.wire - http-outgoing-130 >> "User-Agent: Apache-HttpClient/4.5.2 (Java/1.7.0_79)[\r][\n]"
DEBUG: org.apache.http.wire - http-outgoing-130 >> "Accept-Encoding: gzip,deflate[\r][\n]"
DEBUG: org.apache.http.wire - http-outgoing-130 >> "[\r][\n]"
DEBUG: org.apache.http.wire - http-outgoing-130 >> "{"using":"name","value":"j_password"}"
DEBUG: org.apache.http.wire - http-outgoing-130 << "HTTP/1.1 200 OK[\r][\n]"
DEBUG: org.apache.http.wire - http-outgoing-130 << "content-type: application/json; charset=UTF-8[\r][\n]"
DEBUG: org.apache.http.wire - http-outgoing-130 << "connection: close[\r][\n]"
DEBUG: org.apache.http.wire - http-outgoing-130 << "content-length: 224[\r][\n]"
DEBUG: org.apache.http.wire - http-outgoing-130 << "server: httpd.js[\r][\n]"
DEBUG: org.apache.http.wire - http-outgoing-130 << "date: Fri, 26 Aug 2016 09:42:58 GMT[\r][\n]"
DEBUG: org.apache.http.wire - http-outgoing-130 << "[\r][\n]"
DEBUG: org.apache.http.headers - http-outgoing-130 << HTTP/1.1 200 OK
DEBUG: org.apache.http.headers - http-outgoing-130 << content-type: application/json; charset=UTF-8
DEBUG: org.apache.http.headers - http-outgoing-130 << connection: close
DEBUG: org.apache.http.headers - http-outgoing-130 << content-length: 224
DEBUG: org.apache.http.headers - http-outgoing-130 << server: httpd.js
DEBUG: org.apache.http.headers - http-outgoing-130 << date: Fri, 26 Aug 2016 09:42:58 GMT
DEBUG: org.apache.http.wire - http-outgoing-130 << "{"name":"findElement","sessionId":"2ee26769-3d37-b245-8426-d47429148238","status":0,"value":{"ELEMENT":"{0cb899fc-2386-014a-8c5b-6611b5a4d877}","element-6066-11e4-a52e-4f735466cecf":"{0cb899fc-2386-014a-8c5b-6611b5a4d877}"}}"
DEBUG: org.apache.http.impl.conn.DefaultManagedHttpClientConnection - http-outgoing-130: Close connection
DEBUG: org.apache.http.impl.execchain.MainClientExec - Connection discarded
DEBUG: org.apache.http.impl.conn.PoolingHttpClientConnectionManager - Connection released: [id: 130][route: {}->http://127.0.0.1:7057][total kept alive: 0; route allocated: 0 of 2000; total allocated: 0 of 2000]
DEBUG: org.apache.http.client.protocol.RequestAddCookies - CookieSpec selected: default
DEBUG: org.apache.http.client.protocol.RequestAuthCache - Auth cache not set in the context
DEBUG: org.apache.http.impl.conn.PoolingHttpClientConnectionManager - Connection request: [route: {}->http://127.0.0.1:7057][total kept alive: 0; route allocated: 0 of 2000; total allocated: 0 of 2000]
DEBUG: org.apache.http.impl.conn.PoolingHttpClientConnectionManager - Connection leased: [id: 131][route: {}->http://127.0.0.1:7057][total kept alive: 0; route allocated: 1 of 2000; total allocated: 1 of 2000]
DEBUG: org.apache.http.impl.execchain.MainClientExec - Opening connection {}->http://127.0.0.1:7057
DEBUG: org.apache.http.impl.conn.DefaultHttpClientConnectionOperator - Connecting to /127.0.0.1:7057
DEBUG: org.apache.http.impl.conn.DefaultHttpClientConnectionOperator - Connection established 127.0.0.1:60857<->127.0.0.1:7057
DEBUG: org.apache.http.impl.conn.DefaultManagedHttpClientConnection - http-outgoing-131: set socket timeout to 10800000
DEBUG: org.apache.http.impl.execchain.MainClientExec - Executing request POST /hub/session/2ee26769-3d37-b245-8426-d47429148238/element/%7B0cb899fc-2386-014a-8c5b-6611b5a4d877%7D/value HTTP/1.1
DEBUG: org.apache.http.impl.execchain.MainClientExec - Target auth state: UNCHALLENGED
DEBUG: org.apache.http.impl.execchain.MainClientExec - Proxy auth state: UNCHALLENGED
DEBUG: org.apache.http.headers - http-outgoing-131 >> POST /hub/session/2ee26769-3d37-b245-8426-d47429148238/element/%7B0cb899fc-2386-014a-8c5b-6611b5a4d877%7D/value HTTP/1.1
DEBUG: org.apache.http.headers - http-outgoing-131 >> Content-Type: application/json; charset=utf-8
DEBUG: org.apache.http.headers - http-outgoing-131 >> Content-Length: 66
DEBUG: org.apache.http.headers - http-outgoing-131 >> Host: 127.0.0.1:7057
DEBUG: org.apache.http.headers - http-outgoing-131 >> Connection: Keep-Alive
DEBUG: org.apache.http.headers - http-outgoing-131 >> User-Agent: Apache-HttpClient/4.5.2 (Java/1.7.0_79)
DEBUG: org.apache.http.headers - http-outgoing-131 >> Accept-Encoding: gzip,deflate
DEBUG: org.apache.http.wire - http-outgoing-131 >> "POST /hub/session/2ee26769-3d37-b245-8426-d47429148238/element/%7B0cb899fc-2386-014a-8c5b-6611b5a4d877%7D/value HTTP/1.1[\r][\n]"
DEBUG: org.apache.http.wire - http-outgoing-131 >> "Content-Type: application/json; charset=utf-8[\r][\n]"
DEBUG: org.apache.http.wire - http-outgoing-131 >> "Content-Length: 66[\r][\n]"
DEBUG: org.apache.http.wire - http-outgoing-131 >> "Host: 127.0.0.1:7057[\r][\n]"
DEBUG: org.apache.http.wire - http-outgoing-131 >> "Connection: Keep-Alive[\r][\n]"
DEBUG: org.apache.http.wire - http-outgoing-131 >> "User-Agent: Apache-HttpClient/4.5.2 (Java/1.7.0_79)[\r][\n]"
DEBUG: org.apache.http.wire - http-outgoing-131 >> "Accept-Encoding: gzip,deflate[\r][\n]"
DEBUG: org.apache.http.wire - http-outgoing-131 >> "[\r][\n]"
DEBUG: org.apache.http.wire - http-outgoing-131 >> "{"id":"{0cb899fc-2386-014a-8c5b-6611b5a4d877}","value":["secret"]}"
DEBUG: org.apache.http.wire - http-outgoing-131 << "HTTP/1.1 200 OK[\r][\n]"
DEBUG: org.apache.http.wire - http-outgoing-131 << "content-type: application/json; charset=UTF-8[\r][\n]"
DEBUG: org.apache.http.wire - http-outgoing-131 << "connection: close[\r][\n]"
DEBUG: org.apache.http.wire - http-outgoing-131 << "content-length: 101[\r][\n]"
DEBUG: org.apache.http.wire - http-outgoing-131 << "server: httpd.js[\r][\n]"
DEBUG: org.apache.http.wire - http-outgoing-131 << "date: Fri, 26 Aug 2016 09:42:58 GMT[\r][\n]"
DEBUG: org.apache.http.wire - http-outgoing-131 << "[\r][\n]"
DEBUG: org.apache.http.headers - http-outgoing-131 << HTTP/1.1 200 OK
DEBUG: org.apache.http.headers - http-outgoing-131 << content-type: application/json; charset=UTF-8
DEBUG: org.apache.http.headers - http-outgoing-131 << connection: close
DEBUG: org.apache.http.headers - http-outgoing-131 << content-length: 101
DEBUG: org.apache.http.headers - http-outgoing-131 << server: httpd.js
DEBUG: org.apache.http.headers - http-outgoing-131 << date: Fri, 26 Aug 2016 09:42:58 GMT
DEBUG: org.apache.http.wire - http-outgoing-131 << "{"name":"sendKeysToElement","sessionId":"2ee26769-3d37-b245-8426-d47429148238","status":0,"value":""}"
DEBUG: org.apache.http.impl.conn.DefaultManagedHttpClientConnection - http-outgoing-131: Close connection
DEBUG: org.apache.http.impl.execchain.MainClientExec - Connection discarded
DEBUG: org.apache.http.impl.conn.PoolingHttpClientConnectionManager - Connection released: [id: 131][route: {}->http://127.0.0.1:7057][total kept alive: 0; route allocated: 0 of 2000; total allocated: 0 of 2000]
DEBUG: org.apache.http.client.protocol.RequestAddCookies - CookieSpec selected: default
DEBUG: org.apache.http.client.protocol.RequestAuthCache - Auth cache not set in the context
DEBUG: org.apache.http.impl.conn.PoolingHttpClientConnectionManager - Connection request: [route: {}->http://127.0.0.1:7057][total kept alive: 0; route allocated: 0 of 2000; total allocated: 0 of 2000]
DEBUG: org.apache.http.impl.conn.PoolingHttpClientConnectionManager - Connection leased: [id: 132][route: {}->http://127.0.0.1:7057][total kept alive: 0; route allocated: 1 of 2000; total allocated: 1 of 2000]
DEBUG: org.apache.http.impl.execchain.MainClientExec - Opening connection {}->http://127.0.0.1:7057
DEBUG: org.apache.http.impl.conn.DefaultHttpClientConnectionOperator - Connecting to /127.0.0.1:7057
DEBUG: org.apache.http.impl.conn.DefaultHttpClientConnectionOperator - Connection established 127.0.0.1:60858<->127.0.0.1:7057
DEBUG: org.apache.http.impl.conn.DefaultManagedHttpClientConnection - http-outgoing-132: set socket timeout to 10800000
DEBUG: org.apache.http.impl.execchain.MainClientExec - Executing request POST /hub/session/2ee26769-3d37-b245-8426-d47429148238/element HTTP/1.1
DEBUG: org.apache.http.impl.execchain.MainClientExec - Target auth state: UNCHALLENGED
DEBUG: org.apache.http.impl.execchain.MainClientExec - Proxy auth state: UNCHALLENGED
DEBUG: org.apache.http.headers - http-outgoing-132 >> POST /hub/session/2ee26769-3d37-b245-8426-d47429148238/element HTTP/1.1
DEBUG: org.apache.http.headers - http-outgoing-132 >> Content-Type: application/json; charset=utf-8
DEBUG: org.apache.http.headers - http-outgoing-132 >> Content-Length: 33
DEBUG: org.apache.http.headers - http-outgoing-132 >> Host: 127.0.0.1:7057
DEBUG: org.apache.http.headers - http-outgoing-132 >> Connection: Keep-Alive
DEBUG: org.apache.http.headers - http-outgoing-132 >> User-Agent: Apache-HttpClient/4.5.2 (Java/1.7.0_79)
DEBUG: org.apache.http.headers - http-outgoing-132 >> Accept-Encoding: gzip,deflate
DEBUG: org.apache.http.wire - http-outgoing-132 >> "POST /hub/session/2ee26769-3d37-b245-8426-d47429148238/element HTTP/1.1[\r][\n]"
DEBUG: org.apache.http.wire - http-outgoing-132 >> "Content-Type: application/json; charset=utf-8[\r][\n]"
DEBUG: org.apache.http.wire - http-outgoing-132 >> "Content-Length: 33[\r][\n]"
DEBUG: org.apache.http.wire - http-outgoing-132 >> "Host: 127.0.0.1:7057[\r][\n]"
DEBUG: org.apache.http.wire - http-outgoing-132 >> "Connection: Keep-Alive[\r][\n]"
DEBUG: org.apache.http.wire - http-outgoing-132 >> "User-Agent: Apache-HttpClient/4.5.2 (Java/1.7.0_79)[\r][\n]"
DEBUG: org.apache.http.wire - http-outgoing-132 >> "Accept-Encoding: gzip,deflate[\r][\n]"
DEBUG: org.apache.http.wire - http-outgoing-132 >> "[\r][\n]"
DEBUG: org.apache.http.wire - http-outgoing-132 >> "{"using":"name","value":"submit"}"
DEBUG: org.apache.http.wire - http-outgoing-132 << "HTTP/1.1 200 OK[\r][\n]"
DEBUG: org.apache.http.wire - http-outgoing-132 << "content-type: application/json; charset=UTF-8[\r][\n]"
DEBUG: org.apache.http.wire - http-outgoing-132 << "connection: close[\r][\n]"
DEBUG: org.apache.http.wire - http-outgoing-132 << "content-length: 224[\r][\n]"
DEBUG: org.apache.http.wire - http-outgoing-132 << "server: httpd.js[\r][\n]"
DEBUG: org.apache.http.wire - http-outgoing-132 << "date: Fri, 26 Aug 2016 09:42:58 GMT[\r][\n]"
DEBUG: org.apache.http.wire - http-outgoing-132 << "[\r][\n]"
DEBUG: org.apache.http.headers - http-outgoing-132 << HTTP/1.1 200 OK
DEBUG: org.apache.http.headers - http-outgoing-132 << content-type: application/json; charset=UTF-8
DEBUG: org.apache.http.headers - http-outgoing-132 << connection: close
DEBUG: org.apache.http.headers - http-outgoing-132 << content-length: 224
DEBUG: org.apache.http.headers - http-outgoing-132 << server: httpd.js
DEBUG: org.apache.http.headers - http-outgoing-132 << date: Fri, 26 Aug 2016 09:42:58 GMT
DEBUG: org.apache.http.wire - http-outgoing-132 << "{"name":"findElement","sessionId":"2ee26769-3d37-b245-8426-d47429148238","status":0,"value":{"ELEMENT":"{8ab6b179-f89a-734b-86b8-bda23cac5c99}","element-6066-11e4-a52e-4f735466cecf":"{8ab6b179-f89a-734b-86b8-bda23cac5c99}"}}"
DEBUG: org.apache.http.impl.conn.DefaultManagedHttpClientConnection - http-outgoing-132: Close connection
DEBUG: org.apache.http.impl.execchain.MainClientExec - Connection discarded
DEBUG: org.apache.http.impl.conn.PoolingHttpClientConnectionManager - Connection released: [id: 132][route: {}->http://127.0.0.1:7057][total kept alive: 0; route allocated: 0 of 2000; total allocated: 0 of 2000]
DEBUG: org.apache.http.client.protocol.RequestAddCookies - CookieSpec selected: default
DEBUG: org.apache.http.client.protocol.RequestAuthCache - Auth cache not set in the context
DEBUG: org.apache.http.impl.conn.PoolingHttpClientConnectionManager - Connection request: [route: {}->http://127.0.0.1:7057][total kept alive: 0; route allocated: 0 of 2000; total allocated: 0 of 2000]
DEBUG: org.apache.http.impl.conn.PoolingHttpClientConnectionManager - Connection leased: [id: 133][route: {}->http://127.0.0.1:7057][total kept alive: 0; route allocated: 1 of 2000; total allocated: 1 of 2000]
DEBUG: org.apache.http.impl.execchain.MainClientExec - Opening connection {}->http://127.0.0.1:7057
DEBUG: org.apache.http.impl.conn.DefaultHttpClientConnectionOperator - Connecting to /127.0.0.1:7057
DEBUG: org.apache.http.impl.conn.DefaultHttpClientConnectionOperator - Connection established 127.0.0.1:60859<->127.0.0.1:7057
DEBUG: org.apache.http.impl.conn.DefaultManagedHttpClientConnection - http-outgoing-133: set socket timeout to 10800000
DEBUG: org.apache.http.impl.execchain.MainClientExec - Executing request POST /hub/session/2ee26769-3d37-b245-8426-d47429148238/element/%7B8ab6b179-f89a-734b-86b8-bda23cac5c99%7D/click HTTP/1.1
DEBUG: org.apache.http.impl.execchain.MainClientExec - Target auth state: UNCHALLENGED
DEBUG: org.apache.http.impl.execchain.MainClientExec - Proxy auth state: UNCHALLENGED
DEBUG: org.apache.http.headers - http-outgoing-133 >> POST /hub/session/2ee26769-3d37-b245-8426-d47429148238/element/%7B8ab6b179-f89a-734b-86b8-bda23cac5c99%7D/click HTTP/1.1
DEBUG: org.apache.http.headers - http-outgoing-133 >> Content-Type: application/json; charset=utf-8
DEBUG: org.apache.http.headers - http-outgoing-133 >> Content-Length: 47
DEBUG: org.apache.http.headers - http-outgoing-133 >> Host: 127.0.0.1:7057
DEBUG: org.apache.http.headers - http-outgoing-133 >> Connection: Keep-Alive
DEBUG: org.apache.http.headers - http-outgoing-133 >> User-Agent: Apache-HttpClient/4.5.2 (Java/1.7.0_79)
DEBUG: org.apache.http.headers - http-outgoing-133 >> Accept-Encoding: gzip,deflate
DEBUG: org.apache.http.wire - http-outgoing-133 >> "POST /hub/session/2ee26769-3d37-b245-8426-d47429148238/element/%7B8ab6b179-f89a-734b-86b8-bda23cac5c99%7D/click HTTP/1.1[\r][\n]"
DEBUG: org.apache.http.wire - http-outgoing-133 >> "Content-Type: application/json; charset=utf-8[\r][\n]"
DEBUG: org.apache.http.wire - http-outgoing-133 >> "Content-Length: 47[\r][\n]"
DEBUG: org.apache.http.wire - http-outgoing-133 >> "Host: 127.0.0.1:7057[\r][\n]"
DEBUG: org.apache.http.wire - http-outgoing-133 >> "Connection: Keep-Alive[\r][\n]"
DEBUG: org.apache.http.wire - http-outgoing-133 >> "User-Agent: Apache-HttpClient/4.5.2 (Java/1.7.0_79)[\r][\n]"
DEBUG: org.apache.http.wire - http-outgoing-133 >> "Accept-Encoding: gzip,deflate[\r][\n]"
DEBUG: org.apache.http.wire - http-outgoing-133 >> "[\r][\n]"
DEBUG: org.apache.http.wire - http-outgoing-133 >> "{"id":"{8ab6b179-f89a-734b-86b8-bda23cac5c99}"}"
DEBUG: org.apache.http.wire - http-outgoing-133 << "HTTP/1.1 200 OK[\r][\n]"
DEBUG: org.apache.http.wire - http-outgoing-133 << "content-type: application/json; charset=UTF-8[\r][\n]"
DEBUG: org.apache.http.wire - http-outgoing-133 << "connection: close[\r][\n]"
DEBUG: org.apache.http.wire - http-outgoing-133 << "content-length: 98[\r][\n]"
DEBUG: org.apache.http.wire - http-outgoing-133 << "server: httpd.js[\r][\n]"
DEBUG: org.apache.http.wire - http-outgoing-133 << "date: Fri, 26 Aug 2016 09:42:58 GMT[\r][\n]"
DEBUG: org.apache.http.wire - http-outgoing-133 << "[\r][\n]"
DEBUG: org.apache.http.headers - http-outgoing-133 << HTTP/1.1 200 OK
DEBUG: org.apache.http.headers - http-outgoing-133 << content-type: application/json; charset=UTF-8
DEBUG: org.apache.http.headers - http-outgoing-133 << connection: close
DEBUG: org.apache.http.headers - http-outgoing-133 << content-length: 98
DEBUG: org.apache.http.headers - http-outgoing-133 << server: httpd.js
DEBUG: org.apache.http.headers - http-outgoing-133 << date: Fri, 26 Aug 2016 09:42:58 GMT
DEBUG: org.apache.http.wire - http-outgoing-133 << "{"name":"clickElement","sessionId":"2ee26769-3d37-b245-8426-d47429148238","status":0,"value":"ok"}"
DEBUG: org.apache.http.impl.conn.DefaultManagedHttpClientConnection - http-outgoing-133: Close connection
DEBUG: org.apache.http.impl.execchain.MainClientExec - Connection discarded
DEBUG: org.apache.http.impl.conn.PoolingHttpClientConnectionManager - Connection released: [id: 133][route: {}->http://127.0.0.1:7057][total kept alive: 0; route allocated: 0 of 2000; total allocated: 0 of 2000]
DEBUG: org.apache.http.client.protocol.RequestAddCookies - CookieSpec selected: default
DEBUG: org.apache.http.client.protocol.RequestAuthCache - Auth cache not set in the context
DEBUG: org.apache.http.impl.conn.PoolingHttpClientConnectionManager - Connection request: [route: {}->http://127.0.0.1:7057][total kept alive: 0; route allocated: 0 of 2000; total allocated: 0 of 2000]
DEBUG: org.apache.http.impl.conn.PoolingHttpClientConnectionManager - Connection leased: [id: 134][route: {}->http://127.0.0.1:7057][total kept alive: 0; route allocated: 1 of 2000; total allocated: 1 of 2000]
DEBUG: org.apache.http.impl.execchain.MainClientExec - Opening connection {}->http://127.0.0.1:7057
DEBUG: org.apache.http.impl.conn.DefaultHttpClientConnectionOperator - Connecting to /127.0.0.1:7057
DEBUG: org.apache.http.impl.conn.DefaultHttpClientConnectionOperator - Connection established 127.0.0.1:60863<->127.0.0.1:7057
DEBUG: org.apache.http.impl.conn.DefaultManagedHttpClientConnection - http-outgoing-134: set socket timeout to 10800000
DEBUG: org.apache.http.impl.execchain.MainClientExec - Executing request POST /hub/session/2ee26769-3d37-b245-8426-d47429148238/url HTTP/1.1
DEBUG: org.apache.http.impl.execchain.MainClientExec - Target auth state: UNCHALLENGED
DEBUG: org.apache.http.impl.execchain.MainClientExec - Proxy auth state: UNCHALLENGED
DEBUG: org.apache.http.headers - http-outgoing-134 >> POST /hub/session/2ee26769-3d37-b245-8426-d47429148238/url HTTP/1.1
DEBUG: org.apache.http.headers - http-outgoing-134 >> Content-Type: application/json; charset=utf-8
DEBUG: org.apache.http.headers - http-outgoing-134 >> Content-Length: 37
DEBUG: org.apache.http.headers - http-outgoing-134 >> Host: 127.0.0.1:7057
DEBUG: org.apache.http.headers - http-outgoing-134 >> Connection: Keep-Alive
DEBUG: org.apache.http.headers - http-outgoing-134 >> User-Agent: Apache-HttpClient/4.5.2 (Java/1.7.0_79)
DEBUG: org.apache.http.headers - http-outgoing-134 >> Accept-Encoding: gzip,deflate
DEBUG: org.apache.http.wire - http-outgoing-134 >> "POST /hub/session/2ee26769-3d37-b245-8426-d47429148238/url HTTP/1.1[\r][\n]"
DEBUG: org.apache.http.wire - http-outgoing-134 >> "Content-Type: application/json; charset=utf-8[\r][\n]"
DEBUG: org.apache.http.wire - http-outgoing-134 >> "Content-Length: 37[\r][\n]"
DEBUG: org.apache.http.wire - http-outgoing-134 >> "Host: 127.0.0.1:7057[\r][\n]"
DEBUG: org.apache.http.wire - http-outgoing-134 >> "Connection: Keep-Alive[\r][\n]"
DEBUG: org.apache.http.wire - http-outgoing-134 >> "User-Agent: Apache-HttpClient/4.5.2 (Java/1.7.0_79)[\r][\n]"
DEBUG: org.apache.http.wire - http-outgoing-134 >> "Accept-Encoding: gzip,deflate[\r][\n]"
DEBUG: org.apache.http.wire - http-outgoing-134 >> "[\r][\n]"
DEBUG: org.apache.http.wire - http-outgoing-134 >> "{"url":"http://localhost:8080/admin"}"
DEBUG: org.apache.http.wire - http-outgoing-134 << "HTTP/1.1 200 OK[\r][\n]"
DEBUG: org.apache.http.wire - http-outgoing-134 << "content-type: application/json; charset=UTF-8[\r][\n]"
DEBUG: org.apache.http.wire - http-outgoing-134 << "connection: close[\r][\n]"
DEBUG: org.apache.http.wire - http-outgoing-134 << "content-length: 87[\r][\n]"
DEBUG: org.apache.http.wire - http-outgoing-134 << "server: httpd.js[\r][\n]"
DEBUG: org.apache.http.wire - http-outgoing-134 << "date: Fri, 26 Aug 2016 09:42:58 GMT[\r][\n]"
DEBUG: org.apache.http.wire - http-outgoing-134 << "[\r][\n]"
DEBUG: org.apache.http.headers - http-outgoing-134 << HTTP/1.1 200 OK
DEBUG: org.apache.http.headers - http-outgoing-134 << content-type: application/json; charset=UTF-8
DEBUG: org.apache.http.headers - http-outgoing-134 << connection: close
DEBUG: org.apache.http.headers - http-outgoing-134 << content-length: 87
DEBUG: org.apache.http.headers - http-outgoing-134 << server: httpd.js
DEBUG: org.apache.http.headers - http-outgoing-134 << date: Fri, 26 Aug 2016 09:42:58 GMT
DEBUG: org.apache.http.wire - http-outgoing-134 << "{"name":"get","sessionId":"2ee26769-3d37-b245-8426-d47429148238","status":0,"value":""}"
DEBUG: org.apache.http.impl.conn.DefaultManagedHttpClientConnection - http-outgoing-134: Close connection
DEBUG: org.apache.http.impl.execchain.MainClientExec - Connection discarded
DEBUG: org.apache.http.impl.conn.PoolingHttpClientConnectionManager - Connection released: [id: 134][route: {}->http://127.0.0.1:7057][total kept alive: 0; route allocated: 0 of 2000; total allocated: 0 of 2000]
DEBUG: org.apache.http.client.protocol.RequestAddCookies - CookieSpec selected: default
DEBUG: org.apache.http.client.protocol.RequestAuthCache - Auth cache not set in the context
DEBUG: org.apache.http.impl.conn.PoolingHttpClientConnectionManager - Connection request: [route: {}->http://127.0.0.1:7057][total kept alive: 0; route allocated: 0 of 2000; total allocated: 0 of 2000]
DEBUG: org.apache.http.impl.conn.PoolingHttpClientConnectionManager - Connection leased: [id: 135][route: {}->http://127.0.0.1:7057][total kept alive: 0; route allocated: 1 of 2000; total allocated: 1 of 2000]
DEBUG: org.apache.http.impl.execchain.MainClientExec - Opening connection {}->http://127.0.0.1:7057
DEBUG: org.apache.http.impl.conn.DefaultHttpClientConnectionOperator - Connecting to /127.0.0.1:7057
DEBUG: org.apache.http.impl.conn.DefaultHttpClientConnectionOperator - Connection established 127.0.0.1:60864<->127.0.0.1:7057
DEBUG: org.apache.http.impl.conn.DefaultManagedHttpClientConnection - http-outgoing-135: set socket timeout to 10800000
DEBUG: org.apache.http.impl.execchain.MainClientExec - Executing request POST /hub/session/2ee26769-3d37-b245-8426-d47429148238/element HTTP/1.1
DEBUG: org.apache.http.impl.execchain.MainClientExec - Target auth state: UNCHALLENGED
DEBUG: org.apache.http.impl.execchain.MainClientExec - Proxy auth state: UNCHALLENGED
DEBUG: org.apache.http.headers - http-outgoing-135 >> POST /hub/session/2ee26769-3d37-b245-8426-d47429148238/element HTTP/1.1
DEBUG: org.apache.http.headers - http-outgoing-135 >> Content-Type: application/json; charset=utf-8
DEBUG: org.apache.http.headers - http-outgoing-135 >> Content-Length: 36
DEBUG: org.apache.http.headers - http-outgoing-135 >> Host: 127.0.0.1:7057
DEBUG: org.apache.http.headers - http-outgoing-135 >> Connection: Keep-Alive
DEBUG: org.apache.http.headers - http-outgoing-135 >> User-Agent: Apache-HttpClient/4.5.2 (Java/1.7.0_79)
DEBUG: org.apache.http.headers - http-outgoing-135 >> Accept-Encoding: gzip,deflate
DEBUG: org.apache.http.wire - http-outgoing-135 >> "POST /hub/session/2ee26769-3d37-b245-8426-d47429148238/element HTTP/1.1[\r][\n]"
DEBUG: org.apache.http.wire - http-outgoing-135 >> "Content-Type: application/json; charset=utf-8[\r][\n]"
DEBUG: org.apache.http.wire - http-outgoing-135 >> "Content-Length: 36[\r][\n]"
DEBUG: org.apache.http.wire - http-outgoing-135 >> "Host: 127.0.0.1:7057[\r][\n]"
DEBUG: org.apache.http.wire - http-outgoing-135 >> "Connection: Keep-Alive[\r][\n]"
DEBUG: org.apache.http.wire - http-outgoing-135 >> "User-Agent: Apache-HttpClient/4.5.2 (Java/1.7.0_79)[\r][\n]"
DEBUG: org.apache.http.wire - http-outgoing-135 >> "Accept-Encoding: gzip,deflate[\r][\n]"
DEBUG: org.apache.http.wire - http-outgoing-135 >> "[\r][\n]"
DEBUG: org.apache.http.wire - http-outgoing-135 >> "{"using":"id","value":"manageItems"}"
DEBUG: org.apache.http.wire - http-outgoing-135 << "HTTP/1.1 200 OK[\r][\n]"
DEBUG: org.apache.http.wire - http-outgoing-135 << "content-type: application/json; charset=UTF-8[\r][\n]"
DEBUG: org.apache.http.wire - http-outgoing-135 << "connection: close[\r][\n]"
DEBUG: org.apache.http.wire - http-outgoing-135 << "content-length: 224[\r][\n]"
DEBUG: org.apache.http.wire - http-outgoing-135 << "server: httpd.js[\r][\n]"
DEBUG: org.apache.http.wire - http-outgoing-135 << "date: Fri, 26 Aug 2016 09:42:58 GMT[\r][\n]"
DEBUG: org.apache.http.wire - http-outgoing-135 << "[\r][\n]"
DEBUG: org.apache.http.headers - http-outgoing-135 << HTTP/1.1 200 OK
DEBUG: org.apache.http.headers - http-outgoing-135 << content-type: application/json; charset=UTF-8
DEBUG: org.apache.http.headers - http-outgoing-135 << connection: close
DEBUG: org.apache.http.headers - http-outgoing-135 << content-length: 224
DEBUG: org.apache.http.headers - http-outgoing-135 << server: httpd.js
DEBUG: org.apache.http.headers - http-outgoing-135 << date: Fri, 26 Aug 2016 09:42:58 GMT
DEBUG: org.apache.http.wire - http-outgoing-135 << "{"name":"findElement","sessionId":"2ee26769-3d37-b245-8426-d47429148238","status":0,"value":{"ELEMENT":"{9287bff5-5d75-b246-9782-4b06e2fea643}","element-6066-11e4-a52e-4f735466cecf":"{9287bff5-5d75-b246-9782-4b06e2fea643}"}}"
DEBUG: org.apache.http.impl.conn.DefaultManagedHttpClientConnection - http-outgoing-135: Close connection
DEBUG: org.apache.http.impl.execchain.MainClientExec - Connection discarded
DEBUG: org.apache.http.impl.conn.PoolingHttpClientConnectionManager - Connection released: [id: 135][route: {}->http://127.0.0.1:7057][total kept alive: 0; route allocated: 0 of 2000; total allocated: 0 of 2000]
DEBUG: org.apache.http.client.protocol.RequestAddCookies - CookieSpec selected: default
DEBUG: org.apache.http.client.protocol.RequestAuthCache - Auth cache not set in the context
DEBUG: org.apache.http.impl.conn.PoolingHttpClientConnectionManager - Connection request: [route: {}->http://127.0.0.1:7057][total kept alive: 0; route allocated: 0 of 2000; total allocated: 0 of 2000]
DEBUG: org.apache.http.impl.conn.PoolingHttpClientConnectionManager - Connection leased: [id: 136][route: {}->http://127.0.0.1:7057][total kept alive: 0; route allocated: 1 of 2000; total allocated: 1 of 2000]
DEBUG: org.apache.http.impl.execchain.MainClientExec - Opening connection {}->http://127.0.0.1:7057
DEBUG: org.apache.http.impl.conn.DefaultHttpClientConnectionOperator - Connecting to /127.0.0.1:7057
DEBUG: org.apache.http.impl.conn.DefaultHttpClientConnectionOperator - Connection established 127.0.0.1:60865<->127.0.0.1:7057
DEBUG: org.apache.http.impl.conn.DefaultManagedHttpClientConnection - http-outgoing-136: set socket timeout to 10800000
DEBUG: org.apache.http.impl.execchain.MainClientExec - Executing request POST /hub/session/2ee26769-3d37-b245-8426-d47429148238/element/%7B9287bff5-5d75-b246-9782-4b06e2fea643%7D/click HTTP/1.1
DEBUG: org.apache.http.impl.execchain.MainClientExec - Target auth state: UNCHALLENGED
DEBUG: org.apache.http.impl.execchain.MainClientExec - Proxy auth state: UNCHALLENGED
DEBUG: org.apache.http.headers - http-outgoing-136 >> POST /hub/session/2ee26769-3d37-b245-8426-d47429148238/element/%7B9287bff5-5d75-b246-9782-4b06e2fea643%7D/click HTTP/1.1
DEBUG: org.apache.http.headers - http-outgoing-136 >> Content-Type: application/json; charset=utf-8
DEBUG: org.apache.http.headers - http-outgoing-136 >> Content-Length: 47
DEBUG: org.apache.http.headers - http-outgoing-136 >> Host: 127.0.0.1:7057
DEBUG: org.apache.http.headers - http-outgoing-136 >> Connection: Keep-Alive
DEBUG: org.apache.http.headers - http-outgoing-136 >> User-Agent: Apache-HttpClient/4.5.2 (Java/1.7.0_79)
DEBUG: org.apache.http.headers - http-outgoing-136 >> Accept-Encoding: gzip,deflate
DEBUG: org.apache.http.wire - http-outgoing-136 >> "POST /hub/session/2ee26769-3d37-b245-8426-d47429148238/element/%7B9287bff5-5d75-b246-9782-4b06e2fea643%7D/click HTTP/1.1[\r][\n]"
DEBUG: org.apache.http.wire - http-outgoing-136 >> "Content-Type: application/json; charset=utf-8[\r][\n]"
DEBUG: org.apache.http.wire - http-outgoing-136 >> "Content-Length: 47[\r][\n]"
DEBUG: org.apache.http.wire - http-outgoing-136 >> "Host: 127.0.0.1:7057[\r][\n]"
DEBUG: org.apache.http.wire - http-outgoing-136 >> "Connection: Keep-Alive[\r][\n]"
DEBUG: org.apache.http.wire - http-outgoing-136 >> "User-Agent: Apache-HttpClient/4.5.2 (Java/1.7.0_79)[\r][\n]"
DEBUG: org.apache.http.wire - http-outgoing-136 >> "Accept-Encoding: gzip,deflate[\r][\n]"
DEBUG: org.apache.http.wire - http-outgoing-136 >> "[\r][\n]"
DEBUG: org.apache.http.wire - http-outgoing-136 >> "{"id":"{9287bff5-5d75-b246-9782-4b06e2fea643}"}"
DEBUG: org.apache.http.wire - http-outgoing-136 << "HTTP/1.1 200 OK[\r][\n]"
DEBUG: org.apache.http.wire - http-outgoing-136 << "content-type: application/json; charset=UTF-8[\r][\n]"
DEBUG: org.apache.http.wire - http-outgoing-136 << "connection: close[\r][\n]"
DEBUG: org.apache.http.wire - http-outgoing-136 << "content-length: 98[\r][\n]"
DEBUG: org.apache.http.wire - http-outgoing-136 << "server: httpd.js[\r][\n]"
DEBUG: org.apache.http.wire - http-outgoing-136 << "date: Fri, 26 Aug 2016 09:42:58 GMT[\r][\n]"
DEBUG: org.apache.http.wire - http-outgoing-136 << "[\r][\n]"
DEBUG: org.apache.http.headers - http-outgoing-136 << HTTP/1.1 200 OK
DEBUG: org.apache.http.headers - http-outgoing-136 << content-type: application/json; charset=UTF-8
DEBUG: org.apache.http.headers - http-outgoing-136 << connection: close
DEBUG: org.apache.http.headers - http-outgoing-136 << content-length: 98
DEBUG: org.apache.http.headers - http-outgoing-136 << server: httpd.js
DEBUG: org.apache.http.headers - http-outgoing-136 << date: Fri, 26 Aug 2016 09:42:58 GMT
DEBUG: org.apache.http.wire - http-outgoing-136 << "{"name":"clickElement","sessionId":"2ee26769-3d37-b245-8426-d47429148238","status":0,"value":"ok"}"
DEBUG: org.apache.http.impl.conn.DefaultManagedHttpClientConnection - http-outgoing-136: Close connection
DEBUG: org.apache.http.impl.execchain.MainClientExec - Connection discarded
DEBUG: org.apache.http.impl.conn.PoolingHttpClientConnectionManager - Connection released: [id: 136][route: {}->http://127.0.0.1:7057][total kept alive: 0; route allocated: 0 of 2000; total allocated: 0 of 2000]
DEBUG: org.apache.http.client.protocol.RequestAddCookies - CookieSpec selected: default
DEBUG: org.apache.http.client.protocol.RequestAuthCache - Auth cache not set in the context
DEBUG: org.apache.http.impl.conn.PoolingHttpClientConnectionManager - Connection request: [route: {}->http://127.0.0.1:7057][total kept alive: 0; route allocated: 0 of 2000; total allocated: 0 of 2000]
DEBUG: org.apache.http.impl.conn.PoolingHttpClientConnectionManager - Connection leased: [id: 137][route: {}->http://127.0.0.1:7057][total kept alive: 0; route allocated: 1 of 2000; total allocated: 1 of 2000]
DEBUG: org.apache.http.impl.execchain.MainClientExec - Opening connection {}->http://127.0.0.1:7057
DEBUG: org.apache.http.impl.conn.DefaultHttpClientConnectionOperator - Connecting to /127.0.0.1:7057
DEBUG: org.apache.http.impl.conn.DefaultHttpClientConnectionOperator - Connection established 127.0.0.1:60868<->127.0.0.1:7057
DEBUG: org.apache.http.impl.conn.DefaultManagedHttpClientConnection - http-outgoing-137: set socket timeout to 10800000
DEBUG: org.apache.http.impl.execchain.MainClientExec - Executing request POST /hub/session/2ee26769-3d37-b245-8426-d47429148238/element HTTP/1.1
DEBUG: org.apache.http.impl.execchain.MainClientExec - Target auth state: UNCHALLENGED
DEBUG: org.apache.http.impl.execchain.MainClientExec - Proxy auth state: UNCHALLENGED
DEBUG: org.apache.http.headers - http-outgoing-137 >> POST /hub/session/2ee26769-3d37-b245-8426-d47429148238/element HTTP/1.1
DEBUG: org.apache.http.headers - http-outgoing-137 >> Content-Type: application/json; charset=utf-8
DEBUG: org.apache.http.headers - http-outgoing-137 >> Content-Length: 29
DEBUG: org.apache.http.headers - http-outgoing-137 >> Host: 127.0.0.1:7057
DEBUG: org.apache.http.headers - http-outgoing-137 >> Connection: Keep-Alive
DEBUG: org.apache.http.headers - http-outgoing-137 >> User-Agent: Apache-HttpClient/4.5.2 (Java/1.7.0_79)
DEBUG: org.apache.http.headers - http-outgoing-137 >> Accept-Encoding: gzip,deflate
DEBUG: org.apache.http.wire - http-outgoing-137 >> "POST /hub/session/2ee26769-3d37-b245-8426-d47429148238/element HTTP/1.1[\r][\n]"
DEBUG: org.apache.http.wire - http-outgoing-137 >> "Content-Type: application/json; charset=utf-8[\r][\n]"
DEBUG: org.apache.http.wire - http-outgoing-137 >> "Content-Length: 29[\r][\n]"
DEBUG: org.apache.http.wire - http-outgoing-137 >> "Host: 127.0.0.1:7057[\r][\n]"
DEBUG: org.apache.http.wire - http-outgoing-137 >> "Connection: Keep-Alive[\r][\n]"
DEBUG: org.apache.http.wire - http-outgoing-137 >> "User-Agent: Apache-HttpClient/4.5.2 (Java/1.7.0_79)[\r][\n]"
DEBUG: org.apache.http.wire - http-outgoing-137 >> "Accept-Encoding: gzip,deflate[\r][\n]"
DEBUG: org.apache.http.wire - http-outgoing-137 >> "[\r][\n]"
DEBUG: org.apache.http.wire - http-outgoing-137 >> "{"using":"id","value":"name"}"
DEBUG: org.apache.http.wire - http-outgoing-137 << "HTTP/1.1 200 OK[\r][\n]"
DEBUG: org.apache.http.wire - http-outgoing-137 << "content-type: application/json; charset=UTF-8[\r][\n]"
DEBUG: org.apache.http.wire - http-outgoing-137 << "connection: close[\r][\n]"
DEBUG: org.apache.http.wire - http-outgoing-137 << "content-length: 224[\r][\n]"
DEBUG: org.apache.http.wire - http-outgoing-137 << "server: httpd.js[\r][\n]"
DEBUG: org.apache.http.wire - http-outgoing-137 << "date: Fri, 26 Aug 2016 09:42:58 GMT[\r][\n]"
DEBUG: org.apache.http.wire - http-outgoing-137 << "[\r][\n]"
DEBUG: org.apache.http.headers - http-outgoing-137 << HTTP/1.1 200 OK
DEBUG: org.apache.http.headers - http-outgoing-137 << content-type: application/json; charset=UTF-8
DEBUG: org.apache.http.headers - http-outgoing-137 << connection: close
DEBUG: org.apache.http.headers - http-outgoing-137 << content-length: 224
DEBUG: org.apache.http.headers - http-outgoing-137 << server: httpd.js
DEBUG: org.apache.http.headers - http-outgoing-137 << date: Fri, 26 Aug 2016 09:42:58 GMT
DEBUG: org.apache.http.wire - http-outgoing-137 << "{"name":"findElement","sessionId":"2ee26769-3d37-b245-8426-d47429148238","status":0,"value":{"ELEMENT":"{23139b93-b10c-734a-8437-4becbb8c49fb}","element-6066-11e4-a52e-4f735466cecf":"{23139b93-b10c-734a-8437-4becbb8c49fb}"}}"
DEBUG: org.apache.http.impl.conn.DefaultManagedHttpClientConnection - http-outgoing-137: Close connection
DEBUG: org.apache.http.impl.execchain.MainClientExec - Connection discarded
DEBUG: org.apache.http.impl.conn.PoolingHttpClientConnectionManager - Connection released: [id: 137][route: {}->http://127.0.0.1:7057][total kept alive: 0; route allocated: 0 of 2000; total allocated: 0 of 2000]
DEBUG: org.apache.http.client.protocol.RequestAddCookies - CookieSpec selected: default
DEBUG: org.apache.http.client.protocol.RequestAuthCache - Auth cache not set in the context
DEBUG: org.apache.http.impl.conn.PoolingHttpClientConnectionManager - Connection request: [route: {}->http://127.0.0.1:7057][total kept alive: 0; route allocated: 0 of 2000; total allocated: 0 of 2000]
DEBUG: org.apache.http.impl.conn.PoolingHttpClientConnectionManager - Connection leased: [id: 138][route: {}->http://127.0.0.1:7057][total kept alive: 0; route allocated: 1 of 2000; total allocated: 1 of 2000]
DEBUG: org.apache.http.impl.execchain.MainClientExec - Opening connection {}->http://127.0.0.1:7057
DEBUG: org.apache.http.impl.conn.DefaultHttpClientConnectionOperator - Connecting to /127.0.0.1:7057
DEBUG: org.apache.http.impl.conn.DefaultHttpClientConnectionOperator - Connection established 127.0.0.1:60869<->127.0.0.1:7057
DEBUG: org.apache.http.impl.conn.DefaultManagedHttpClientConnection - http-outgoing-138: set socket timeout to 10800000
DEBUG: org.apache.http.impl.execchain.MainClientExec - Executing request POST /hub/session/2ee26769-3d37-b245-8426-d47429148238/element/%7B23139b93-b10c-734a-8437-4becbb8c49fb%7D/clear HTTP/1.1
DEBUG: org.apache.http.impl.execchain.MainClientExec - Target auth state: UNCHALLENGED
DEBUG: org.apache.http.impl.execchain.MainClientExec - Proxy auth state: UNCHALLENGED
DEBUG: org.apache.http.headers - http-outgoing-138 >> POST /hub/session/2ee26769-3d37-b245-8426-d47429148238/element/%7B23139b93-b10c-734a-8437-4becbb8c49fb%7D/clear HTTP/1.1
DEBUG: org.apache.http.headers - http-outgoing-138 >> Content-Type: application/json; charset=utf-8
DEBUG: org.apache.http.headers - http-outgoing-138 >> Content-Length: 47
DEBUG: org.apache.http.headers - http-outgoing-138 >> Host: 127.0.0.1:7057
DEBUG: org.apache.http.headers - http-outgoing-138 >> Connection: Keep-Alive
DEBUG: org.apache.http.headers - http-outgoing-138 >> User-Agent: Apache-HttpClient/4.5.2 (Java/1.7.0_79)
DEBUG: org.apache.http.headers - http-outgoing-138 >> Accept-Encoding: gzip,deflate
DEBUG: org.apache.http.wire - http-outgoing-138 >> "POST /hub/session/2ee26769-3d37-b245-8426-d47429148238/element/%7B23139b93-b10c-734a-8437-4becbb8c49fb%7D/clear HTTP/1.1[\r][\n]"
DEBUG: org.apache.http.wire - http-outgoing-138 >> "Content-Type: application/json; charset=utf-8[\r][\n]"
DEBUG: org.apache.http.wire - http-outgoing-138 >> "Content-Length: 47[\r][\n]"
DEBUG: org.apache.http.wire - http-outgoing-138 >> "Host: 127.0.0.1:7057[\r][\n]"
DEBUG: org.apache.http.wire - http-outgoing-138 >> "Connection: Keep-Alive[\r][\n]"
DEBUG: org.apache.http.wire - http-outgoing-138 >> "User-Agent: Apache-HttpClient/4.5.2 (Java/1.7.0_79)[\r][\n]"
DEBUG: org.apache.http.wire - http-outgoing-138 >> "Accept-Encoding: gzip,deflate[\r][\n]"
DEBUG: org.apache.http.wire - http-outgoing-138 >> "[\r][\n]"
DEBUG: org.apache.http.wire - http-outgoing-138 >> "{"id":"{23139b93-b10c-734a-8437-4becbb8c49fb}"}"
DEBUG: org.apache.http.wire - http-outgoing-138 << "HTTP/1.1 200 OK[\r][\n]"
DEBUG: org.apache.http.wire - http-outgoing-138 << "content-type: application/json; charset=UTF-8[\r][\n]"
DEBUG: org.apache.http.wire - http-outgoing-138 << "connection: close[\r][\n]"
DEBUG: org.apache.http.wire - http-outgoing-138 << "content-length: 96[\r][\n]"
DEBUG: org.apache.http.wire - http-outgoing-138 << "server: httpd.js[\r][\n]"
DEBUG: org.apache.http.wire - http-outgoing-138 << "date: Fri, 26 Aug 2016 09:42:58 GMT[\r][\n]"
DEBUG: org.apache.http.wire - http-outgoing-138 << "[\r][\n]"
DEBUG: org.apache.http.headers - http-outgoing-138 << HTTP/1.1 200 OK
DEBUG: org.apache.http.headers - http-outgoing-138 << content-type: application/json; charset=UTF-8
DEBUG: org.apache.http.headers - http-outgoing-138 << connection: close
DEBUG: org.apache.http.headers - http-outgoing-138 << content-length: 96
DEBUG: org.apache.http.headers - http-outgoing-138 << server: httpd.js
DEBUG: org.apache.http.headers - http-outgoing-138 << date: Fri, 26 Aug 2016 09:42:58 GMT
DEBUG: org.apache.http.wire - http-outgoing-138 << "{"name":"clearElement","sessionId":"2ee26769-3d37-b245-8426-d47429148238","status":0,"value":""}"
DEBUG: org.apache.http.impl.conn.DefaultManagedHttpClientConnection - http-outgoing-138: Close connection
DEBUG: org.apache.http.impl.execchain.MainClientExec - Connection discarded
DEBUG: org.apache.http.impl.conn.PoolingHttpClientConnectionManager - Connection released: [id: 138][route: {}->http://127.0.0.1:7057][total kept alive: 0; route allocated: 0 of 2000; total allocated: 0 of 2000]
DEBUG: org.apache.http.client.protocol.RequestAddCookies - CookieSpec selected: default
DEBUG: org.apache.http.client.protocol.RequestAuthCache - Auth cache not set in the context
DEBUG: org.apache.http.impl.conn.PoolingHttpClientConnectionManager - Connection request: [route: {}->http://127.0.0.1:7057][total kept alive: 0; route allocated: 0 of 2000; total allocated: 0 of 2000]
DEBUG: org.apache.http.impl.conn.PoolingHttpClientConnectionManager - Connection leased: [id: 139][route: {}->http://127.0.0.1:7057][total kept alive: 0; route allocated: 1 of 2000; total allocated: 1 of 2000]
DEBUG: org.apache.http.impl.execchain.MainClientExec - Opening connection {}->http://127.0.0.1:7057
DEBUG: org.apache.http.impl.conn.DefaultHttpClientConnectionOperator - Connecting to /127.0.0.1:7057
DEBUG: org.apache.http.impl.conn.DefaultHttpClientConnectionOperator - Connection established 127.0.0.1:60870<->127.0.0.1:7057
DEBUG: org.apache.http.impl.conn.DefaultManagedHttpClientConnection - http-outgoing-139: set socket timeout to 10800000
DEBUG: org.apache.http.impl.execchain.MainClientExec - Executing request POST /hub/session/2ee26769-3d37-b245-8426-d47429148238/element/%7B23139b93-b10c-734a-8437-4becbb8c49fb%7D/value HTTP/1.1
DEBUG: org.apache.http.impl.execchain.MainClientExec - Target auth state: UNCHALLENGED
DEBUG: org.apache.http.impl.execchain.MainClientExec - Proxy auth state: UNCHALLENGED
DEBUG: org.apache.http.headers - http-outgoing-139 >> POST /hub/session/2ee26769-3d37-b245-8426-d47429148238/element/%7B23139b93-b10c-734a-8437-4becbb8c49fb%7D/value HTTP/1.1
DEBUG: org.apache.http.headers - http-outgoing-139 >> Content-Type: application/json; charset=utf-8
DEBUG: org.apache.http.headers - http-outgoing-139 >> Content-Length: 80
DEBUG: org.apache.http.headers - http-outgoing-139 >> Host: 127.0.0.1:7057
DEBUG: org.apache.http.headers - http-outgoing-139 >> Connection: Keep-Alive
DEBUG: org.apache.http.headers - http-outgoing-139 >> User-Agent: Apache-HttpClient/4.5.2 (Java/1.7.0_79)
DEBUG: org.apache.http.headers - http-outgoing-139 >> Accept-Encoding: gzip,deflate
DEBUG: org.apache.http.wire - http-outgoing-139 >> "POST /hub/session/2ee26769-3d37-b245-8426-d47429148238/element/%7B23139b93-b10c-734a-8437-4becbb8c49fb%7D/value HTTP/1.1[\r][\n]"
DEBUG: org.apache.http.wire - http-outgoing-139 >> "Content-Type: application/json; charset=utf-8[\r][\n]"
DEBUG: org.apache.http.wire - http-outgoing-139 >> "Content-Length: 80[\r][\n]"
DEBUG: org.apache.http.wire - http-outgoing-139 >> "Host: 127.0.0.1:7057[\r][\n]"
DEBUG: org.apache.http.wire - http-outgoing-139 >> "Connection: Keep-Alive[\r][\n]"
DEBUG: org.apache.http.wire - http-outgoing-139 >> "User-Agent: Apache-HttpClient/4.5.2 (Java/1.7.0_79)[\r][\n]"
DEBUG: org.apache.http.wire - http-outgoing-139 >> "Accept-Encoding: gzip,deflate[\r][\n]"
DEBUG: org.apache.http.wire - http-outgoing-139 >> "[\r][\n]"
[...]
DEBUG: org.apache.http.wire - http-outgoing-222 >> "Connection: Keep-Alive[\r][\n]"
DEBUG: org.apache.http.wire - http-outgoing-222 >> "User-Agent: Apache-HttpClient/4.5.2 (Java/1.7.0_79)[\r][\n]"
DEBUG: org.apache.http.wire - http-outgoing-222 >> "Accept-Encoding: gzip,deflate[\r][\n]"
DEBUG: org.apache.http.wire - http-outgoing-222 >> "[\r][\n]"
DEBUG: org.apache.http.wire - http-outgoing-222 >> "{"using":"name","value":"delete"}"
DEBUG: org.apache.http.wire - http-outgoing-222 << "HTTP/1.1 200 OK[\r][\n]"
DEBUG: org.apache.http.wire - http-outgoing-222 << "content-type: application/json; charset=UTF-8[\r][\n]"
DEBUG: org.apache.http.wire - http-outgoing-222 << "connection: close[\r][\n]"
DEBUG: org.apache.http.wire - http-outgoing-222 << "content-length: 224[\r][\n]"
DEBUG: org.apache.http.wire - http-outgoing-222 << "server: httpd.js[\r][\n]"
DEBUG: org.apache.http.wire - http-outgoing-222 << "date: Fri, 26 Aug 2016 09:43:00 GMT[\r][\n]"
DEBUG: org.apache.http.wire - http-outgoing-222 << "[\r][\n]"
DEBUG: org.apache.http.headers - http-outgoing-222 << HTTP/1.1 200 OK
DEBUG: org.apache.http.headers - http-outgoing-222 << content-type: application/json; charset=UTF-8
DEBUG: org.apache.http.headers - http-outgoing-222 << connection: close
DEBUG: org.apache.http.headers - http-outgoing-222 << content-length: 224
DEBUG: org.apache.http.headers - http-outgoing-222 << server: httpd.js
DEBUG: org.apache.http.headers - http-outgoing-222 << date: Fri, 26 Aug 2016 09:43:00 GMT
DEBUG: org.apache.http.wire - http-outgoing-222 << "{"name":"findElement","sessionId":"2ee26769-3d37-b245-8426-d47429148238","status":0,"value":{"ELEMENT":"{6c4a077e-b6d8-0f47-aca6-28d65bb61eb9}","element-6066-11e4-a52e-4f735466cecf":"{6c4a077e-b6d8-0f47-aca6-28d65bb61eb9}"}}"
DEBUG: org.apache.http.impl.conn.DefaultManagedHttpClientConnection - http-outgoing-222: Close connection
DEBUG: org.apache.http.impl.execchain.MainClientExec - Connection discarded
DEBUG: org.apache.http.impl.conn.PoolingHttpClientConnectionManager - Connection released: [id: 222][route: {}->http://127.0.0.1:7057][total kept alive: 0; route allocated: 0 of 2000; total allocated: 0 of 2000]
DEBUG: org.apache.http.client.protocol.RequestAddCookies - CookieSpec selected: default
DEBUG: org.apache.http.client.protocol.RequestAuthCache - Auth cache not set in the context
DEBUG: org.apache.http.impl.conn.PoolingHttpClientConnectionManager - Connection request: [route: {}->http://127.0.0.1:7057][total kept alive: 0; route allocated: 0 of 2000; total allocated: 0 of 2000]
DEBUG: org.apache.http.impl.conn.PoolingHttpClientConnectionManager - Connection leased: [id: 223][route: {}->http://127.0.0.1:7057][total kept alive: 0; route allocated: 1 of 2000; total allocated: 1 of 2000]
DEBUG: org.apache.http.impl.execchain.MainClientExec - Opening connection {}->http://127.0.0.1:7057
DEBUG: org.apache.http.impl.conn.DefaultHttpClientConnectionOperator - Connecting to /127.0.0.1:7057
DEBUG: org.apache.http.impl.conn.DefaultHttpClientConnectionOperator - Connection established 127.0.0.1:60963<->127.0.0.1:7057
DEBUG: org.apache.http.impl.conn.DefaultManagedHttpClientConnection - http-outgoing-223: set socket timeout to 10800000
DEBUG: org.apache.http.impl.execchain.MainClientExec - Executing request POST /hub/session/2ee26769-3d37-b245-8426-d47429148238/element/%7B6c4a077e-b6d8-0f47-aca6-28d65bb61eb9%7D/click HTTP/1.1
DEBUG: org.apache.http.impl.execchain.MainClientExec - Target auth state: UNCHALLENGED
DEBUG: org.apache.http.impl.execchain.MainClientExec - Proxy auth state: UNCHALLENGED
DEBUG: org.apache.http.headers - http-outgoing-223 >> POST /hub/session/2ee26769-3d37-b245-8426-d47429148238/element/%7B6c4a077e-b6d8-0f47-aca6-28d65bb61eb9%7D/click HTTP/1.1
DEBUG: org.apache.http.headers - http-outgoing-223 >> Content-Type: application/json; charset=utf-8
DEBUG: org.apache.http.headers - http-outgoing-223 >> Content-Length: 47
DEBUG: org.apache.http.headers - http-outgoing-223 >> Host: 127.0.0.1:7057
DEBUG: org.apache.http.headers - http-outgoing-223 >> Connection: Keep-Alive
DEBUG: org.apache.http.headers - http-outgoing-223 >> User-Agent: Apache-HttpClient/4.5.2 (Java/1.7.0_79)
DEBUG: org.apache.http.headers - http-outgoing-223 >> Accept-Encoding: gzip,deflate
DEBUG: org.apache.http.wire - http-outgoing-223 >> "POST /hub/session/2ee26769-3d37-b245-8426-d47429148238/element/%7B6c4a077e-b6d8-0f47-aca6-28d65bb61eb9%7D/click HTTP/1.1[\r][\n]"
DEBUG: org.apache.http.wire - http-outgoing-223 >> "Content-Type: application/json; charset=utf-8[\r][\n]"
DEBUG: org.apache.http.wire - http-outgoing-223 >> "Content-Length: 47[\r][\n]"
DEBUG: org.apache.http.wire - http-outgoing-223 >> "Host: 127.0.0.1:7057[\r][\n]"
DEBUG: org.apache.http.wire - http-outgoing-223 >> "Connection: Keep-Alive[\r][\n]"
DEBUG: org.apache.http.wire - http-outgoing-223 >> "User-Agent: Apache-HttpClient/4.5.2 (Java/1.7.0_79)[\r][\n]"
DEBUG: org.apache.http.wire - http-outgoing-223 >> "Accept-Encoding: gzip,deflate[\r][\n]"
DEBUG: org.apache.http.wire - http-outgoing-223 >> "[\r][\n]"
DEBUG: org.apache.http.wire - http-outgoing-223 >> "{"id":"{6c4a077e-b6d8-0f47-aca6-28d65bb61eb9}"}"
DEBUG: org.apache.http.wire - http-outgoing-223 << "HTTP/1.1 200 OK[\r][\n]"
DEBUG: org.apache.http.wire - http-outgoing-223 << "content-type: application/json; charset=UTF-8[\r][\n]"
DEBUG: org.apache.http.wire - http-outgoing-223 << "connection: close[\r][\n]"
DEBUG: org.apache.http.wire - http-outgoing-223 << "content-length: 98[\r][\n]"
DEBUG: org.apache.http.wire - http-outgoing-223 << "server: httpd.js[\r][\n]"
DEBUG: org.apache.http.wire - http-outgoing-223 << "date: Fri, 26 Aug 2016 09:43:01 GMT[\r][\n]"
DEBUG: org.apache.http.wire - http-outgoing-223 << "[\r][\n]"
DEBUG: org.apache.http.headers - http-outgoing-223 << HTTP/1.1 200 OK
DEBUG: org.apache.http.headers - http-outgoing-223 << content-type: application/json; charset=UTF-8
DEBUG: org.apache.http.headers - http-outgoing-223 << connection: close
DEBUG: org.apache.http.headers - http-outgoing-223 << content-length: 98
DEBUG: org.apache.http.headers - http-outgoing-223 << server: httpd.js
DEBUG: org.apache.http.headers - http-outgoing-223 << date: Fri, 26 Aug 2016 09:43:01 GMT
DEBUG: org.apache.http.wire - http-outgoing-223 << "{"name":"clickElement","sessionId":"2ee26769-3d37-b245-8426-d47429148238","status":0,"value":"ok"}"
DEBUG: org.apache.http.impl.conn.DefaultManagedHttpClientConnection - http-outgoing-223: Close connection
DEBUG: org.apache.http.impl.execchain.MainClientExec - Connection discarded
DEBUG: org.apache.http.impl.conn.PoolingHttpClientConnectionManager - Connection released: [id: 223][route: {}->http://127.0.0.1:7057][total kept alive: 0; route allocated: 0 of 2000; total allocated: 0 of 2000]
DEBUG: org.apache.http.client.protocol.RequestAddCookies - CookieSpec selected: default
DEBUG: org.apache.http.client.protocol.RequestAuthCache - Auth cache not set in the context
DEBUG: org.apache.http.impl.conn.PoolingHttpClientConnectionManager - Connection request: [route: {}->http://127.0.0.1:7057][total kept alive: 0; route allocated: 0 of 2000; total allocated: 0 of 2000]
DEBUG: org.apache.http.impl.conn.PoolingHttpClientConnectionManager - Connection leased: [id: 224][route: {}->http://127.0.0.1:7057][total kept alive: 0; route allocated: 1 of 2000; total allocated: 1 of 2000]
DEBUG: org.apache.http.impl.execchain.MainClientExec - Opening connection {}->http://127.0.0.1:7057
DEBUG: org.apache.http.impl.conn.DefaultHttpClientConnectionOperator - Connecting to /127.0.0.1:7057
DEBUG: org.apache.http.impl.conn.DefaultHttpClientConnectionOperator - Connection established 127.0.0.1:60964<->127.0.0.1:7057
DEBUG: org.apache.http.impl.conn.DefaultManagedHttpClientConnection - http-outgoing-224: set socket timeout to 10800000
DEBUG: org.apache.http.impl.execchain.MainClientExec - Executing request POST /hub/session/2ee26769-3d37-b245-8426-d47429148238/elements HTTP/1.1
DEBUG: org.apache.http.impl.execchain.MainClientExec - Target auth state: UNCHALLENGED
DEBUG: org.apache.http.impl.execchain.MainClientExec - Proxy auth state: UNCHALLENGED
DEBUG: org.apache.http.headers - http-outgoing-224 >> POST /hub/session/2ee26769-3d37-b245-8426-d47429148238/elements HTTP/1.1
DEBUG: org.apache.http.headers - http-outgoing-224 >> Content-Type: application/json; charset=utf-8
DEBUG: org.apache.http.headers - http-outgoing-224 >> Content-Length: 95
DEBUG: org.apache.http.headers - http-outgoing-224 >> Host: 127.0.0.1:7057
DEBUG: org.apache.http.headers - http-outgoing-224 >> Connection: Keep-Alive
DEBUG: org.apache.http.headers - http-outgoing-224 >> User-Agent: Apache-HttpClient/4.5.2 (Java/1.7.0_79)
DEBUG: org.apache.http.headers - http-outgoing-224 >> Accept-Encoding: gzip,deflate
DEBUG: org.apache.http.wire - http-outgoing-224 >> "POST /hub/session/2ee26769-3d37-b245-8426-d47429148238/elements HTTP/1.1[\r][\n]"
DEBUG: org.apache.http.wire - http-outgoing-224 >> "Content-Type: application/json; charset=utf-8[\r][\n]"
DEBUG: org.apache.http.wire - http-outgoing-224 >> "Content-Length: 95[\r][\n]"
DEBUG: org.apache.http.wire - http-outgoing-224 >> "Host: 127.0.0.1:7057[\r][\n]"
DEBUG: org.apache.http.wire - http-outgoing-224 >> "Connection: Keep-Alive[\r][\n]"
DEBUG: org.apache.http.wire - http-outgoing-224 >> "User-Agent: Apache-HttpClient/4.5.2 (Java/1.7.0_79)[\r][\n]"
DEBUG: org.apache.http.wire - http-outgoing-224 >> "Accept-Encoding: gzip,deflate[\r][\n]"
DEBUG: org.apache.http.wire - http-outgoing-224 >> "[\r][\n]"
DEBUG: org.apache.http.wire - http-outgoing-224 >> "{"using":"xpath","value":"//tbody/tr/td[2]/input[@value='NEW - Spoke - Reflectors Arrow red']"}"
DEBUG: org.apache.http.wire - http-outgoing-224 << "HTTP/1.1 200 OK[\r][\n]"
DEBUG: org.apache.http.wire - http-outgoing-224 << "content-type: application/json; charset=UTF-8[\r][\n]"
DEBUG: org.apache.http.wire - http-outgoing-224 << "connection: close[\r][\n]"
DEBUG: org.apache.http.wire - http-outgoing-224 << "content-length: 227[\r][\n]"
DEBUG: org.apache.http.wire - http-outgoing-224 << "server: httpd.js[\r][\n]"
DEBUG: org.apache.http.wire - http-outgoing-224 << "date: Fri, 26 Aug 2016 09:43:01 GMT[\r][\n]"
DEBUG: org.apache.http.wire - http-outgoing-224 << "[\r][\n]"
DEBUG: org.apache.http.headers - http-outgoing-224 << HTTP/1.1 200 OK
DEBUG: org.apache.http.headers - http-outgoing-224 << content-type: application/json; charset=UTF-8
DEBUG: org.apache.http.headers - http-outgoing-224 << connection: close
DEBUG: org.apache.http.headers - http-outgoing-224 << content-length: 227
DEBUG: org.apache.http.headers - http-outgoing-224 << server: httpd.js
DEBUG: org.apache.http.headers - http-outgoing-224 << date: Fri, 26 Aug 2016 09:43:01 GMT
DEBUG: org.apache.http.wire - http-outgoing-224 << "{"name":"findElements","sessionId":"2ee26769-3d37-b245-8426-d47429148238","status":0,"value":[{"ELEMENT":"{ba61ff01-e7a0-124f-80d6-b81ffe795422}","element-6066-11e4-a52e-4f735466cecf":"{ba61ff01-e7a0-124f-80d6-b81ffe795422}"}]}"
DEBUG: org.apache.http.impl.conn.DefaultManagedHttpClientConnection - http-outgoing-224: Close connection
DEBUG: org.apache.http.impl.execchain.MainClientExec - Connection discarded
DEBUG: org.apache.http.impl.conn.PoolingHttpClientConnectionManager - Connection released: [id: 224][route: {}->http://127.0.0.1:7057][total kept alive: 0; route allocated: 0 of 2000; total allocated: 0 of 2000]
DEBUG: org.apache.http.client.protocol.RequestAddCookies - CookieSpec selected: default
DEBUG: org.apache.http.client.protocol.RequestAuthCache - Auth cache not set in the context
DEBUG: org.apache.http.impl.conn.PoolingHttpClientConnectionManager - Connection request: [route: {}->http://127.0.0.1:7057][total kept alive: 0; route allocated: 0 of 2000; total allocated: 0 of 2000]
DEBUG: org.apache.http.impl.conn.PoolingHttpClientConnectionManager - Connection leased: [id: 225][route: {}->http://127.0.0.1:7057][total kept alive: 0; route allocated: 1 of 2000; total allocated: 1 of 2000]
DEBUG: org.apache.http.impl.execchain.MainClientExec - Opening connection {}->http://127.0.0.1:7057
DEBUG: org.apache.http.impl.conn.DefaultHttpClientConnectionOperator - Connecting to /127.0.0.1:7057
DEBUG: org.apache.http.impl.conn.DefaultHttpClientConnectionOperator - Connection established 127.0.0.1:60965<->127.0.0.1:7057
DEBUG: org.apache.http.impl.conn.DefaultManagedHttpClientConnection - http-outgoing-225: set socket timeout to 10800000
DEBUG: org.apache.http.impl.execchain.MainClientExec - Executing request POST /hub/session/2ee26769-3d37-b245-8426-d47429148238/elements HTTP/1.1
DEBUG: org.apache.http.impl.execchain.MainClientExec - Target auth state: UNCHALLENGED
DEBUG: org.apache.http.impl.execchain.MainClientExec - Proxy auth state: UNCHALLENGED
DEBUG: org.apache.http.headers - http-outgoing-225 >> POST /hub/session/2ee26769-3d37-b245-8426-d47429148238/elements HTTP/1.1
DEBUG: org.apache.http.headers - http-outgoing-225 >> Content-Type: application/json; charset=utf-8
DEBUG: org.apache.http.headers - http-outgoing-225 >> Content-Length: 87
DEBUG: org.apache.http.headers - http-outgoing-225 >> Host: 127.0.0.1:7057
DEBUG: org.apache.http.headers - http-outgoing-225 >> Connection: Keep-Alive
DEBUG: org.apache.http.headers - http-outgoing-225 >> User-Agent: Apache-HttpClient/4.5.2 (Java/1.7.0_79)
DEBUG: org.apache.http.headers - http-outgoing-225 >> Accept-Encoding: gzip,deflate
DEBUG: org.apache.http.wire - http-outgoing-225 >> "POST /hub/session/2ee26769-3d37-b245-8426-d47429148238/elements HTTP/1.1[\r][\n]"
DEBUG: org.apache.http.wire - http-outgoing-225 >> "Content-Type: application/json; charset=utf-8[\r][\n]"
DEBUG: org.apache.http.wire - http-outgoing-225 >> "Content-Length: 87[\r][\n]"
DEBUG: org.apache.http.wire - http-outgoing-225 >> "Host: 127.0.0.1:7057[\r][\n]"
DEBUG: org.apache.http.wire - http-outgoing-225 >> "Connection: Keep-Alive[\r][\n]"
DEBUG: org.apache.http.wire - http-outgoing-225 >> "User-Agent: Apache-HttpClient/4.5.2 (Java/1.7.0_79)[\r][\n]"
DEBUG: org.apache.http.wire - http-outgoing-225 >> "Accept-Encoding: gzip,deflate[\r][\n]"
DEBUG: org.apache.http.wire - http-outgoing-225 >> "[\r][\n]"
DEBUG: org.apache.http.wire - http-outgoing-225 >> "{"using":"xpath","value":"//tbody/tr/td[2]/input[@value='NEW - Simplon Pavo 3 Ultra']"}"
DEBUG: org.apache.http.wire - http-outgoing-225 << "HTTP/1.1 200 OK[\r][\n]"
DEBUG: org.apache.http.wire - http-outgoing-225 << "content-type: application/json; charset=UTF-8[\r][\n]"
DEBUG: org.apache.http.wire - http-outgoing-225 << "connection: close[\r][\n]"
DEBUG: org.apache.http.wire - http-outgoing-225 << "content-length: 96[\r][\n]"
DEBUG: org.apache.http.wire - http-outgoing-225 << "server: httpd.js[\r][\n]"
DEBUG: org.apache.http.wire - http-outgoing-225 << "date: Fri, 26 Aug 2016 09:43:01 GMT[\r][\n]"
DEBUG: org.apache.http.wire - http-outgoing-225 << "[\r][\n]"
DEBUG: org.apache.http.headers - http-outgoing-225 << HTTP/1.1 200 OK
DEBUG: org.apache.http.headers - http-outgoing-225 << content-type: application/json; charset=UTF-8
DEBUG: org.apache.http.headers - http-outgoing-225 << connection: close
DEBUG: org.apache.http.headers - http-outgoing-225 << content-length: 96
DEBUG: org.apache.http.headers - http-outgoing-225 << server: httpd.js
DEBUG: org.apache.http.headers - http-outgoing-225 << date: Fri, 26 Aug 2016 09:43:01 GMT
DEBUG: org.apache.http.wire - http-outgoing-225 << "{"name":"findElements","sessionId":"2ee26769-3d37-b245-8426-d47429148238","status":0,"value":[]}"
DEBUG: org.apache.http.impl.conn.DefaultManagedHttpClientConnection - http-outgoing-225: Close connection
DEBUG: org.apache.http.impl.execchain.MainClientExec - Connection discarded
DEBUG: org.apache.http.impl.conn.PoolingHttpClientConnectionManager - Connection released: [id: 225][route: {}->http://127.0.0.1:7057][total kept alive: 0; route allocated: 0 of 2000; total allocated: 0 of 2000]
DEBUG: org.apache.http.client.protocol.RequestAddCookies - CookieSpec selected: default
DEBUG: org.apache.http.client.protocol.RequestAuthCache - Auth cache not set in the context
DEBUG: org.apache.http.impl.conn.PoolingHttpClientConnectionManager - Connection request: [route: {}->http://127.0.0.1:7057][total kept alive: 0; route allocated: 0 of 2000; total allocated: 0 of 2000]
DEBUG: org.apache.http.impl.conn.PoolingHttpClientConnectionManager - Connection leased: [id: 226][route: {}->http://127.0.0.1:7057][total kept alive: 0; route allocated: 1 of 2000; total allocated: 1 of 2000]
DEBUG: org.apache.http.impl.execchain.MainClientExec - Opening connection {}->http://127.0.0.1:7057
DEBUG: org.apache.http.impl.conn.DefaultHttpClientConnectionOperator - Connecting to /127.0.0.1:7057
DEBUG: org.apache.http.impl.conn.DefaultHttpClientConnectionOperator - Connection established 127.0.0.1:60966<->127.0.0.1:7057
DEBUG: org.apache.http.impl.conn.DefaultManagedHttpClientConnection - http-outgoing-226: set socket timeout to 10800000
DEBUG: org.apache.http.impl.execchain.MainClientExec - Executing request DELETE /hub/session/2ee26769-3d37-b245-8426-d47429148238/window HTTP/1.1
DEBUG: org.apache.http.impl.execchain.MainClientExec - Target auth state: UNCHALLENGED
DEBUG: org.apache.http.impl.execchain.MainClientExec - Proxy auth state: UNCHALLENGED
DEBUG: org.apache.http.headers - http-outgoing-226 >> DELETE /hub/session/2ee26769-3d37-b245-8426-d47429148238/window HTTP/1.1
DEBUG: org.apache.http.headers - http-outgoing-226 >> Host: 127.0.0.1:7057
DEBUG: org.apache.http.headers - http-outgoing-226 >> Connection: Keep-Alive
DEBUG: org.apache.http.headers - http-outgoing-226 >> User-Agent: Apache-HttpClient/4.5.2 (Java/1.7.0_79)
DEBUG: org.apache.http.headers - http-outgoing-226 >> Accept-Encoding: gzip,deflate
DEBUG: org.apache.http.wire - http-outgoing-226 >> "DELETE /hub/session/2ee26769-3d37-b245-8426-d47429148238/window HTTP/1.1[\r][\n]"
DEBUG: org.apache.http.wire - http-outgoing-226 >> "Host: 127.0.0.1:7057[\r][\n]"
DEBUG: org.apache.http.wire - http-outgoing-226 >> "Connection: Keep-Alive[\r][\n]"
DEBUG: org.apache.http.wire - http-outgoing-226 >> "User-Agent: Apache-HttpClient/4.5.2 (Java/1.7.0_79)[\r][\n]"
DEBUG: org.apache.http.wire - http-outgoing-226 >> "Accept-Encoding: gzip,deflate[\r][\n]"
DEBUG: org.apache.http.wire - http-outgoing-226 >> "[\r][\n]"
DEBUG: org.apache.http.wire - http-outgoing-226 << "HTTP/1.1 200 OK[\r][\n]"
DEBUG: org.apache.http.wire - http-outgoing-226 << "content-type: application/json; charset=UTF-8[\r][\n]"
DEBUG: org.apache.http.wire - http-outgoing-226 << "connection: close[\r][\n]"
DEBUG: org.apache.http.wire - http-outgoing-226 << "content-length: 89[\r][\n]"
DEBUG: org.apache.http.wire - http-outgoing-226 << "server: httpd.js[\r][\n]"
DEBUG: org.apache.http.wire - http-outgoing-226 << "date: Fri, 26 Aug 2016 09:43:01 GMT[\r][\n]"
DEBUG: org.apache.http.wire - http-outgoing-226 << "[\r][\n]"
DEBUG: org.apache.http.headers - http-outgoing-226 << HTTP/1.1 200 OK
DEBUG: org.apache.http.headers - http-outgoing-226 << content-type: application/json; charset=UTF-8
DEBUG: org.apache.http.headers - http-outgoing-226 << connection: close
DEBUG: org.apache.http.headers - http-outgoing-226 << content-length: 89
DEBUG: org.apache.http.headers - http-outgoing-226 << server: httpd.js
DEBUG: org.apache.http.headers - http-outgoing-226 << date: Fri, 26 Aug 2016 09:43:01 GMT
DEBUG: org.apache.http.wire - http-outgoing-226 << "{"name":"close","sessionId":"2ee26769-3d37-b245-8426-d47429148238","status":0,"value":""}"
DEBUG: org.apache.http.impl.conn.DefaultManagedHttpClientConnection - http-outgoing-226: Close connection
DEBUG: org.apache.http.impl.execchain.MainClientExec - Connection discarded
DEBUG: org.apache.http.impl.conn.PoolingHttpClientConnectionManager - Connection released: [id: 226][route: {}->http://127.0.0.1:7057][total kept alive: 0; route allocated: 0 of 2000; total allocated: 0 of 2000]
]]></system-out>
  <system-err><![CDATA[]]></system-err>
</testsuite>
