<?xml version="1.0" encoding="UTF-8"?>
<testsuite name="com.trailblazers.freewheelers.OrderTest" tests="1" skipped="0" failures="0" errors="0" timestamp="2016-08-26T09:43:10" hostname="CNcwzeng.local" time="2.814">
  <properties/>
  <testcase name="testOrderProcess" classname="com.trailblazers.freewheelers.OrderTest" time="2.814"/>
  <system-out><![CDATA[DEBUG: org.apache.http.client.protocol.RequestAddCookies - CookieSpec selected: default
DEBUG: org.apache.http.client.protocol.RequestAuthCache - Auth cache not set in the context
DEBUG: org.apache.http.impl.conn.PoolingHttpClientConnectionManager - Connection request: [route: {}->http://127.0.0.1:7059][total kept alive: 0; route allocated: 0 of 2000; total allocated: 0 of 2000]
DEBUG: org.apache.http.impl.conn.PoolingHttpClientConnectionManager - Connection leased: [id: 321][route: {}->http://127.0.0.1:7059][total kept alive: 0; route allocated: 1 of 2000; total allocated: 1 of 2000]
DEBUG: org.apache.http.impl.execchain.MainClientExec - Opening connection {}->http://127.0.0.1:7059
DEBUG: org.apache.http.impl.conn.DefaultHttpClientConnectionOperator - Connecting to /127.0.0.1:7059
DEBUG: org.apache.http.impl.conn.DefaultHttpClientConnectionOperator - Connection established 127.0.0.1:61129<->127.0.0.1:7059
DEBUG: org.apache.http.impl.conn.DefaultManagedHttpClientConnection - http-outgoing-321: set socket timeout to 10800000
DEBUG: org.apache.http.impl.execchain.MainClientExec - Executing request POST /hub/session HTTP/1.1
DEBUG: org.apache.http.impl.execchain.MainClientExec - Target auth state: UNCHALLENGED
DEBUG: org.apache.http.impl.execchain.MainClientExec - Proxy auth state: UNCHALLENGED
DEBUG: org.apache.http.headers - http-outgoing-321 >> POST /hub/session HTTP/1.1
DEBUG: org.apache.http.headers - http-outgoing-321 >> Content-Type: application/json; charset=utf-8
DEBUG: org.apache.http.headers - http-outgoing-321 >> Content-Length: 105
DEBUG: org.apache.http.headers - http-outgoing-321 >> Host: 127.0.0.1:7059
DEBUG: org.apache.http.headers - http-outgoing-321 >> Connection: Keep-Alive
DEBUG: org.apache.http.headers - http-outgoing-321 >> User-Agent: Apache-HttpClient/4.5.2 (Java/1.7.0_79)
DEBUG: org.apache.http.headers - http-outgoing-321 >> Accept-Encoding: gzip,deflate
DEBUG: org.apache.http.wire - http-outgoing-321 >> "POST /hub/session HTTP/1.1[\r][\n]"
DEBUG: org.apache.http.wire - http-outgoing-321 >> "Content-Type: application/json; charset=utf-8[\r][\n]"
DEBUG: org.apache.http.wire - http-outgoing-321 >> "Content-Length: 105[\r][\n]"
DEBUG: org.apache.http.wire - http-outgoing-321 >> "Host: 127.0.0.1:7059[\r][\n]"
DEBUG: org.apache.http.wire - http-outgoing-321 >> "Connection: Keep-Alive[\r][\n]"
DEBUG: org.apache.http.wire - http-outgoing-321 >> "User-Agent: Apache-HttpClient/4.5.2 (Java/1.7.0_79)[\r][\n]"
DEBUG: org.apache.http.wire - http-outgoing-321 >> "Accept-Encoding: gzip,deflate[\r][\n]"
DEBUG: org.apache.http.wire - http-outgoing-321 >> "[\r][\n]"
DEBUG: org.apache.http.wire - http-outgoing-321 >> "{"desiredCapabilities":{"platform":"ANY","browserName":"firefox","version":""},"requiredCapabilities":{}}"
DEBUG: org.apache.http.wire - http-outgoing-321 << "HTTP/1.1 200 OK[\r][\n]"
DEBUG: org.apache.http.wire - http-outgoing-321 << "content-type: application/json; charset=UTF-8[\r][\n]"
DEBUG: org.apache.http.wire - http-outgoing-321 << "connection: close[\r][\n]"
DEBUG: org.apache.http.wire - http-outgoing-321 << "content-length: 422[\r][\n]"
DEBUG: org.apache.http.wire - http-outgoing-321 << "server: httpd.js[\r][\n]"
DEBUG: org.apache.http.wire - http-outgoing-321 << "date: Fri, 26 Aug 2016 09:43:10 GMT[\r][\n]"
DEBUG: org.apache.http.wire - http-outgoing-321 << "[\r][\n]"
DEBUG: org.apache.http.headers - http-outgoing-321 << HTTP/1.1 200 OK
DEBUG: org.apache.http.headers - http-outgoing-321 << content-type: application/json; charset=UTF-8
DEBUG: org.apache.http.headers - http-outgoing-321 << connection: close
DEBUG: org.apache.http.headers - http-outgoing-321 << content-length: 422
DEBUG: org.apache.http.headers - http-outgoing-321 << server: httpd.js
DEBUG: org.apache.http.headers - http-outgoing-321 << date: Fri, 26 Aug 2016 09:43:10 GMT
DEBUG: org.apache.http.wire - http-outgoing-321 << "{"name":"newSession","sessionId":"6859ab8f-afd9-c347-b344-d0861cf9be94","status":0,"value":{"cssSelectorsEnabled":true,"browserName":"firefox","handlesAlerts":true,"javascriptEnabled":true,"nativeEvents":false,"platform":"Darwin","rotatable":false,"takesScreenshot":true,"version":"47.0.1","webStorageEnabled":true,"applicationCacheEnabled":true,"databaseEnabled":true,"locationContextEnabled":true,"acceptSslCerts":true}}"
DEBUG: org.apache.http.impl.conn.DefaultManagedHttpClientConnection - http-outgoing-321: Close connection
DEBUG: org.apache.http.impl.execchain.MainClientExec - Connection discarded
DEBUG: org.apache.http.impl.conn.PoolingHttpClientConnectionManager - Connection released: [id: 321][route: {}->http://127.0.0.1:7059][total kept alive: 0; route allocated: 0 of 2000; total allocated: 0 of 2000]
DEBUG: org.apache.http.client.protocol.RequestAddCookies - CookieSpec selected: default
DEBUG: org.apache.http.client.protocol.RequestAuthCache - Auth cache not set in the context
DEBUG: org.apache.http.impl.conn.PoolingHttpClientConnectionManager - Connection request: [route: {}->http://127.0.0.1:7059][total kept alive: 0; route allocated: 0 of 2000; total allocated: 0 of 2000]
DEBUG: org.apache.http.impl.conn.PoolingHttpClientConnectionManager - Connection leased: [id: 322][route: {}->http://127.0.0.1:7059][total kept alive: 0; route allocated: 1 of 2000; total allocated: 1 of 2000]
DEBUG: org.apache.http.impl.execchain.MainClientExec - Opening connection {}->http://127.0.0.1:7059
DEBUG: org.apache.http.impl.conn.DefaultHttpClientConnectionOperator - Connecting to /127.0.0.1:7059
DEBUG: org.apache.http.impl.conn.DefaultHttpClientConnectionOperator - Connection established 127.0.0.1:61133<->127.0.0.1:7059
DEBUG: org.apache.http.impl.conn.DefaultManagedHttpClientConnection - http-outgoing-322: set socket timeout to 10800000
DEBUG: org.apache.http.impl.execchain.MainClientExec - Executing request GET /hub/session/6859ab8f-afd9-c347-b344-d0861cf9be94/window_handle HTTP/1.1
DEBUG: org.apache.http.impl.execchain.MainClientExec - Target auth state: UNCHALLENGED
DEBUG: org.apache.http.impl.execchain.MainClientExec - Proxy auth state: UNCHALLENGED
DEBUG: org.apache.http.headers - http-outgoing-322 >> GET /hub/session/6859ab8f-afd9-c347-b344-d0861cf9be94/window_handle HTTP/1.1
DEBUG: org.apache.http.headers - http-outgoing-322 >> Cache-Control: no-cache
DEBUG: org.apache.http.headers - http-outgoing-322 >> Host: 127.0.0.1:7059
DEBUG: org.apache.http.headers - http-outgoing-322 >> Connection: Keep-Alive
DEBUG: org.apache.http.headers - http-outgoing-322 >> User-Agent: Apache-HttpClient/4.5.2 (Java/1.7.0_79)
DEBUG: org.apache.http.headers - http-outgoing-322 >> Accept-Encoding: gzip,deflate
DEBUG: org.apache.http.wire - http-outgoing-322 >> "GET /hub/session/6859ab8f-afd9-c347-b344-d0861cf9be94/window_handle HTTP/1.1[\r][\n]"
DEBUG: org.apache.http.wire - http-outgoing-322 >> "Cache-Control: no-cache[\r][\n]"
DEBUG: org.apache.http.wire - http-outgoing-322 >> "Host: 127.0.0.1:7059[\r][\n]"
DEBUG: org.apache.http.wire - http-outgoing-322 >> "Connection: Keep-Alive[\r][\n]"
DEBUG: org.apache.http.wire - http-outgoing-322 >> "User-Agent: Apache-HttpClient/4.5.2 (Java/1.7.0_79)[\r][\n]"
DEBUG: org.apache.http.wire - http-outgoing-322 >> "Accept-Encoding: gzip,deflate[\r][\n]"
DEBUG: org.apache.http.wire - http-outgoing-322 >> "[\r][\n]"
DEBUG: org.apache.http.wire - http-outgoing-322 << "HTTP/1.1 200 OK[\r][\n]"
DEBUG: org.apache.http.wire - http-outgoing-322 << "content-type: application/json; charset=UTF-8[\r][\n]"
DEBUG: org.apache.http.wire - http-outgoing-322 << "connection: close[\r][\n]"
DEBUG: org.apache.http.wire - http-outgoing-322 << "content-length: 144[\r][\n]"
DEBUG: org.apache.http.wire - http-outgoing-322 << "server: httpd.js[\r][\n]"
DEBUG: org.apache.http.wire - http-outgoing-322 << "date: Fri, 26 Aug 2016 09:43:10 GMT[\r][\n]"
DEBUG: org.apache.http.wire - http-outgoing-322 << "[\r][\n]"
DEBUG: org.apache.http.headers - http-outgoing-322 << HTTP/1.1 200 OK
DEBUG: org.apache.http.headers - http-outgoing-322 << content-type: application/json; charset=UTF-8
DEBUG: org.apache.http.headers - http-outgoing-322 << connection: close
DEBUG: org.apache.http.headers - http-outgoing-322 << content-length: 144
DEBUG: org.apache.http.headers - http-outgoing-322 << server: httpd.js
DEBUG: org.apache.http.headers - http-outgoing-322 << date: Fri, 26 Aug 2016 09:43:10 GMT
DEBUG: org.apache.http.wire - http-outgoing-322 << "{"name":"getCurrentWindowHandle","sessionId":"6859ab8f-afd9-c347-b344-d0861cf9be94","status":0,"value":"{78dcc9f2-0387-4446-884c-32f3835d9870}"}"
DEBUG: org.apache.http.impl.conn.DefaultManagedHttpClientConnection - http-outgoing-322: Close connection
DEBUG: org.apache.http.impl.execchain.MainClientExec - Connection discarded
DEBUG: org.apache.http.impl.conn.PoolingHttpClientConnectionManager - Connection released: [id: 322][route: {}->http://127.0.0.1:7059][total kept alive: 0; route allocated: 0 of 2000; total allocated: 0 of 2000]
DEBUG: org.apache.http.client.protocol.RequestAddCookies - CookieSpec selected: default
DEBUG: org.apache.http.client.protocol.RequestAuthCache - Auth cache not set in the context
DEBUG: org.apache.http.impl.conn.PoolingHttpClientConnectionManager - Connection request: [route: {}->http://127.0.0.1:7059][total kept alive: 0; route allocated: 0 of 2000; total allocated: 0 of 2000]
DEBUG: org.apache.http.impl.conn.PoolingHttpClientConnectionManager - Connection leased: [id: 323][route: {}->http://127.0.0.1:7059][total kept alive: 0; route allocated: 1 of 2000; total allocated: 1 of 2000]
DEBUG: org.apache.http.impl.execchain.MainClientExec - Opening connection {}->http://127.0.0.1:7059
DEBUG: org.apache.http.impl.conn.DefaultHttpClientConnectionOperator - Connecting to /127.0.0.1:7059
DEBUG: org.apache.http.impl.conn.DefaultHttpClientConnectionOperator - Connection established 127.0.0.1:61134<->127.0.0.1:7059
DEBUG: org.apache.http.impl.conn.DefaultManagedHttpClientConnection - http-outgoing-323: set socket timeout to 10800000
DEBUG: org.apache.http.impl.execchain.MainClientExec - Executing request GET /hub/session/6859ab8f-afd9-c347-b344-d0861cf9be94/window_handle HTTP/1.1
DEBUG: org.apache.http.impl.execchain.MainClientExec - Target auth state: UNCHALLENGED
DEBUG: org.apache.http.impl.execchain.MainClientExec - Proxy auth state: UNCHALLENGED
DEBUG: org.apache.http.headers - http-outgoing-323 >> GET /hub/session/6859ab8f-afd9-c347-b344-d0861cf9be94/window_handle HTTP/1.1
DEBUG: org.apache.http.headers - http-outgoing-323 >> Cache-Control: no-cache
DEBUG: org.apache.http.headers - http-outgoing-323 >> Host: 127.0.0.1:7059
DEBUG: org.apache.http.headers - http-outgoing-323 >> Connection: Keep-Alive
DEBUG: org.apache.http.headers - http-outgoing-323 >> User-Agent: Apache-HttpClient/4.5.2 (Java/1.7.0_79)
DEBUG: org.apache.http.headers - http-outgoing-323 >> Accept-Encoding: gzip,deflate
DEBUG: org.apache.http.wire - http-outgoing-323 >> "GET /hub/session/6859ab8f-afd9-c347-b344-d0861cf9be94/window_handle HTTP/1.1[\r][\n]"
DEBUG: org.apache.http.wire - http-outgoing-323 >> "Cache-Control: no-cache[\r][\n]"
DEBUG: org.apache.http.wire - http-outgoing-323 >> "Host: 127.0.0.1:7059[\r][\n]"
DEBUG: org.apache.http.wire - http-outgoing-323 >> "Connection: Keep-Alive[\r][\n]"
DEBUG: org.apache.http.wire - http-outgoing-323 >> "User-Agent: Apache-HttpClient/4.5.2 (Java/1.7.0_79)[\r][\n]"
DEBUG: org.apache.http.wire - http-outgoing-323 >> "Accept-Encoding: gzip,deflate[\r][\n]"
DEBUG: org.apache.http.wire - http-outgoing-323 >> "[\r][\n]"
DEBUG: org.apache.http.wire - http-outgoing-323 << "HTTP/1.1 200 OK[\r][\n]"
DEBUG: org.apache.http.wire - http-outgoing-323 << "content-type: application/json; charset=UTF-8[\r][\n]"
DEBUG: org.apache.http.wire - http-outgoing-323 << "connection: close[\r][\n]"
DEBUG: org.apache.http.wire - http-outgoing-323 << "content-length: 144[\r][\n]"
DEBUG: org.apache.http.wire - http-outgoing-323 << "server: httpd.js[\r][\n]"
DEBUG: org.apache.http.wire - http-outgoing-323 << "date: Fri, 26 Aug 2016 09:43:10 GMT[\r][\n]"
DEBUG: org.apache.http.wire - http-outgoing-323 << "[\r][\n]"
DEBUG: org.apache.http.headers - http-outgoing-323 << HTTP/1.1 200 OK
DEBUG: org.apache.http.headers - http-outgoing-323 << content-type: application/json; charset=UTF-8
DEBUG: org.apache.http.headers - http-outgoing-323 << connection: close
DEBUG: org.apache.http.headers - http-outgoing-323 << content-length: 144
DEBUG: org.apache.http.headers - http-outgoing-323 << server: httpd.js
DEBUG: org.apache.http.headers - http-outgoing-323 << date: Fri, 26 Aug 2016 09:43:10 GMT
DEBUG: org.apache.http.wire - http-outgoing-323 << "{"name":"getCurrentWindowHandle","sessionId":"6859ab8f-afd9-c347-b344-d0861cf9be94","status":0,"value":"{78dcc9f2-0387-4446-884c-32f3835d9870}"}"
DEBUG: org.apache.http.impl.conn.DefaultManagedHttpClientConnection - http-outgoing-323: Close connection
DEBUG: org.apache.http.impl.execchain.MainClientExec - Connection discarded
DEBUG: org.apache.http.impl.conn.PoolingHttpClientConnectionManager - Connection released: [id: 323][route: {}->http://127.0.0.1:7059][total kept alive: 0; route allocated: 0 of 2000; total allocated: 0 of 2000]
DEBUG: org.apache.http.client.protocol.RequestAddCookies - CookieSpec selected: default
DEBUG: org.apache.http.client.protocol.RequestAuthCache - Auth cache not set in the context
DEBUG: org.apache.http.impl.conn.PoolingHttpClientConnectionManager - Connection request: [route: {}->http://127.0.0.1:7059][total kept alive: 0; route allocated: 0 of 2000; total allocated: 0 of 2000]
DEBUG: org.apache.http.impl.conn.PoolingHttpClientConnectionManager - Connection leased: [id: 324][route: {}->http://127.0.0.1:7059][total kept alive: 0; route allocated: 1 of 2000; total allocated: 1 of 2000]
DEBUG: org.apache.http.impl.execchain.MainClientExec - Opening connection {}->http://127.0.0.1:7059
DEBUG: org.apache.http.impl.conn.DefaultHttpClientConnectionOperator - Connecting to /127.0.0.1:7059
DEBUG: org.apache.http.impl.conn.DefaultHttpClientConnectionOperator - Connection established 127.0.0.1:61135<->127.0.0.1:7059
DEBUG: org.apache.http.impl.conn.DefaultManagedHttpClientConnection - http-outgoing-324: set socket timeout to 10800000
DEBUG: org.apache.http.impl.execchain.MainClientExec - Executing request GET /hub/session/6859ab8f-afd9-c347-b344-d0861cf9be94/window_handle HTTP/1.1
DEBUG: org.apache.http.impl.execchain.MainClientExec - Target auth state: UNCHALLENGED
DEBUG: org.apache.http.impl.execchain.MainClientExec - Proxy auth state: UNCHALLENGED
DEBUG: org.apache.http.headers - http-outgoing-324 >> GET /hub/session/6859ab8f-afd9-c347-b344-d0861cf9be94/window_handle HTTP/1.1
DEBUG: org.apache.http.headers - http-outgoing-324 >> Cache-Control: no-cache
DEBUG: org.apache.http.headers - http-outgoing-324 >> Host: 127.0.0.1:7059
DEBUG: org.apache.http.headers - http-outgoing-324 >> Connection: Keep-Alive
DEBUG: org.apache.http.headers - http-outgoing-324 >> User-Agent: Apache-HttpClient/4.5.2 (Java/1.7.0_79)
DEBUG: org.apache.http.headers - http-outgoing-324 >> Accept-Encoding: gzip,deflate
DEBUG: org.apache.http.wire - http-outgoing-324 >> "GET /hub/session/6859ab8f-afd9-c347-b344-d0861cf9be94/window_handle HTTP/1.1[\r][\n]"
DEBUG: org.apache.http.wire - http-outgoing-324 >> "Cache-Control: no-cache[\r][\n]"
DEBUG: org.apache.http.wire - http-outgoing-324 >> "Host: 127.0.0.1:7059[\r][\n]"
DEBUG: org.apache.http.wire - http-outgoing-324 >> "Connection: Keep-Alive[\r][\n]"
DEBUG: org.apache.http.wire - http-outgoing-324 >> "User-Agent: Apache-HttpClient/4.5.2 (Java/1.7.0_79)[\r][\n]"
DEBUG: org.apache.http.wire - http-outgoing-324 >> "Accept-Encoding: gzip,deflate[\r][\n]"
DEBUG: org.apache.http.wire - http-outgoing-324 >> "[\r][\n]"
DEBUG: org.apache.http.wire - http-outgoing-324 << "HTTP/1.1 200 OK[\r][\n]"
DEBUG: org.apache.http.wire - http-outgoing-324 << "content-type: application/json; charset=UTF-8[\r][\n]"
DEBUG: org.apache.http.wire - http-outgoing-324 << "connection: close[\r][\n]"
DEBUG: org.apache.http.wire - http-outgoing-324 << "content-length: 144[\r][\n]"
DEBUG: org.apache.http.wire - http-outgoing-324 << "server: httpd.js[\r][\n]"
DEBUG: org.apache.http.wire - http-outgoing-324 << "date: Fri, 26 Aug 2016 09:43:10 GMT[\r][\n]"
DEBUG: org.apache.http.wire - http-outgoing-324 << "[\r][\n]"
DEBUG: org.apache.http.headers - http-outgoing-324 << HTTP/1.1 200 OK
DEBUG: org.apache.http.headers - http-outgoing-324 << content-type: application/json; charset=UTF-8
DEBUG: org.apache.http.headers - http-outgoing-324 << connection: close
DEBUG: org.apache.http.headers - http-outgoing-324 << content-length: 144
DEBUG: org.apache.http.headers - http-outgoing-324 << server: httpd.js
DEBUG: org.apache.http.headers - http-outgoing-324 << date: Fri, 26 Aug 2016 09:43:10 GMT
DEBUG: org.apache.http.wire - http-outgoing-324 << "{"name":"getCurrentWindowHandle","sessionId":"6859ab8f-afd9-c347-b344-d0861cf9be94","status":0,"value":"{78dcc9f2-0387-4446-884c-32f3835d9870}"}"
DEBUG: org.apache.http.impl.conn.DefaultManagedHttpClientConnection - http-outgoing-324: Close connection
DEBUG: org.apache.http.impl.execchain.MainClientExec - Connection discarded
DEBUG: org.apache.http.impl.conn.PoolingHttpClientConnectionManager - Connection released: [id: 324][route: {}->http://127.0.0.1:7059][total kept alive: 0; route allocated: 0 of 2000; total allocated: 0 of 2000]
DEBUG: org.apache.http.client.protocol.RequestAddCookies - CookieSpec selected: default
DEBUG: org.apache.http.client.protocol.RequestAuthCache - Auth cache not set in the context
DEBUG: org.apache.http.impl.conn.PoolingHttpClientConnectionManager - Connection request: [route: {}->http://127.0.0.1:7059][total kept alive: 0; route allocated: 0 of 2000; total allocated: 0 of 2000]
DEBUG: org.apache.http.impl.conn.PoolingHttpClientConnectionManager - Connection leased: [id: 325][route: {}->http://127.0.0.1:7059][total kept alive: 0; route allocated: 1 of 2000; total allocated: 1 of 2000]
DEBUG: org.apache.http.impl.execchain.MainClientExec - Opening connection {}->http://127.0.0.1:7059
DEBUG: org.apache.http.impl.conn.DefaultHttpClientConnectionOperator - Connecting to /127.0.0.1:7059
DEBUG: org.apache.http.impl.conn.DefaultHttpClientConnectionOperator - Connection established 127.0.0.1:61138<->127.0.0.1:7059
DEBUG: org.apache.http.impl.conn.DefaultManagedHttpClientConnection - http-outgoing-325: set socket timeout to 10800000
DEBUG: org.apache.http.impl.execchain.MainClientExec - Executing request POST /hub/session/6859ab8f-afd9-c347-b344-d0861cf9be94/url HTTP/1.1
DEBUG: org.apache.http.impl.execchain.MainClientExec - Target auth state: UNCHALLENGED
DEBUG: org.apache.http.impl.execchain.MainClientExec - Proxy auth state: UNCHALLENGED
DEBUG: org.apache.http.headers - http-outgoing-325 >> POST /hub/session/6859ab8f-afd9-c347-b344-d0861cf9be94/url HTTP/1.1
DEBUG: org.apache.http.headers - http-outgoing-325 >> Content-Type: application/json; charset=utf-8
DEBUG: org.apache.http.headers - http-outgoing-325 >> Content-Length: 37
DEBUG: org.apache.http.headers - http-outgoing-325 >> Host: 127.0.0.1:7059
DEBUG: org.apache.http.headers - http-outgoing-325 >> Connection: Keep-Alive
DEBUG: org.apache.http.headers - http-outgoing-325 >> User-Agent: Apache-HttpClient/4.5.2 (Java/1.7.0_79)
DEBUG: org.apache.http.headers - http-outgoing-325 >> Accept-Encoding: gzip,deflate
DEBUG: org.apache.http.wire - http-outgoing-325 >> "POST /hub/session/6859ab8f-afd9-c347-b344-d0861cf9be94/url HTTP/1.1[\r][\n]"
DEBUG: org.apache.http.wire - http-outgoing-325 >> "Content-Type: application/json; charset=utf-8[\r][\n]"
DEBUG: org.apache.http.wire - http-outgoing-325 >> "Content-Length: 37[\r][\n]"
DEBUG: org.apache.http.wire - http-outgoing-325 >> "Host: 127.0.0.1:7059[\r][\n]"
DEBUG: org.apache.http.wire - http-outgoing-325 >> "Connection: Keep-Alive[\r][\n]"
DEBUG: org.apache.http.wire - http-outgoing-325 >> "User-Agent: Apache-HttpClient/4.5.2 (Java/1.7.0_79)[\r][\n]"
DEBUG: org.apache.http.wire - http-outgoing-325 >> "Accept-Encoding: gzip,deflate[\r][\n]"
DEBUG: org.apache.http.wire - http-outgoing-325 >> "[\r][\n]"
DEBUG: org.apache.http.wire - http-outgoing-325 >> "{"url":"http://localhost:8080/login"}"
DEBUG: org.apache.http.wire - http-outgoing-325 << "HTTP/1.1 200 OK[\r][\n]"
DEBUG: org.apache.http.wire - http-outgoing-325 << "content-type: application/json; charset=UTF-8[\r][\n]"
DEBUG: org.apache.http.wire - http-outgoing-325 << "connection: close[\r][\n]"
DEBUG: org.apache.http.wire - http-outgoing-325 << "content-length: 87[\r][\n]"
DEBUG: org.apache.http.wire - http-outgoing-325 << "server: httpd.js[\r][\n]"
DEBUG: org.apache.http.wire - http-outgoing-325 << "date: Fri, 26 Aug 2016 09:43:10 GMT[\r][\n]"
DEBUG: org.apache.http.wire - http-outgoing-325 << "[\r][\n]"
DEBUG: org.apache.http.headers - http-outgoing-325 << HTTP/1.1 200 OK
DEBUG: org.apache.http.headers - http-outgoing-325 << content-type: application/json; charset=UTF-8
DEBUG: org.apache.http.headers - http-outgoing-325 << connection: close
DEBUG: org.apache.http.headers - http-outgoing-325 << content-length: 87
DEBUG: org.apache.http.headers - http-outgoing-325 << server: httpd.js
DEBUG: org.apache.http.headers - http-outgoing-325 << date: Fri, 26 Aug 2016 09:43:10 GMT
DEBUG: org.apache.http.wire - http-outgoing-325 << "{"name":"get","sessionId":"6859ab8f-afd9-c347-b344-d0861cf9be94","status":0,"value":""}"
DEBUG: org.apache.http.impl.conn.DefaultManagedHttpClientConnection - http-outgoing-325: Close connection
DEBUG: org.apache.http.impl.execchain.MainClientExec - Connection discarded
DEBUG: org.apache.http.impl.conn.PoolingHttpClientConnectionManager - Connection released: [id: 325][route: {}->http://127.0.0.1:7059][total kept alive: 0; route allocated: 0 of 2000; total allocated: 0 of 2000]
DEBUG: org.apache.http.client.protocol.RequestAddCookies - CookieSpec selected: default
DEBUG: org.apache.http.client.protocol.RequestAuthCache - Auth cache not set in the context
DEBUG: org.apache.http.impl.conn.PoolingHttpClientConnectionManager - Connection request: [route: {}->http://127.0.0.1:7059][total kept alive: 0; route allocated: 0 of 2000; total allocated: 0 of 2000]
DEBUG: org.apache.http.impl.conn.PoolingHttpClientConnectionManager - Connection leased: [id: 326][route: {}->http://127.0.0.1:7059][total kept alive: 0; route allocated: 1 of 2000; total allocated: 1 of 2000]
DEBUG: org.apache.http.impl.execchain.MainClientExec - Opening connection {}->http://127.0.0.1:7059
DEBUG: org.apache.http.impl.conn.DefaultHttpClientConnectionOperator - Connecting to /127.0.0.1:7059
DEBUG: org.apache.http.impl.conn.DefaultHttpClientConnectionOperator - Connection established 127.0.0.1:61146<->127.0.0.1:7059
DEBUG: org.apache.http.impl.conn.DefaultManagedHttpClientConnection - http-outgoing-326: set socket timeout to 10800000
DEBUG: org.apache.http.impl.execchain.MainClientExec - Executing request POST /hub/session/6859ab8f-afd9-c347-b344-d0861cf9be94/element HTTP/1.1
DEBUG: org.apache.http.impl.execchain.MainClientExec - Target auth state: UNCHALLENGED
DEBUG: org.apache.http.impl.execchain.MainClientExec - Proxy auth state: UNCHALLENGED
DEBUG: org.apache.http.headers - http-outgoing-326 >> POST /hub/session/6859ab8f-afd9-c347-b344-d0861cf9be94/element HTTP/1.1
DEBUG: org.apache.http.headers - http-outgoing-326 >> Content-Type: application/json; charset=utf-8
DEBUG: org.apache.http.headers - http-outgoing-326 >> Content-Length: 37
DEBUG: org.apache.http.headers - http-outgoing-326 >> Host: 127.0.0.1:7059
DEBUG: org.apache.http.headers - http-outgoing-326 >> Connection: Keep-Alive
DEBUG: org.apache.http.headers - http-outgoing-326 >> User-Agent: Apache-HttpClient/4.5.2 (Java/1.7.0_79)
DEBUG: org.apache.http.headers - http-outgoing-326 >> Accept-Encoding: gzip,deflate
DEBUG: org.apache.http.wire - http-outgoing-326 >> "POST /hub/session/6859ab8f-afd9-c347-b344-d0861cf9be94/element HTTP/1.1[\r][\n]"
DEBUG: org.apache.http.wire - http-outgoing-326 >> "Content-Type: application/json; charset=utf-8[\r][\n]"
DEBUG: org.apache.http.wire - http-outgoing-326 >> "Content-Length: 37[\r][\n]"
DEBUG: org.apache.http.wire - http-outgoing-326 >> "Host: 127.0.0.1:7059[\r][\n]"
DEBUG: org.apache.http.wire - http-outgoing-326 >> "Connection: Keep-Alive[\r][\n]"
DEBUG: org.apache.http.wire - http-outgoing-326 >> "User-Agent: Apache-HttpClient/4.5.2 (Java/1.7.0_79)[\r][\n]"
DEBUG: org.apache.http.wire - http-outgoing-326 >> "Accept-Encoding: gzip,deflate[\r][\n]"
DEBUG: org.apache.http.wire - http-outgoing-326 >> "[\r][\n]"
DEBUG: org.apache.http.wire - http-outgoing-326 >> "{"using":"name","value":"j_username"}"
DEBUG: org.apache.http.wire - http-outgoing-326 << "HTTP/1.1 200 OK[\r][\n]"
DEBUG: org.apache.http.wire - http-outgoing-326 << "content-type: application/json; charset=UTF-8[\r][\n]"
DEBUG: org.apache.http.wire - http-outgoing-326 << "connection: close[\r][\n]"
DEBUG: org.apache.http.wire - http-outgoing-326 << "content-length: 224[\r][\n]"
DEBUG: org.apache.http.wire - http-outgoing-326 << "server: httpd.js[\r][\n]"
DEBUG: org.apache.http.wire - http-outgoing-326 << "date: Fri, 26 Aug 2016 09:43:10 GMT[\r][\n]"
DEBUG: org.apache.http.wire - http-outgoing-326 << "[\r][\n]"
DEBUG: org.apache.http.headers - http-outgoing-326 << HTTP/1.1 200 OK
DEBUG: org.apache.http.headers - http-outgoing-326 << content-type: application/json; charset=UTF-8
DEBUG: org.apache.http.headers - http-outgoing-326 << connection: close
DEBUG: org.apache.http.headers - http-outgoing-326 << content-length: 224
DEBUG: org.apache.http.headers - http-outgoing-326 << server: httpd.js
DEBUG: org.apache.http.headers - http-outgoing-326 << date: Fri, 26 Aug 2016 09:43:10 GMT
DEBUG: org.apache.http.wire - http-outgoing-326 << "{"name":"findElement","sessionId":"6859ab8f-afd9-c347-b344-d0861cf9be94","status":0,"value":{"ELEMENT":"{ab882c01-aced-d248-894a-78e427588f64}","element-6066-11e4-a52e-4f735466cecf":"{ab882c01-aced-d248-894a-78e427588f64}"}}"
DEBUG: org.apache.http.impl.conn.DefaultManagedHttpClientConnection - http-outgoing-326: Close connection
DEBUG: org.apache.http.impl.execchain.MainClientExec - Connection discarded
DEBUG: org.apache.http.impl.conn.PoolingHttpClientConnectionManager - Connection released: [id: 326][route: {}->http://127.0.0.1:7059][total kept alive: 0; route allocated: 0 of 2000; total allocated: 0 of 2000]
DEBUG: org.apache.http.client.protocol.RequestAddCookies - CookieSpec selected: default
DEBUG: org.apache.http.client.protocol.RequestAuthCache - Auth cache not set in the context
DEBUG: org.apache.http.impl.conn.PoolingHttpClientConnectionManager - Connection request: [route: {}->http://127.0.0.1:7059][total kept alive: 0; route allocated: 0 of 2000; total allocated: 0 of 2000]
DEBUG: org.apache.http.impl.conn.PoolingHttpClientConnectionManager - Connection leased: [id: 327][route: {}->http://127.0.0.1:7059][total kept alive: 0; route allocated: 1 of 2000; total allocated: 1 of 2000]
DEBUG: org.apache.http.impl.execchain.MainClientExec - Opening connection {}->http://127.0.0.1:7059
DEBUG: org.apache.http.impl.conn.DefaultHttpClientConnectionOperator - Connecting to /127.0.0.1:7059
DEBUG: org.apache.http.impl.conn.DefaultHttpClientConnectionOperator - Connection established 127.0.0.1:61147<->127.0.0.1:7059
DEBUG: org.apache.http.impl.conn.DefaultManagedHttpClientConnection - http-outgoing-327: set socket timeout to 10800000
DEBUG: org.apache.http.impl.execchain.MainClientExec - Executing request POST /hub/session/6859ab8f-afd9-c347-b344-d0861cf9be94/element HTTP/1.1
DEBUG: org.apache.http.impl.execchain.MainClientExec - Target auth state: UNCHALLENGED
DEBUG: org.apache.http.impl.execchain.MainClientExec - Proxy auth state: UNCHALLENGED
DEBUG: org.apache.http.headers - http-outgoing-327 >> POST /hub/session/6859ab8f-afd9-c347-b344-d0861cf9be94/element HTTP/1.1
DEBUG: org.apache.http.headers - http-outgoing-327 >> Content-Type: application/json; charset=utf-8
DEBUG: org.apache.http.headers - http-outgoing-327 >> Content-Length: 37
DEBUG: org.apache.http.headers - http-outgoing-327 >> Host: 127.0.0.1:7059
DEBUG: org.apache.http.headers - http-outgoing-327 >> Connection: Keep-Alive
DEBUG: org.apache.http.headers - http-outgoing-327 >> User-Agent: Apache-HttpClient/4.5.2 (Java/1.7.0_79)
DEBUG: org.apache.http.headers - http-outgoing-327 >> Accept-Encoding: gzip,deflate
DEBUG: org.apache.http.wire - http-outgoing-327 >> "POST /hub/session/6859ab8f-afd9-c347-b344-d0861cf9be94/element HTTP/1.1[\r][\n]"
DEBUG: org.apache.http.wire - http-outgoing-327 >> "Content-Type: application/json; charset=utf-8[\r][\n]"
DEBUG: org.apache.http.wire - http-outgoing-327 >> "Content-Length: 37[\r][\n]"
DEBUG: org.apache.http.wire - http-outgoing-327 >> "Host: 127.0.0.1:7059[\r][\n]"
DEBUG: org.apache.http.wire - http-outgoing-327 >> "Connection: Keep-Alive[\r][\n]"
DEBUG: org.apache.http.wire - http-outgoing-327 >> "User-Agent: Apache-HttpClient/4.5.2 (Java/1.7.0_79)[\r][\n]"
DEBUG: org.apache.http.wire - http-outgoing-327 >> "Accept-Encoding: gzip,deflate[\r][\n]"
DEBUG: org.apache.http.wire - http-outgoing-327 >> "[\r][\n]"
DEBUG: org.apache.http.wire - http-outgoing-327 >> "{"using":"name","value":"j_username"}"
DEBUG: org.apache.http.wire - http-outgoing-327 << "HTTP/1.1 200 OK[\r][\n]"
DEBUG: org.apache.http.wire - http-outgoing-327 << "content-type: application/json; charset=UTF-8[\r][\n]"
DEBUG: org.apache.http.wire - http-outgoing-327 << "connection: close[\r][\n]"
DEBUG: org.apache.http.wire - http-outgoing-327 << "content-length: 224[\r][\n]"
DEBUG: org.apache.http.wire - http-outgoing-327 << "server: httpd.js[\r][\n]"
DEBUG: org.apache.http.wire - http-outgoing-327 << "date: Fri, 26 Aug 2016 09:43:10 GMT[\r][\n]"
DEBUG: org.apache.http.wire - http-outgoing-327 << "[\r][\n]"
DEBUG: org.apache.http.headers - http-outgoing-327 << HTTP/1.1 200 OK
DEBUG: org.apache.http.headers - http-outgoing-327 << content-type: application/json; charset=UTF-8
DEBUG: org.apache.http.headers - http-outgoing-327 << connection: close
DEBUG: org.apache.http.headers - http-outgoing-327 << content-length: 224
DEBUG: org.apache.http.headers - http-outgoing-327 << server: httpd.js
DEBUG: org.apache.http.headers - http-outgoing-327 << date: Fri, 26 Aug 2016 09:43:10 GMT
DEBUG: org.apache.http.wire - http-outgoing-327 << "{"name":"findElement","sessionId":"6859ab8f-afd9-c347-b344-d0861cf9be94","status":0,"value":{"ELEMENT":"{ab882c01-aced-d248-894a-78e427588f64}","element-6066-11e4-a52e-4f735466cecf":"{ab882c01-aced-d248-894a-78e427588f64}"}}"
DEBUG: org.apache.http.impl.conn.DefaultManagedHttpClientConnection - http-outgoing-327: Close connection
DEBUG: org.apache.http.impl.execchain.MainClientExec - Connection discarded
DEBUG: org.apache.http.impl.conn.PoolingHttpClientConnectionManager - Connection released: [id: 327][route: {}->http://127.0.0.1:7059][total kept alive: 0; route allocated: 0 of 2000; total allocated: 0 of 2000]
DEBUG: org.apache.http.client.protocol.RequestAddCookies - CookieSpec selected: default
DEBUG: org.apache.http.client.protocol.RequestAuthCache - Auth cache not set in the context
DEBUG: org.apache.http.impl.conn.PoolingHttpClientConnectionManager - Connection request: [route: {}->http://127.0.0.1:7059][total kept alive: 0; route allocated: 0 of 2000; total allocated: 0 of 2000]
DEBUG: org.apache.http.impl.conn.PoolingHttpClientConnectionManager - Connection leased: [id: 328][route: {}->http://127.0.0.1:7059][total kept alive: 0; route allocated: 1 of 2000; total allocated: 1 of 2000]
DEBUG: org.apache.http.impl.execchain.MainClientExec - Opening connection {}->http://127.0.0.1:7059
DEBUG: org.apache.http.impl.conn.DefaultHttpClientConnectionOperator - Connecting to /127.0.0.1:7059
DEBUG: org.apache.http.impl.conn.DefaultHttpClientConnectionOperator - Connection established 127.0.0.1:61148<->127.0.0.1:7059
DEBUG: org.apache.http.impl.conn.DefaultManagedHttpClientConnection - http-outgoing-328: set socket timeout to 10800000
DEBUG: org.apache.http.impl.execchain.MainClientExec - Executing request POST /hub/session/6859ab8f-afd9-c347-b344-d0861cf9be94/element/%7Bab882c01-aced-d248-894a-78e427588f64%7D/value HTTP/1.1
DEBUG: org.apache.http.impl.execchain.MainClientExec - Target auth state: UNCHALLENGED
DEBUG: org.apache.http.impl.execchain.MainClientExec - Proxy auth state: UNCHALLENGED
DEBUG: org.apache.http.headers - http-outgoing-328 >> POST /hub/session/6859ab8f-afd9-c347-b344-d0861cf9be94/element/%7Bab882c01-aced-d248-894a-78e427588f64%7D/value HTTP/1.1
DEBUG: org.apache.http.headers - http-outgoing-328 >> Content-Type: application/json; charset=utf-8
DEBUG: org.apache.http.headers - http-outgoing-328 >> Content-Length: 69
DEBUG: org.apache.http.headers - http-outgoing-328 >> Host: 127.0.0.1:7059
DEBUG: org.apache.http.headers - http-outgoing-328 >> Connection: Keep-Alive
DEBUG: org.apache.http.headers - http-outgoing-328 >> User-Agent: Apache-HttpClient/4.5.2 (Java/1.7.0_79)
DEBUG: org.apache.http.headers - http-outgoing-328 >> Accept-Encoding: gzip,deflate
DEBUG: org.apache.http.wire - http-outgoing-328 >> "POST /hub/session/6859ab8f-afd9-c347-b344-d0861cf9be94/element/%7Bab882c01-aced-d248-894a-78e427588f64%7D/value HTTP/1.1[\r][\n]"
DEBUG: org.apache.http.wire - http-outgoing-328 >> "Content-Type: application/json; charset=utf-8[\r][\n]"
DEBUG: org.apache.http.wire - http-outgoing-328 >> "Content-Length: 69[\r][\n]"
DEBUG: org.apache.http.wire - http-outgoing-328 >> "Host: 127.0.0.1:7059[\r][\n]"
DEBUG: org.apache.http.wire - http-outgoing-328 >> "Connection: Keep-Alive[\r][\n]"
DEBUG: org.apache.http.wire - http-outgoing-328 >> "User-Agent: Apache-HttpClient/4.5.2 (Java/1.7.0_79)[\r][\n]"
DEBUG: org.apache.http.wire - http-outgoing-328 >> "Accept-Encoding: gzip,deflate[\r][\n]"
DEBUG: org.apache.http.wire - http-outgoing-328 >> "[\r][\n]"
DEBUG: org.apache.http.wire - http-outgoing-328 >> "{"id":"{ab882c01-aced-d248-894a-78e427588f64}","value":["Bob Buyer"]}"
DEBUG: org.apache.http.wire - http-outgoing-328 << "HTTP/1.1 200 OK[\r][\n]"
DEBUG: org.apache.http.wire - http-outgoing-328 << "content-type: application/json; charset=UTF-8[\r][\n]"
DEBUG: org.apache.http.wire - http-outgoing-328 << "connection: close[\r][\n]"
DEBUG: org.apache.http.wire - http-outgoing-328 << "content-length: 101[\r][\n]"
DEBUG: org.apache.http.wire - http-outgoing-328 << "server: httpd.js[\r][\n]"
DEBUG: org.apache.http.wire - http-outgoing-328 << "date: Fri, 26 Aug 2016 09:43:10 GMT[\r][\n]"
DEBUG: org.apache.http.wire - http-outgoing-328 << "[\r][\n]"
DEBUG: org.apache.http.headers - http-outgoing-328 << HTTP/1.1 200 OK
DEBUG: org.apache.http.headers - http-outgoing-328 << content-type: application/json; charset=UTF-8
DEBUG: org.apache.http.headers - http-outgoing-328 << connection: close
DEBUG: org.apache.http.headers - http-outgoing-328 << content-length: 101
DEBUG: org.apache.http.headers - http-outgoing-328 << server: httpd.js
DEBUG: org.apache.http.headers - http-outgoing-328 << date: Fri, 26 Aug 2016 09:43:10 GMT
DEBUG: org.apache.http.wire - http-outgoing-328 << "{"name":"sendKeysToElement","sessionId":"6859ab8f-afd9-c347-b344-d0861cf9be94","status":0,"value":""}"
DEBUG: org.apache.http.impl.conn.DefaultManagedHttpClientConnection - http-outgoing-328: Close connection
DEBUG: org.apache.http.impl.execchain.MainClientExec - Connection discarded
DEBUG: org.apache.http.impl.conn.PoolingHttpClientConnectionManager - Connection released: [id: 328][route: {}->http://127.0.0.1:7059][total kept alive: 0; route allocated: 0 of 2000; total allocated: 0 of 2000]
DEBUG: org.apache.http.client.protocol.RequestAddCookies - CookieSpec selected: default
DEBUG: org.apache.http.client.protocol.RequestAuthCache - Auth cache not set in the context
DEBUG: org.apache.http.impl.conn.PoolingHttpClientConnectionManager - Connection request: [route: {}->http://127.0.0.1:7059][total kept alive: 0; route allocated: 0 of 2000; total allocated: 0 of 2000]
DEBUG: org.apache.http.impl.conn.PoolingHttpClientConnectionManager - Connection leased: [id: 329][route: {}->http://127.0.0.1:7059][total kept alive: 0; route allocated: 1 of 2000; total allocated: 1 of 2000]
DEBUG: org.apache.http.impl.execchain.MainClientExec - Opening connection {}->http://127.0.0.1:7059
DEBUG: org.apache.http.impl.conn.DefaultHttpClientConnectionOperator - Connecting to /127.0.0.1:7059
DEBUG: org.apache.http.impl.conn.DefaultHttpClientConnectionOperator - Connection established 127.0.0.1:61149<->127.0.0.1:7059
DEBUG: org.apache.http.impl.conn.DefaultManagedHttpClientConnection - http-outgoing-329: set socket timeout to 10800000
DEBUG: org.apache.http.impl.execchain.MainClientExec - Executing request POST /hub/session/6859ab8f-afd9-c347-b344-d0861cf9be94/element HTTP/1.1
DEBUG: org.apache.http.impl.execchain.MainClientExec - Target auth state: UNCHALLENGED
DEBUG: org.apache.http.impl.execchain.MainClientExec - Proxy auth state: UNCHALLENGED
DEBUG: org.apache.http.headers - http-outgoing-329 >> POST /hub/session/6859ab8f-afd9-c347-b344-d0861cf9be94/element HTTP/1.1
DEBUG: org.apache.http.headers - http-outgoing-329 >> Content-Type: application/json; charset=utf-8
DEBUG: org.apache.http.headers - http-outgoing-329 >> Content-Length: 37
DEBUG: org.apache.http.headers - http-outgoing-329 >> Host: 127.0.0.1:7059
DEBUG: org.apache.http.headers - http-outgoing-329 >> Connection: Keep-Alive
DEBUG: org.apache.http.headers - http-outgoing-329 >> User-Agent: Apache-HttpClient/4.5.2 (Java/1.7.0_79)
DEBUG: org.apache.http.headers - http-outgoing-329 >> Accept-Encoding: gzip,deflate
DEBUG: org.apache.http.wire - http-outgoing-329 >> "POST /hub/session/6859ab8f-afd9-c347-b344-d0861cf9be94/element HTTP/1.1[\r][\n]"
DEBUG: org.apache.http.wire - http-outgoing-329 >> "Content-Type: application/json; charset=utf-8[\r][\n]"
DEBUG: org.apache.http.wire - http-outgoing-329 >> "Content-Length: 37[\r][\n]"
DEBUG: org.apache.http.wire - http-outgoing-329 >> "Host: 127.0.0.1:7059[\r][\n]"
DEBUG: org.apache.http.wire - http-outgoing-329 >> "Connection: Keep-Alive[\r][\n]"
DEBUG: org.apache.http.wire - http-outgoing-329 >> "User-Agent: Apache-HttpClient/4.5.2 (Java/1.7.0_79)[\r][\n]"
DEBUG: org.apache.http.wire - http-outgoing-329 >> "Accept-Encoding: gzip,deflate[\r][\n]"
DEBUG: org.apache.http.wire - http-outgoing-329 >> "[\r][\n]"
DEBUG: org.apache.http.wire - http-outgoing-329 >> "{"using":"name","value":"j_password"}"
DEBUG: org.apache.http.wire - http-outgoing-329 << "HTTP/1.1 200 OK[\r][\n]"
DEBUG: org.apache.http.wire - http-outgoing-329 << "content-type: application/json; charset=UTF-8[\r][\n]"
DEBUG: org.apache.http.wire - http-outgoing-329 << "connection: close[\r][\n]"
DEBUG: org.apache.http.wire - http-outgoing-329 << "content-length: 224[\r][\n]"
DEBUG: org.apache.http.wire - http-outgoing-329 << "server: httpd.js[\r][\n]"
DEBUG: org.apache.http.wire - http-outgoing-329 << "date: Fri, 26 Aug 2016 09:43:10 GMT[\r][\n]"
DEBUG: org.apache.http.wire - http-outgoing-329 << "[\r][\n]"
DEBUG: org.apache.http.headers - http-outgoing-329 << HTTP/1.1 200 OK
DEBUG: org.apache.http.headers - http-outgoing-329 << content-type: application/json; charset=UTF-8
DEBUG: org.apache.http.headers - http-outgoing-329 << connection: close
DEBUG: org.apache.http.headers - http-outgoing-329 << content-length: 224
DEBUG: org.apache.http.headers - http-outgoing-329 << server: httpd.js
DEBUG: org.apache.http.headers - http-outgoing-329 << date: Fri, 26 Aug 2016 09:43:10 GMT
DEBUG: org.apache.http.wire - http-outgoing-329 << "{"name":"findElement","sessionId":"6859ab8f-afd9-c347-b344-d0861cf9be94","status":0,"value":{"ELEMENT":"{f0311b46-49a1-3347-9e29-b1e727645ae1}","element-6066-11e4-a52e-4f735466cecf":"{f0311b46-49a1-3347-9e29-b1e727645ae1}"}}"
DEBUG: org.apache.http.impl.conn.DefaultManagedHttpClientConnection - http-outgoing-329: Close connection
DEBUG: org.apache.http.impl.execchain.MainClientExec - Connection discarded
DEBUG: org.apache.http.impl.conn.PoolingHttpClientConnectionManager - Connection released: [id: 329][route: {}->http://127.0.0.1:7059][total kept alive: 0; route allocated: 0 of 2000; total allocated: 0 of 2000]
DEBUG: org.apache.http.client.protocol.RequestAddCookies - CookieSpec selected: default
DEBUG: org.apache.http.client.protocol.RequestAuthCache - Auth cache not set in the context
DEBUG: org.apache.http.impl.conn.PoolingHttpClientConnectionManager - Connection request: [route: {}->http://127.0.0.1:7059][total kept alive: 0; route allocated: 0 of 2000; total allocated: 0 of 2000]
DEBUG: org.apache.http.impl.conn.PoolingHttpClientConnectionManager - Connection leased: [id: 330][route: {}->http://127.0.0.1:7059][total kept alive: 0; route allocated: 1 of 2000; total allocated: 1 of 2000]
DEBUG: org.apache.http.impl.execchain.MainClientExec - Opening connection {}->http://127.0.0.1:7059
DEBUG: org.apache.http.impl.conn.DefaultHttpClientConnectionOperator - Connecting to /127.0.0.1:7059
DEBUG: org.apache.http.impl.conn.DefaultHttpClientConnectionOperator - Connection established 127.0.0.1:61151<->127.0.0.1:7059
DEBUG: org.apache.http.impl.conn.DefaultManagedHttpClientConnection - http-outgoing-330: set socket timeout to 10800000
DEBUG: org.apache.http.impl.execchain.MainClientExec - Executing request POST /hub/session/6859ab8f-afd9-c347-b344-d0861cf9be94/element/%7Bf0311b46-49a1-3347-9e29-b1e727645ae1%7D/value HTTP/1.1
DEBUG: org.apache.http.impl.execchain.MainClientExec - Target auth state: UNCHALLENGED
DEBUG: org.apache.http.impl.execchain.MainClientExec - Proxy auth state: UNCHALLENGED
DEBUG: org.apache.http.headers - http-outgoing-330 >> POST /hub/session/6859ab8f-afd9-c347-b344-d0861cf9be94/element/%7Bf0311b46-49a1-3347-9e29-b1e727645ae1%7D/value HTTP/1.1
DEBUG: org.apache.http.headers - http-outgoing-330 >> Content-Type: application/json; charset=utf-8
DEBUG: org.apache.http.headers - http-outgoing-330 >> Content-Length: 66
DEBUG: org.apache.http.headers - http-outgoing-330 >> Host: 127.0.0.1:7059
DEBUG: org.apache.http.headers - http-outgoing-330 >> Connection: Keep-Alive
DEBUG: org.apache.http.headers - http-outgoing-330 >> User-Agent: Apache-HttpClient/4.5.2 (Java/1.7.0_79)
DEBUG: org.apache.http.headers - http-outgoing-330 >> Accept-Encoding: gzip,deflate
DEBUG: org.apache.http.wire - http-outgoing-330 >> "POST /hub/session/6859ab8f-afd9-c347-b344-d0861cf9be94/element/%7Bf0311b46-49a1-3347-9e29-b1e727645ae1%7D/value HTTP/1.1[\r][\n]"
DEBUG: org.apache.http.wire - http-outgoing-330 >> "Content-Type: application/json; charset=utf-8[\r][\n]"
DEBUG: org.apache.http.wire - http-outgoing-330 >> "Content-Length: 66[\r][\n]"
DEBUG: org.apache.http.wire - http-outgoing-330 >> "Host: 127.0.0.1:7059[\r][\n]"
DEBUG: org.apache.http.wire - http-outgoing-330 >> "Connection: Keep-Alive[\r][\n]"
DEBUG: org.apache.http.wire - http-outgoing-330 >> "User-Agent: Apache-HttpClient/4.5.2 (Java/1.7.0_79)[\r][\n]"
DEBUG: org.apache.http.wire - http-outgoing-330 >> "Accept-Encoding: gzip,deflate[\r][\n]"
DEBUG: org.apache.http.wire - http-outgoing-330 >> "[\r][\n]"
DEBUG: org.apache.http.wire - http-outgoing-330 >> "{"id":"{f0311b46-49a1-3347-9e29-b1e727645ae1}","value":["secret"]}"
DEBUG: org.apache.http.wire - http-outgoing-330 << "HTTP/1.1 200 OK[\r][\n]"
DEBUG: org.apache.http.wire - http-outgoing-330 << "content-type: application/json; charset=UTF-8[\r][\n]"
DEBUG: org.apache.http.wire - http-outgoing-330 << "connection: close[\r][\n]"
DEBUG: org.apache.http.wire - http-outgoing-330 << "content-length: 101[\r][\n]"
DEBUG: org.apache.http.wire - http-outgoing-330 << "server: httpd.js[\r][\n]"
DEBUG: org.apache.http.wire - http-outgoing-330 << "date: Fri, 26 Aug 2016 09:43:10 GMT[\r][\n]"
DEBUG: org.apache.http.wire - http-outgoing-330 << "[\r][\n]"
DEBUG: org.apache.http.headers - http-outgoing-330 << HTTP/1.1 200 OK
DEBUG: org.apache.http.headers - http-outgoing-330 << content-type: application/json; charset=UTF-8
DEBUG: org.apache.http.headers - http-outgoing-330 << connection: close
DEBUG: org.apache.http.headers - http-outgoing-330 << content-length: 101
DEBUG: org.apache.http.headers - http-outgoing-330 << server: httpd.js
DEBUG: org.apache.http.headers - http-outgoing-330 << date: Fri, 26 Aug 2016 09:43:10 GMT
DEBUG: org.apache.http.wire - http-outgoing-330 << "{"name":"sendKeysToElement","sessionId":"6859ab8f-afd9-c347-b344-d0861cf9be94","status":0,"value":""}"
DEBUG: org.apache.http.impl.conn.DefaultManagedHttpClientConnection - http-outgoing-330: Close connection
DEBUG: org.apache.http.impl.execchain.MainClientExec - Connection discarded
DEBUG: org.apache.http.impl.conn.PoolingHttpClientConnectionManager - Connection released: [id: 330][route: {}->http://127.0.0.1:7059][total kept alive: 0; route allocated: 0 of 2000; total allocated: 0 of 2000]
DEBUG: org.apache.http.client.protocol.RequestAddCookies - CookieSpec selected: default
DEBUG: org.apache.http.client.protocol.RequestAuthCache - Auth cache not set in the context
DEBUG: org.apache.http.impl.conn.PoolingHttpClientConnectionManager - Connection request: [route: {}->http://127.0.0.1:7059][total kept alive: 0; route allocated: 0 of 2000; total allocated: 0 of 2000]
DEBUG: org.apache.http.impl.conn.PoolingHttpClientConnectionManager - Connection leased: [id: 331][route: {}->http://127.0.0.1:7059][total kept alive: 0; route allocated: 1 of 2000; total allocated: 1 of 2000]
DEBUG: org.apache.http.impl.execchain.MainClientExec - Opening connection {}->http://127.0.0.1:7059
DEBUG: org.apache.http.impl.conn.DefaultHttpClientConnectionOperator - Connecting to /127.0.0.1:7059
DEBUG: org.apache.http.impl.conn.DefaultHttpClientConnectionOperator - Connection established 127.0.0.1:61152<->127.0.0.1:7059
DEBUG: org.apache.http.impl.conn.DefaultManagedHttpClientConnection - http-outgoing-331: set socket timeout to 10800000
DEBUG: org.apache.http.impl.execchain.MainClientExec - Executing request POST /hub/session/6859ab8f-afd9-c347-b344-d0861cf9be94/element HTTP/1.1
DEBUG: org.apache.http.impl.execchain.MainClientExec - Target auth state: UNCHALLENGED
DEBUG: org.apache.http.impl.execchain.MainClientExec - Proxy auth state: UNCHALLENGED
DEBUG: org.apache.http.headers - http-outgoing-331 >> POST /hub/session/6859ab8f-afd9-c347-b344-d0861cf9be94/element HTTP/1.1
DEBUG: org.apache.http.headers - http-outgoing-331 >> Content-Type: application/json; charset=utf-8
DEBUG: org.apache.http.headers - http-outgoing-331 >> Content-Length: 33
DEBUG: org.apache.http.headers - http-outgoing-331 >> Host: 127.0.0.1:7059
DEBUG: org.apache.http.headers - http-outgoing-331 >> Connection: Keep-Alive
DEBUG: org.apache.http.headers - http-outgoing-331 >> User-Agent: Apache-HttpClient/4.5.2 (Java/1.7.0_79)
DEBUG: org.apache.http.headers - http-outgoing-331 >> Accept-Encoding: gzip,deflate
DEBUG: org.apache.http.wire - http-outgoing-331 >> "POST /hub/session/6859ab8f-afd9-c347-b344-d0861cf9be94/element HTTP/1.1[\r][\n]"
DEBUG: org.apache.http.wire - http-outgoing-331 >> "Content-Type: application/json; charset=utf-8[\r][\n]"
DEBUG: org.apache.http.wire - http-outgoing-331 >> "Content-Length: 33[\r][\n]"
DEBUG: org.apache.http.wire - http-outgoing-331 >> "Host: 127.0.0.1:7059[\r][\n]"
DEBUG: org.apache.http.wire - http-outgoing-331 >> "Connection: Keep-Alive[\r][\n]"
DEBUG: org.apache.http.wire - http-outgoing-331 >> "User-Agent: Apache-HttpClient/4.5.2 (Java/1.7.0_79)[\r][\n]"
DEBUG: org.apache.http.wire - http-outgoing-331 >> "Accept-Encoding: gzip,deflate[\r][\n]"
DEBUG: org.apache.http.wire - http-outgoing-331 >> "[\r][\n]"
DEBUG: org.apache.http.wire - http-outgoing-331 >> "{"using":"name","value":"submit"}"
DEBUG: org.apache.http.wire - http-outgoing-331 << "HTTP/1.1 200 OK[\r][\n]"
DEBUG: org.apache.http.wire - http-outgoing-331 << "content-type: application/json; charset=UTF-8[\r][\n]"
DEBUG: org.apache.http.wire - http-outgoing-331 << "connection: close[\r][\n]"
DEBUG: org.apache.http.wire - http-outgoing-331 << "content-length: 224[\r][\n]"
DEBUG: org.apache.http.wire - http-outgoing-331 << "server: httpd.js[\r][\n]"
DEBUG: org.apache.http.wire - http-outgoing-331 << "date: Fri, 26 Aug 2016 09:43:10 GMT[\r][\n]"
DEBUG: org.apache.http.wire - http-outgoing-331 << "[\r][\n]"
DEBUG: org.apache.http.headers - http-outgoing-331 << HTTP/1.1 200 OK
DEBUG: org.apache.http.headers - http-outgoing-331 << content-type: application/json; charset=UTF-8
DEBUG: org.apache.http.headers - http-outgoing-331 << connection: close
DEBUG: org.apache.http.headers - http-outgoing-331 << content-length: 224
DEBUG: org.apache.http.headers - http-outgoing-331 << server: httpd.js
DEBUG: org.apache.http.headers - http-outgoing-331 << date: Fri, 26 Aug 2016 09:43:10 GMT
DEBUG: org.apache.http.wire - http-outgoing-331 << "{"name":"findElement","sessionId":"6859ab8f-afd9-c347-b344-d0861cf9be94","status":0,"value":{"ELEMENT":"{a5df2a25-074a-864d-8938-5f8e530c92eb}","element-6066-11e4-a52e-4f735466cecf":"{a5df2a25-074a-864d-8938-5f8e530c92eb}"}}"
DEBUG: org.apache.http.impl.conn.DefaultManagedHttpClientConnection - http-outgoing-331: Close connection
DEBUG: org.apache.http.impl.execchain.MainClientExec - Connection discarded
DEBUG: org.apache.http.impl.conn.PoolingHttpClientConnectionManager - Connection released: [id: 331][route: {}->http://127.0.0.1:7059][total kept alive: 0; route allocated: 0 of 2000; total allocated: 0 of 2000]
DEBUG: org.apache.http.client.protocol.RequestAddCookies - CookieSpec selected: default
DEBUG: org.apache.http.client.protocol.RequestAuthCache - Auth cache not set in the context
DEBUG: org.apache.http.impl.conn.PoolingHttpClientConnectionManager - Connection request: [route: {}->http://127.0.0.1:7059][total kept alive: 0; route allocated: 0 of 2000; total allocated: 0 of 2000]
DEBUG: org.apache.http.impl.conn.PoolingHttpClientConnectionManager - Connection leased: [id: 332][route: {}->http://127.0.0.1:7059][total kept alive: 0; route allocated: 1 of 2000; total allocated: 1 of 2000]
DEBUG: org.apache.http.impl.execchain.MainClientExec - Opening connection {}->http://127.0.0.1:7059
DEBUG: org.apache.http.impl.conn.DefaultHttpClientConnectionOperator - Connecting to /127.0.0.1:7059
DEBUG: org.apache.http.impl.conn.DefaultHttpClientConnectionOperator - Connection established 127.0.0.1:61153<->127.0.0.1:7059
DEBUG: org.apache.http.impl.conn.DefaultManagedHttpClientConnection - http-outgoing-332: set socket timeout to 10800000
DEBUG: org.apache.http.impl.execchain.MainClientExec - Executing request POST /hub/session/6859ab8f-afd9-c347-b344-d0861cf9be94/element/%7Ba5df2a25-074a-864d-8938-5f8e530c92eb%7D/click HTTP/1.1
DEBUG: org.apache.http.impl.execchain.MainClientExec - Target auth state: UNCHALLENGED
DEBUG: org.apache.http.impl.execchain.MainClientExec - Proxy auth state: UNCHALLENGED
DEBUG: org.apache.http.headers - http-outgoing-332 >> POST /hub/session/6859ab8f-afd9-c347-b344-d0861cf9be94/element/%7Ba5df2a25-074a-864d-8938-5f8e530c92eb%7D/click HTTP/1.1
DEBUG: org.apache.http.headers - http-outgoing-332 >> Content-Type: application/json; charset=utf-8
DEBUG: org.apache.http.headers - http-outgoing-332 >> Content-Length: 47
DEBUG: org.apache.http.headers - http-outgoing-332 >> Host: 127.0.0.1:7059
DEBUG: org.apache.http.headers - http-outgoing-332 >> Connection: Keep-Alive
DEBUG: org.apache.http.headers - http-outgoing-332 >> User-Agent: Apache-HttpClient/4.5.2 (Java/1.7.0_79)
DEBUG: org.apache.http.headers - http-outgoing-332 >> Accept-Encoding: gzip,deflate
DEBUG: org.apache.http.wire - http-outgoing-332 >> "POST /hub/session/6859ab8f-afd9-c347-b344-d0861cf9be94/element/%7Ba5df2a25-074a-864d-8938-5f8e530c92eb%7D/click HTTP/1.1[\r][\n]"
DEBUG: org.apache.http.wire - http-outgoing-332 >> "Content-Type: application/json; charset=utf-8[\r][\n]"
DEBUG: org.apache.http.wire - http-outgoing-332 >> "Content-Length: 47[\r][\n]"
DEBUG: org.apache.http.wire - http-outgoing-332 >> "Host: 127.0.0.1:7059[\r][\n]"
DEBUG: org.apache.http.wire - http-outgoing-332 >> "Connection: Keep-Alive[\r][\n]"
DEBUG: org.apache.http.wire - http-outgoing-332 >> "User-Agent: Apache-HttpClient/4.5.2 (Java/1.7.0_79)[\r][\n]"
DEBUG: org.apache.http.wire - http-outgoing-332 >> "Accept-Encoding: gzip,deflate[\r][\n]"
DEBUG: org.apache.http.wire - http-outgoing-332 >> "[\r][\n]"
DEBUG: org.apache.http.wire - http-outgoing-332 >> "{"id":"{a5df2a25-074a-864d-8938-5f8e530c92eb}"}"
DEBUG: org.apache.http.wire - http-outgoing-332 << "HTTP/1.1 200 OK[\r][\n]"
DEBUG: org.apache.http.wire - http-outgoing-332 << "content-type: application/json; charset=UTF-8[\r][\n]"
DEBUG: org.apache.http.wire - http-outgoing-332 << "connection: close[\r][\n]"
DEBUG: org.apache.http.wire - http-outgoing-332 << "content-length: 98[\r][\n]"
DEBUG: org.apache.http.wire - http-outgoing-332 << "server: httpd.js[\r][\n]"
DEBUG: org.apache.http.wire - http-outgoing-332 << "date: Fri, 26 Aug 2016 09:43:11 GMT[\r][\n]"
DEBUG: org.apache.http.wire - http-outgoing-332 << "[\r][\n]"
DEBUG: org.apache.http.headers - http-outgoing-332 << HTTP/1.1 200 OK
DEBUG: org.apache.http.headers - http-outgoing-332 << content-type: application/json; charset=UTF-8
DEBUG: org.apache.http.headers - http-outgoing-332 << connection: close
DEBUG: org.apache.http.headers - http-outgoing-332 << content-length: 98
DEBUG: org.apache.http.headers - http-outgoing-332 << server: httpd.js
DEBUG: org.apache.http.headers - http-outgoing-332 << date: Fri, 26 Aug 2016 09:43:11 GMT
DEBUG: org.apache.http.wire - http-outgoing-332 << "{"name":"clickElement","sessionId":"6859ab8f-afd9-c347-b344-d0861cf9be94","status":0,"value":"ok"}"
DEBUG: org.apache.http.impl.conn.DefaultManagedHttpClientConnection - http-outgoing-332: Close connection
DEBUG: org.apache.http.impl.execchain.MainClientExec - Connection discarded
DEBUG: org.apache.http.impl.conn.PoolingHttpClientConnectionManager - Connection released: [id: 332][route: {}->http://127.0.0.1:7059][total kept alive: 0; route allocated: 0 of 2000; total allocated: 0 of 2000]
DEBUG: org.apache.http.client.protocol.RequestAddCookies - CookieSpec selected: default
DEBUG: org.apache.http.client.protocol.RequestAuthCache - Auth cache not set in the context
DEBUG: org.apache.http.impl.conn.PoolingHttpClientConnectionManager - Connection request: [route: {}->http://127.0.0.1:7059][total kept alive: 0; route allocated: 0 of 2000; total allocated: 0 of 2000]
DEBUG: org.apache.http.impl.conn.PoolingHttpClientConnectionManager - Connection leased: [id: 333][route: {}->http://127.0.0.1:7059][total kept alive: 0; route allocated: 1 of 2000; total allocated: 1 of 2000]
DEBUG: org.apache.http.impl.execchain.MainClientExec - Opening connection {}->http://127.0.0.1:7059
DEBUG: org.apache.http.impl.conn.DefaultHttpClientConnectionOperator - Connecting to /127.0.0.1:7059
DEBUG: org.apache.http.impl.conn.DefaultHttpClientConnectionOperator - Connection established 127.0.0.1:61156<->127.0.0.1:7059
DEBUG: org.apache.http.impl.conn.DefaultManagedHttpClientConnection - http-outgoing-333: set socket timeout to 10800000
DEBUG: org.apache.http.impl.execchain.MainClientExec - Executing request POST /hub/session/6859ab8f-afd9-c347-b344-d0861cf9be94/url HTTP/1.1
DEBUG: org.apache.http.impl.execchain.MainClientExec - Target auth state: UNCHALLENGED
DEBUG: org.apache.http.impl.execchain.MainClientExec - Proxy auth state: UNCHALLENGED
DEBUG: org.apache.http.headers - http-outgoing-333 >> POST /hub/session/6859ab8f-afd9-c347-b344-d0861cf9be94/url HTTP/1.1
DEBUG: org.apache.http.headers - http-outgoing-333 >> Content-Type: application/json; charset=utf-8
DEBUG: org.apache.http.headers - http-outgoing-333 >> Content-Length: 32
DEBUG: org.apache.http.headers - http-outgoing-333 >> Host: 127.0.0.1:7059
DEBUG: org.apache.http.headers - http-outgoing-333 >> Connection: Keep-Alive
DEBUG: org.apache.http.headers - http-outgoing-333 >> User-Agent: Apache-HttpClient/4.5.2 (Java/1.7.0_79)
DEBUG: org.apache.http.headers - http-outgoing-333 >> Accept-Encoding: gzip,deflate
DEBUG: org.apache.http.wire - http-outgoing-333 >> "POST /hub/session/6859ab8f-afd9-c347-b344-d0861cf9be94/url HTTP/1.1[\r][\n]"
DEBUG: org.apache.http.wire - http-outgoing-333 >> "Content-Type: application/json; charset=utf-8[\r][\n]"
DEBUG: org.apache.http.wire - http-outgoing-333 >> "Content-Length: 32[\r][\n]"
DEBUG: org.apache.http.wire - http-outgoing-333 >> "Host: 127.0.0.1:7059[\r][\n]"
DEBUG: org.apache.http.wire - http-outgoing-333 >> "Connection: Keep-Alive[\r][\n]"
DEBUG: org.apache.http.wire - http-outgoing-333 >> "User-Agent: Apache-HttpClient/4.5.2 (Java/1.7.0_79)[\r][\n]"
DEBUG: org.apache.http.wire - http-outgoing-333 >> "Accept-Encoding: gzip,deflate[\r][\n]"
DEBUG: org.apache.http.wire - http-outgoing-333 >> "[\r][\n]"
DEBUG: org.apache.http.wire - http-outgoing-333 >> "{"url":"http://localhost:8080/"}"
DEBUG: org.apache.http.wire - http-outgoing-333 << "HTTP/1.1 200 OK[\r][\n]"
DEBUG: org.apache.http.wire - http-outgoing-333 << "content-type: application/json; charset=UTF-8[\r][\n]"
DEBUG: org.apache.http.wire - http-outgoing-333 << "connection: close[\r][\n]"
DEBUG: org.apache.http.wire - http-outgoing-333 << "content-length: 87[\r][\n]"
DEBUG: org.apache.http.wire - http-outgoing-333 << "server: httpd.js[\r][\n]"
DEBUG: org.apache.http.wire - http-outgoing-333 << "date: Fri, 26 Aug 2016 09:43:11 GMT[\r][\n]"
DEBUG: org.apache.http.wire - http-outgoing-333 << "[\r][\n]"
DEBUG: org.apache.http.headers - http-outgoing-333 << HTTP/1.1 200 OK
DEBUG: org.apache.http.headers - http-outgoing-333 << content-type: application/json; charset=UTF-8
DEBUG: org.apache.http.headers - http-outgoing-333 << connection: close
DEBUG: org.apache.http.headers - http-outgoing-333 << content-length: 87
DEBUG: org.apache.http.headers - http-outgoing-333 << server: httpd.js
DEBUG: org.apache.http.headers - http-outgoing-333 << date: Fri, 26 Aug 2016 09:43:11 GMT
DEBUG: org.apache.http.wire - http-outgoing-333 << "{"name":"get","sessionId":"6859ab8f-afd9-c347-b344-d0861cf9be94","status":0,"value":""}"
DEBUG: org.apache.http.impl.conn.DefaultManagedHttpClientConnection - http-outgoing-333: Close connection
DEBUG: org.apache.http.impl.execchain.MainClientExec - Connection discarded
DEBUG: org.apache.http.impl.conn.PoolingHttpClientConnectionManager - Connection released: [id: 333][route: {}->http://127.0.0.1:7059][total kept alive: 0; route allocated: 0 of 2000; total allocated: 0 of 2000]
DEBUG: org.apache.http.client.protocol.RequestAddCookies - CookieSpec selected: default
DEBUG: org.apache.http.client.protocol.RequestAuthCache - Auth cache not set in the context
DEBUG: org.apache.http.impl.conn.PoolingHttpClientConnectionManager - Connection request: [route: {}->http://127.0.0.1:7059][total kept alive: 0; route allocated: 0 of 2000; total allocated: 0 of 2000]
DEBUG: org.apache.http.impl.conn.PoolingHttpClientConnectionManager - Connection leased: [id: 334][route: {}->http://127.0.0.1:7059][total kept alive: 0; route allocated: 1 of 2000; total allocated: 1 of 2000]
DEBUG: org.apache.http.impl.execchain.MainClientExec - Opening connection {}->http://127.0.0.1:7059
DEBUG: org.apache.http.impl.conn.DefaultHttpClientConnectionOperator - Connecting to /127.0.0.1:7059
DEBUG: org.apache.http.impl.conn.DefaultHttpClientConnectionOperator - Connection established 127.0.0.1:61157<->127.0.0.1:7059
DEBUG: org.apache.http.impl.conn.DefaultManagedHttpClientConnection - http-outgoing-334: set socket timeout to 10800000
DEBUG: org.apache.http.impl.execchain.MainClientExec - Executing request POST /hub/session/6859ab8f-afd9-c347-b344-d0861cf9be94/elements HTTP/1.1
DEBUG: org.apache.http.impl.execchain.MainClientExec - Target auth state: UNCHALLENGED
DEBUG: org.apache.http.impl.execchain.MainClientExec - Proxy auth state: UNCHALLENGED
DEBUG: org.apache.http.headers - http-outgoing-334 >> POST /hub/session/6859ab8f-afd9-c347-b344-d0861cf9be94/elements HTTP/1.1
DEBUG: org.apache.http.headers - http-outgoing-334 >> Content-Type: application/json; charset=utf-8
DEBUG: org.apache.http.headers - http-outgoing-334 >> Content-Length: 89
DEBUG: org.apache.http.headers - http-outgoing-334 >> Host: 127.0.0.1:7059
DEBUG: org.apache.http.headers - http-outgoing-334 >> Connection: Keep-Alive
DEBUG: org.apache.http.headers - http-outgoing-334 >> User-Agent: Apache-HttpClient/4.5.2 (Java/1.7.0_79)
DEBUG: org.apache.http.headers - http-outgoing-334 >> Accept-Encoding: gzip,deflate
DEBUG: org.apache.http.wire - http-outgoing-334 >> "POST /hub/session/6859ab8f-afd9-c347-b344-d0861cf9be94/elements HTTP/1.1[\r][\n]"
DEBUG: org.apache.http.wire - http-outgoing-334 >> "Content-Type: application/json; charset=utf-8[\r][\n]"
DEBUG: org.apache.http.wire - http-outgoing-334 >> "Content-Length: 89[\r][\n]"
DEBUG: org.apache.http.wire - http-outgoing-334 >> "Host: 127.0.0.1:7059[\r][\n]"
DEBUG: org.apache.http.wire - http-outgoing-334 >> "Connection: Keep-Alive[\r][\n]"
DEBUG: org.apache.http.wire - http-outgoing-334 >> "User-Agent: Apache-HttpClient/4.5.2 (Java/1.7.0_79)[\r][\n]"
DEBUG: org.apache.http.wire - http-outgoing-334 >> "Accept-Encoding: gzip,deflate[\r][\n]"
DEBUG: org.apache.http.wire - http-outgoing-334 >> "[\r][\n]"
DEBUG: org.apache.http.wire - http-outgoing-334 >> "{"using":"xpath","value":"//tbody/tr/td[1][text()='Simplon Pavo 3 Ultra 1472204590110']"}"
DEBUG: org.apache.http.wire - http-outgoing-334 << "HTTP/1.1 200 OK[\r][\n]"
DEBUG: org.apache.http.wire - http-outgoing-334 << "content-type: application/json; charset=UTF-8[\r][\n]"
DEBUG: org.apache.http.wire - http-outgoing-334 << "connection: close[\r][\n]"
DEBUG: org.apache.http.wire - http-outgoing-334 << "content-length: 227[\r][\n]"
DEBUG: org.apache.http.wire - http-outgoing-334 << "server: httpd.js[\r][\n]"
DEBUG: org.apache.http.wire - http-outgoing-334 << "date: Fri, 26 Aug 2016 09:43:11 GMT[\r][\n]"
DEBUG: org.apache.http.wire - http-outgoing-334 << "[\r][\n]"
DEBUG: org.apache.http.headers - http-outgoing-334 << HTTP/1.1 200 OK
DEBUG: org.apache.http.headers - http-outgoing-334 << content-type: application/json; charset=UTF-8
DEBUG: org.apache.http.headers - http-outgoing-334 << connection: close
DEBUG: org.apache.http.headers - http-outgoing-334 << content-length: 227
DEBUG: org.apache.http.headers - http-outgoing-334 << server: httpd.js
DEBUG: org.apache.http.headers - http-outgoing-334 << date: Fri, 26 Aug 2016 09:43:11 GMT
DEBUG: org.apache.http.wire - http-outgoing-334 << "{"name":"findElements","sessionId":"6859ab8f-afd9-c347-b344-d0861cf9be94","status":0,"value":[{"ELEMENT":"{07268b91-f100-6048-9339-a1b978e421ae}","element-6066-11e4-a52e-4f735466cecf":"{07268b91-f100-6048-9339-a1b978e421ae}"}]}"
DEBUG: org.apache.http.impl.conn.DefaultManagedHttpClientConnection - http-outgoing-334: Close connection
DEBUG: org.apache.http.impl.execchain.MainClientExec - Connection discarded
DEBUG: org.apache.http.impl.conn.PoolingHttpClientConnectionManager - Connection released: [id: 334][route: {}->http://127.0.0.1:7059][total kept alive: 0; route allocated: 0 of 2000; total allocated: 0 of 2000]
DEBUG: org.apache.http.client.protocol.RequestAddCookies - CookieSpec selected: default
DEBUG: org.apache.http.client.protocol.RequestAuthCache - Auth cache not set in the context
DEBUG: org.apache.http.impl.conn.PoolingHttpClientConnectionManager - Connection request: [route: {}->http://127.0.0.1:7059][total kept alive: 0; route allocated: 0 of 2000; total allocated: 0 of 2000]
DEBUG: org.apache.http.impl.conn.PoolingHttpClientConnectionManager - Connection leased: [id: 335][route: {}->http://127.0.0.1:7059][total kept alive: 0; route allocated: 1 of 2000; total allocated: 1 of 2000]
DEBUG: org.apache.http.impl.execchain.MainClientExec - Opening connection {}->http://127.0.0.1:7059
DEBUG: org.apache.http.impl.conn.DefaultHttpClientConnectionOperator - Connecting to /127.0.0.1:7059
DEBUG: org.apache.http.impl.conn.DefaultHttpClientConnectionOperator - Connection established 127.0.0.1:61158<->127.0.0.1:7059
DEBUG: org.apache.http.impl.conn.DefaultManagedHttpClientConnection - http-outgoing-335: set socket timeout to 10800000
DEBUG: org.apache.http.impl.execchain.MainClientExec - Executing request POST /hub/session/6859ab8f-afd9-c347-b344-d0861cf9be94/element HTTP/1.1
DEBUG: org.apache.http.impl.execchain.MainClientExec - Target auth state: UNCHALLENGED
DEBUG: org.apache.http.impl.execchain.MainClientExec - Proxy auth state: UNCHALLENGED
DEBUG: org.apache.http.headers - http-outgoing-335 >> POST /hub/session/6859ab8f-afd9-c347-b344-d0861cf9be94/element HTTP/1.1
DEBUG: org.apache.http.headers - http-outgoing-335 >> Content-Type: application/json; charset=utf-8
DEBUG: org.apache.http.headers - http-outgoing-335 >> Content-Length: 119
DEBUG: org.apache.http.headers - http-outgoing-335 >> Host: 127.0.0.1:7059
DEBUG: org.apache.http.headers - http-outgoing-335 >> Connection: Keep-Alive
DEBUG: org.apache.http.headers - http-outgoing-335 >> User-Agent: Apache-HttpClient/4.5.2 (Java/1.7.0_79)
DEBUG: org.apache.http.headers - http-outgoing-335 >> Accept-Encoding: gzip,deflate
DEBUG: org.apache.http.wire - http-outgoing-335 >> "POST /hub/session/6859ab8f-afd9-c347-b344-d0861cf9be94/element HTTP/1.1[\r][\n]"
DEBUG: org.apache.http.wire - http-outgoing-335 >> "Content-Type: application/json; charset=utf-8[\r][\n]"
DEBUG: org.apache.http.wire - http-outgoing-335 >> "Content-Length: 119[\r][\n]"
DEBUG: org.apache.http.wire - http-outgoing-335 >> "Host: 127.0.0.1:7059[\r][\n]"
DEBUG: org.apache.http.wire - http-outgoing-335 >> "Connection: Keep-Alive[\r][\n]"
DEBUG: org.apache.http.wire - http-outgoing-335 >> "User-Agent: Apache-HttpClient/4.5.2 (Java/1.7.0_79)[\r][\n]"
DEBUG: org.apache.http.wire - http-outgoing-335 >> "Accept-Encoding: gzip,deflate[\r][\n]"
DEBUG: org.apache.http.wire - http-outgoing-335 >> "[\r][\n]"
DEBUG: org.apache.http.wire - http-outgoing-335 >> "{"using":"xpath","value":"//tbody/tr/td[1][text() = 'Simplon Pavo 3 Ultra 1472204590110']/parent::*/td[6]/form/button"}"
DEBUG: org.apache.http.wire - http-outgoing-335 << "HTTP/1.1 200 OK[\r][\n]"
DEBUG: org.apache.http.wire - http-outgoing-335 << "content-type: application/json; charset=UTF-8[\r][\n]"
DEBUG: org.apache.http.wire - http-outgoing-335 << "connection: close[\r][\n]"
DEBUG: org.apache.http.wire - http-outgoing-335 << "content-length: 224[\r][\n]"
DEBUG: org.apache.http.wire - http-outgoing-335 << "server: httpd.js[\r][\n]"
DEBUG: org.apache.http.wire - http-outgoing-335 << "date: Fri, 26 Aug 2016 09:43:11 GMT[\r][\n]"
DEBUG: org.apache.http.wire - http-outgoing-335 << "[\r][\n]"
DEBUG: org.apache.http.headers - http-outgoing-335 << HTTP/1.1 200 OK
DEBUG: org.apache.http.headers - http-outgoing-335 << content-type: application/json; charset=UTF-8
DEBUG: org.apache.http.headers - http-outgoing-335 << connection: close
DEBUG: org.apache.http.headers - http-outgoing-335 << content-length: 224
DEBUG: org.apache.http.headers - http-outgoing-335 << server: httpd.js
DEBUG: org.apache.http.headers - http-outgoing-335 << date: Fri, 26 Aug 2016 09:43:11 GMT
DEBUG: org.apache.http.wire - http-outgoing-335 << "{"name":"findElement","sessionId":"6859ab8f-afd9-c347-b344-d0861cf9be94","status":0,"value":{"ELEMENT":"{240887b9-37b2-f140-9d31-996ef7a56195}","element-6066-11e4-a52e-4f735466cecf":"{240887b9-37b2-f140-9d31-996ef7a56195}"}}"
DEBUG: org.apache.http.impl.conn.DefaultManagedHttpClientConnection - http-outgoing-335: Close connection
DEBUG: org.apache.http.impl.execchain.MainClientExec - Connection discarded
DEBUG: org.apache.http.impl.conn.PoolingHttpClientConnectionManager - Connection released: [id: 335][route: {}->http://127.0.0.1:7059][total kept alive: 0; route allocated: 0 of 2000; total allocated: 0 of 2000]
DEBUG: org.apache.http.client.protocol.RequestAddCookies - CookieSpec selected: default
DEBUG: org.apache.http.client.protocol.RequestAuthCache - Auth cache not set in the context
DEBUG: org.apache.http.impl.conn.PoolingHttpClientConnectionManager - Connection request: [route: {}->http://127.0.0.1:7059][total kept alive: 0; route allocated: 0 of 2000; total allocated: 0 of 2000]
DEBUG: org.apache.http.impl.conn.PoolingHttpClientConnectionManager - Connection leased: [id: 336][route: {}->http://127.0.0.1:7059][total kept alive: 0; route allocated: 1 of 2000; total allocated: 1 of 2000]
DEBUG: org.apache.http.impl.execchain.MainClientExec - Opening connection {}->http://127.0.0.1:7059
DEBUG: org.apache.http.impl.conn.DefaultHttpClientConnectionOperator - Connecting to /127.0.0.1:7059
DEBUG: org.apache.http.impl.conn.DefaultHttpClientConnectionOperator - Connection established 127.0.0.1:61159<->127.0.0.1:7059
DEBUG: org.apache.http.impl.conn.DefaultManagedHttpClientConnection - http-outgoing-336: set socket timeout to 10800000
DEBUG: org.apache.http.impl.execchain.MainClientExec - Executing request POST /hub/session/6859ab8f-afd9-c347-b344-d0861cf9be94/element/%7B240887b9-37b2-f140-9d31-996ef7a56195%7D/click HTTP/1.1
DEBUG: org.apache.http.impl.execchain.MainClientExec - Target auth state: UNCHALLENGED
DEBUG: org.apache.http.impl.execchain.MainClientExec - Proxy auth state: UNCHALLENGED
DEBUG: org.apache.http.headers - http-outgoing-336 >> POST /hub/session/6859ab8f-afd9-c347-b344-d0861cf9be94/element/%7B240887b9-37b2-f140-9d31-996ef7a56195%7D/click HTTP/1.1
DEBUG: org.apache.http.headers - http-outgoing-336 >> Content-Type: application/json; charset=utf-8
DEBUG: org.apache.http.headers - http-outgoing-336 >> Content-Length: 47
DEBUG: org.apache.http.headers - http-outgoing-336 >> Host: 127.0.0.1:7059
DEBUG: org.apache.http.headers - http-outgoing-336 >> Connection: Keep-Alive
DEBUG: org.apache.http.headers - http-outgoing-336 >> User-Agent: Apache-HttpClient/4.5.2 (Java/1.7.0_79)
DEBUG: org.apache.http.headers - http-outgoing-336 >> Accept-Encoding: gzip,deflate
DEBUG: org.apache.http.wire - http-outgoing-336 >> "POST /hub/session/6859ab8f-afd9-c347-b344-d0861cf9be94/element/%7B240887b9-37b2-f140-9d31-996ef7a56195%7D/click HTTP/1.1[\r][\n]"
DEBUG: org.apache.http.wire - http-outgoing-336 >> "Content-Type: application/json; charset=utf-8[\r][\n]"
DEBUG: org.apache.http.wire - http-outgoing-336 >> "Content-Length: 47[\r][\n]"
DEBUG: org.apache.http.wire - http-outgoing-336 >> "Host: 127.0.0.1:7059[\r][\n]"
DEBUG: org.apache.http.wire - http-outgoing-336 >> "Connection: Keep-Alive[\r][\n]"
DEBUG: org.apache.http.wire - http-outgoing-336 >> "User-Agent: Apache-HttpClient/4.5.2 (Java/1.7.0_79)[\r][\n]"
DEBUG: org.apache.http.wire - http-outgoing-336 >> "Accept-Encoding: gzip,deflate[\r][\n]"
DEBUG: org.apache.http.wire - http-outgoing-336 >> "[\r][\n]"
DEBUG: org.apache.http.wire - http-outgoing-336 >> "{"id":"{240887b9-37b2-f140-9d31-996ef7a56195}"}"
DEBUG: org.apache.http.wire - http-outgoing-336 << "HTTP/1.1 200 OK[\r][\n]"
DEBUG: org.apache.http.wire - http-outgoing-336 << "content-type: application/json; charset=UTF-8[\r][\n]"
DEBUG: org.apache.http.wire - http-outgoing-336 << "connection: close[\r][\n]"
DEBUG: org.apache.http.wire - http-outgoing-336 << "content-length: 98[\r][\n]"
DEBUG: org.apache.http.wire - http-outgoing-336 << "server: httpd.js[\r][\n]"
DEBUG: org.apache.http.wire - http-outgoing-336 << "date: Fri, 26 Aug 2016 09:43:11 GMT[\r][\n]"
DEBUG: org.apache.http.wire - http-outgoing-336 << "[\r][\n]"
DEBUG: org.apache.http.headers - http-outgoing-336 << HTTP/1.1 200 OK
DEBUG: org.apache.http.headers - http-outgoing-336 << content-type: application/json; charset=UTF-8
DEBUG: org.apache.http.headers - http-outgoing-336 << connection: close
DEBUG: org.apache.http.headers - http-outgoing-336 << content-length: 98
DEBUG: org.apache.http.headers - http-outgoing-336 << server: httpd.js
DEBUG: org.apache.http.headers - http-outgoing-336 << date: Fri, 26 Aug 2016 09:43:11 GMT
DEBUG: org.apache.http.wire - http-outgoing-336 << "{"name":"clickElement","sessionId":"6859ab8f-afd9-c347-b344-d0861cf9be94","status":0,"value":"ok"}"
DEBUG: org.apache.http.impl.conn.DefaultManagedHttpClientConnection - http-outgoing-336: Close connection
DEBUG: org.apache.http.impl.execchain.MainClientExec - Connection discarded
DEBUG: org.apache.http.impl.conn.PoolingHttpClientConnectionManager - Connection released: [id: 336][route: {}->http://127.0.0.1:7059][total kept alive: 0; route allocated: 0 of 2000; total allocated: 0 of 2000]
DEBUG: org.apache.http.client.protocol.RequestAddCookies - CookieSpec selected: default
DEBUG: org.apache.http.client.protocol.RequestAuthCache - Auth cache not set in the context
DEBUG: org.apache.http.impl.conn.PoolingHttpClientConnectionManager - Connection request: [route: {}->http://127.0.0.1:7059][total kept alive: 0; route allocated: 0 of 2000; total allocated: 0 of 2000]
DEBUG: org.apache.http.impl.conn.PoolingHttpClientConnectionManager - Connection leased: [id: 337][route: {}->http://127.0.0.1:7059][total kept alive: 0; route allocated: 1 of 2000; total allocated: 1 of 2000]
DEBUG: org.apache.http.impl.execchain.MainClientExec - Opening connection {}->http://127.0.0.1:7059
DEBUG: org.apache.http.impl.conn.DefaultHttpClientConnectionOperator - Connecting to /127.0.0.1:7059
DEBUG: org.apache.http.impl.conn.DefaultHttpClientConnectionOperator - Connection established 127.0.0.1:61160<->127.0.0.1:7059
DEBUG: org.apache.http.impl.conn.DefaultManagedHttpClientConnection - http-outgoing-337: set socket timeout to 10800000
DEBUG: org.apache.http.impl.execchain.MainClientExec - Executing request POST /hub/session/6859ab8f-afd9-c347-b344-d0861cf9be94/url HTTP/1.1
DEBUG: org.apache.http.impl.execchain.MainClientExec - Target auth state: UNCHALLENGED
DEBUG: org.apache.http.impl.execchain.MainClientExec - Proxy auth state: UNCHALLENGED
DEBUG: org.apache.http.headers - http-outgoing-337 >> POST /hub/session/6859ab8f-afd9-c347-b344-d0861cf9be94/url HTTP/1.1
DEBUG: org.apache.http.headers - http-outgoing-337 >> Content-Type: application/json; charset=utf-8
DEBUG: org.apache.http.headers - http-outgoing-337 >> Content-Length: 32
DEBUG: org.apache.http.headers - http-outgoing-337 >> Host: 127.0.0.1:7059
DEBUG: org.apache.http.headers - http-outgoing-337 >> Connection: Keep-Alive
DEBUG: org.apache.http.headers - http-outgoing-337 >> User-Agent: Apache-HttpClient/4.5.2 (Java/1.7.0_79)
DEBUG: org.apache.http.headers - http-outgoing-337 >> Accept-Encoding: gzip,deflate
DEBUG: org.apache.http.wire - http-outgoing-337 >> "POST /hub/session/6859ab8f-afd9-c347-b344-d0861cf9be94/url HTTP/1.1[\r][\n]"
DEBUG: org.apache.http.wire - http-outgoing-337 >> "Content-Type: application/json; charset=utf-8[\r][\n]"
DEBUG: org.apache.http.wire - http-outgoing-337 >> "Content-Length: 32[\r][\n]"
DEBUG: org.apache.http.wire - http-outgoing-337 >> "Host: 127.0.0.1:7059[\r][\n]"
DEBUG: org.apache.http.wire - http-outgoing-337 >> "Connection: Keep-Alive[\r][\n]"
DEBUG: org.apache.http.wire - http-outgoing-337 >> "User-Agent: Apache-HttpClient/4.5.2 (Java/1.7.0_79)[\r][\n]"
DEBUG: org.apache.http.wire - http-outgoing-337 >> "Accept-Encoding: gzip,deflate[\r][\n]"
DEBUG: org.apache.http.wire - http-outgoing-337 >> "[\r][\n]"
DEBUG: org.apache.http.wire - http-outgoing-337 >> "{"url":"http://localhost:8080/"}"
DEBUG: org.apache.http.wire - http-outgoing-337 << "HTTP/1.1 200 OK[\r][\n]"
DEBUG: org.apache.http.wire - http-outgoing-337 << "content-type: application/json; charset=UTF-8[\r][\n]"
DEBUG: org.apache.http.wire - http-outgoing-337 << "connection: close[\r][\n]"
DEBUG: org.apache.http.wire - http-outgoing-337 << "content-length: 87[\r][\n]"
DEBUG: org.apache.http.wire - http-outgoing-337 << "server: httpd.js[\r][\n]"
DEBUG: org.apache.http.wire - http-outgoing-337 << "date: Fri, 26 Aug 2016 09:43:11 GMT[\r][\n]"
DEBUG: org.apache.http.wire - http-outgoing-337 << "[\r][\n]"
DEBUG: org.apache.http.headers - http-outgoing-337 << HTTP/1.1 200 OK
DEBUG: org.apache.http.headers - http-outgoing-337 << content-type: application/json; charset=UTF-8
DEBUG: org.apache.http.headers - http-outgoing-337 << connection: close
DEBUG: org.apache.http.headers - http-outgoing-337 << content-length: 87
DEBUG: org.apache.http.headers - http-outgoing-337 << server: httpd.js
DEBUG: org.apache.http.headers - http-outgoing-337 << date: Fri, 26 Aug 2016 09:43:11 GMT
DEBUG: org.apache.http.wire - http-outgoing-337 << "{"name":"get","sessionId":"6859ab8f-afd9-c347-b344-d0861cf9be94","status":0,"value":""}"
DEBUG: org.apache.http.impl.conn.DefaultManagedHttpClientConnection - http-outgoing-337: Close connection
DEBUG: org.apache.http.impl.execchain.MainClientExec - Connection discarded
DEBUG: org.apache.http.impl.conn.PoolingHttpClientConnectionManager - Connection released: [id: 337][route: {}->http://127.0.0.1:7059][total kept alive: 0; route allocated: 0 of 2000; total allocated: 0 of 2000]
DEBUG: org.apache.http.client.protocol.RequestAddCookies - CookieSpec selected: default
DEBUG: org.apache.http.client.protocol.RequestAuthCache - Auth cache not set in the context
DEBUG: org.apache.http.impl.conn.PoolingHttpClientConnectionManager - Connection request: [route: {}->http://127.0.0.1:7059][total kept alive: 0; route allocated: 0 of 2000; total allocated: 0 of 2000]
DEBUG: org.apache.http.impl.conn.PoolingHttpClientConnectionManager - Connection leased: [id: 338][route: {}->http://127.0.0.1:7059][total kept alive: 0; route allocated: 1 of 2000; total allocated: 1 of 2000]
DEBUG: org.apache.http.impl.execchain.MainClientExec - Opening connection {}->http://127.0.0.1:7059
DEBUG: org.apache.http.impl.conn.DefaultHttpClientConnectionOperator - Connecting to /127.0.0.1:7059
DEBUG: org.apache.http.impl.conn.DefaultHttpClientConnectionOperator - Connection established 127.0.0.1:61167<->127.0.0.1:7059
DEBUG: org.apache.http.impl.conn.DefaultManagedHttpClientConnection - http-outgoing-338: set socket timeout to 10800000
DEBUG: org.apache.http.impl.execchain.MainClientExec - Executing request POST /hub/session/6859ab8f-afd9-c347-b344-d0861cf9be94/elements HTTP/1.1
DEBUG: org.apache.http.impl.execchain.MainClientExec - Target auth state: UNCHALLENGED
DEBUG: org.apache.http.impl.execchain.MainClientExec - Proxy auth state: UNCHALLENGED
DEBUG: org.apache.http.headers - http-outgoing-338 >> POST /hub/session/6859ab8f-afd9-c347-b344-d0861cf9be94/elements HTTP/1.1
DEBUG: org.apache.http.headers - http-outgoing-338 >> Content-Type: application/json; charset=utf-8
DEBUG: org.apache.http.headers - http-outgoing-338 >> Content-Length: 89
DEBUG: org.apache.http.headers - http-outgoing-338 >> Host: 127.0.0.1:7059
DEBUG: org.apache.http.headers - http-outgoing-338 >> Connection: Keep-Alive
DEBUG: org.apache.http.headers - http-outgoing-338 >> User-Agent: Apache-HttpClient/4.5.2 (Java/1.7.0_79)
DEBUG: org.apache.http.headers - http-outgoing-338 >> Accept-Encoding: gzip,deflate
DEBUG: org.apache.http.wire - http-outgoing-338 >> "POST /hub/session/6859ab8f-afd9-c347-b344-d0861cf9be94/elements HTTP/1.1[\r][\n]"
DEBUG: org.apache.http.wire - http-outgoing-338 >> "Content-Type: application/json; charset=utf-8[\r][\n]"
DEBUG: org.apache.http.wire - http-outgoing-338 >> "Content-Length: 89[\r][\n]"
DEBUG: org.apache.http.wire - http-outgoing-338 >> "Host: 127.0.0.1:7059[\r][\n]"
DEBUG: org.apache.http.wire - http-outgoing-338 >> "Connection: Keep-Alive[\r][\n]"
DEBUG: org.apache.http.wire - http-outgoing-338 >> "User-Agent: Apache-HttpClient/4.5.2 (Java/1.7.0_79)[\r][\n]"
DEBUG: org.apache.http.wire - http-outgoing-338 >> "Accept-Encoding: gzip,deflate[\r][\n]"
DEBUG: org.apache.http.wire - http-outgoing-338 >> "[\r][\n]"
DEBUG: org.apache.http.wire - http-outgoing-338 >> "{"using":"xpath","value":"//tbody/tr/td[1][text()='Simplon Pavo 3 Ultra 1472204590110']"}"
DEBUG: org.apache.http.wire - http-outgoing-338 << "HTTP/1.1 200 OK[\r][\n]"
[...]
DEBUG: org.apache.http.wire - http-outgoing-366 >> "Content-Type: application/json; charset=utf-8[\r][\n]"
DEBUG: org.apache.http.wire - http-outgoing-366 >> "Content-Length: 83[\r][\n]"
DEBUG: org.apache.http.wire - http-outgoing-366 >> "Host: 127.0.0.1:7059[\r][\n]"
DEBUG: org.apache.http.wire - http-outgoing-366 >> "Connection: Keep-Alive[\r][\n]"
DEBUG: org.apache.http.wire - http-outgoing-366 >> "User-Agent: Apache-HttpClient/4.5.2 (Java/1.7.0_79)[\r][\n]"
DEBUG: org.apache.http.wire - http-outgoing-366 >> "Accept-Encoding: gzip,deflate[\r][\n]"
DEBUG: org.apache.http.wire - http-outgoing-366 >> "[\r][\n]"
DEBUG: org.apache.http.wire - http-outgoing-366 >> "{"id":"{aee41e23-3b96-ca46-987f-00849a65cd41}","using":"tag name","value":"option"}"
DEBUG: org.apache.http.wire - http-outgoing-366 << "HTTP/1.1 200 OK[\r][\n]"
DEBUG: org.apache.http.wire - http-outgoing-366 << "content-type: application/json; charset=UTF-8[\r][\n]"
DEBUG: org.apache.http.wire - http-outgoing-366 << "connection: close[\r][\n]"
DEBUG: org.apache.http.wire - http-outgoing-366 << "content-length: 628[\r][\n]"
DEBUG: org.apache.http.wire - http-outgoing-366 << "server: httpd.js[\r][\n]"
DEBUG: org.apache.http.wire - http-outgoing-366 << "date: Fri, 26 Aug 2016 09:43:12 GMT[\r][\n]"
DEBUG: org.apache.http.wire - http-outgoing-366 << "[\r][\n]"
DEBUG: org.apache.http.headers - http-outgoing-366 << HTTP/1.1 200 OK
DEBUG: org.apache.http.headers - http-outgoing-366 << content-type: application/json; charset=UTF-8
DEBUG: org.apache.http.headers - http-outgoing-366 << connection: close
DEBUG: org.apache.http.headers - http-outgoing-366 << content-length: 628
DEBUG: org.apache.http.headers - http-outgoing-366 << server: httpd.js
DEBUG: org.apache.http.headers - http-outgoing-366 << date: Fri, 26 Aug 2016 09:43:12 GMT
DEBUG: org.apache.http.wire - http-outgoing-366 << "{"name":"findChildElements","sessionId":"6859ab8f-afd9-c347-b344-d0861cf9be94","status":0,"value":[{"ELEMENT":"{92594eee-028a-7e42-b241-c0c82c314bb6}","element-6066-11e4-a52e-4f735466cecf":"{92594eee-028a-7e42-b241-c0c82c314bb6}"},{"ELEMENT":"{fee32c3b-9365-374a-8bec-e3f5146637ef}","element-6066-11e4-a52e-4f735466cecf":"{fee32c3b-9365-374a-8bec-e3f5146637ef}"},{"ELEMENT":"{4f97a3f1-6dc7-3144-8871-98faa4224075}","element-6066-11e4-a52e-4f735466cecf":"{4f97a3f1-6dc7-3144-8871-98faa4224075}"},{"ELEMENT":"{76e0ef55-435d-294b-9f57-d0ea0386aa8e}","element-6066-11e4-a52e-4f735466cecf":"{76e0ef55-435d-294b-9f57-d0ea0386aa8e}"}]}"
DEBUG: org.apache.http.impl.conn.DefaultManagedHttpClientConnection - http-outgoing-366: Close connection
DEBUG: org.apache.http.impl.execchain.MainClientExec - Connection discarded
DEBUG: org.apache.http.impl.conn.PoolingHttpClientConnectionManager - Connection released: [id: 366][route: {}->http://127.0.0.1:7059][total kept alive: 0; route allocated: 0 of 2000; total allocated: 0 of 2000]
DEBUG: org.apache.http.client.protocol.RequestAddCookies - CookieSpec selected: default
DEBUG: org.apache.http.client.protocol.RequestAuthCache - Auth cache not set in the context
DEBUG: org.apache.http.impl.conn.PoolingHttpClientConnectionManager - Connection request: [route: {}->http://127.0.0.1:7059][total kept alive: 0; route allocated: 0 of 2000; total allocated: 0 of 2000]
DEBUG: org.apache.http.impl.conn.PoolingHttpClientConnectionManager - Connection leased: [id: 367][route: {}->http://127.0.0.1:7059][total kept alive: 0; route allocated: 1 of 2000; total allocated: 1 of 2000]
DEBUG: org.apache.http.impl.execchain.MainClientExec - Opening connection {}->http://127.0.0.1:7059
DEBUG: org.apache.http.impl.conn.DefaultHttpClientConnectionOperator - Connecting to /127.0.0.1:7059
DEBUG: org.apache.http.impl.conn.DefaultHttpClientConnectionOperator - Connection established 127.0.0.1:61203<->127.0.0.1:7059
DEBUG: org.apache.http.impl.conn.DefaultManagedHttpClientConnection - http-outgoing-367: set socket timeout to 10800000
DEBUG: org.apache.http.impl.execchain.MainClientExec - Executing request GET /hub/session/6859ab8f-afd9-c347-b344-d0861cf9be94/element/%7B92594eee-028a-7e42-b241-c0c82c314bb6%7D/selected HTTP/1.1
DEBUG: org.apache.http.impl.execchain.MainClientExec - Target auth state: UNCHALLENGED
DEBUG: org.apache.http.impl.execchain.MainClientExec - Proxy auth state: UNCHALLENGED
DEBUG: org.apache.http.headers - http-outgoing-367 >> GET /hub/session/6859ab8f-afd9-c347-b344-d0861cf9be94/element/%7B92594eee-028a-7e42-b241-c0c82c314bb6%7D/selected HTTP/1.1
DEBUG: org.apache.http.headers - http-outgoing-367 >> Cache-Control: no-cache
DEBUG: org.apache.http.headers - http-outgoing-367 >> Host: 127.0.0.1:7059
DEBUG: org.apache.http.headers - http-outgoing-367 >> Connection: Keep-Alive
DEBUG: org.apache.http.headers - http-outgoing-367 >> User-Agent: Apache-HttpClient/4.5.2 (Java/1.7.0_79)
DEBUG: org.apache.http.headers - http-outgoing-367 >> Accept-Encoding: gzip,deflate
DEBUG: org.apache.http.wire - http-outgoing-367 >> "GET /hub/session/6859ab8f-afd9-c347-b344-d0861cf9be94/element/%7B92594eee-028a-7e42-b241-c0c82c314bb6%7D/selected HTTP/1.1[\r][\n]"
DEBUG: org.apache.http.wire - http-outgoing-367 >> "Cache-Control: no-cache[\r][\n]"
DEBUG: org.apache.http.wire - http-outgoing-367 >> "Host: 127.0.0.1:7059[\r][\n]"
DEBUG: org.apache.http.wire - http-outgoing-367 >> "Connection: Keep-Alive[\r][\n]"
DEBUG: org.apache.http.wire - http-outgoing-367 >> "User-Agent: Apache-HttpClient/4.5.2 (Java/1.7.0_79)[\r][\n]"
DEBUG: org.apache.http.wire - http-outgoing-367 >> "Accept-Encoding: gzip,deflate[\r][\n]"
DEBUG: org.apache.http.wire - http-outgoing-367 >> "[\r][\n]"
DEBUG: org.apache.http.wire - http-outgoing-367 << "HTTP/1.1 200 OK[\r][\n]"
DEBUG: org.apache.http.wire - http-outgoing-367 << "content-type: application/json; charset=UTF-8[\r][\n]"
DEBUG: org.apache.http.wire - http-outgoing-367 << "connection: close[\r][\n]"
DEBUG: org.apache.http.wire - http-outgoing-367 << "content-length: 104[\r][\n]"
DEBUG: org.apache.http.wire - http-outgoing-367 << "server: httpd.js[\r][\n]"
DEBUG: org.apache.http.wire - http-outgoing-367 << "date: Fri, 26 Aug 2016 09:43:12 GMT[\r][\n]"
DEBUG: org.apache.http.wire - http-outgoing-367 << "[\r][\n]"
DEBUG: org.apache.http.headers - http-outgoing-367 << HTTP/1.1 200 OK
DEBUG: org.apache.http.headers - http-outgoing-367 << content-type: application/json; charset=UTF-8
DEBUG: org.apache.http.headers - http-outgoing-367 << connection: close
DEBUG: org.apache.http.headers - http-outgoing-367 << content-length: 104
DEBUG: org.apache.http.headers - http-outgoing-367 << server: httpd.js
DEBUG: org.apache.http.headers - http-outgoing-367 << date: Fri, 26 Aug 2016 09:43:12 GMT
DEBUG: org.apache.http.wire - http-outgoing-367 << "{"name":"isElementSelected","sessionId":"6859ab8f-afd9-c347-b344-d0861cf9be94","status":0,"value":false}"
DEBUG: org.apache.http.impl.conn.DefaultManagedHttpClientConnection - http-outgoing-367: Close connection
DEBUG: org.apache.http.impl.execchain.MainClientExec - Connection discarded
DEBUG: org.apache.http.impl.conn.PoolingHttpClientConnectionManager - Connection released: [id: 367][route: {}->http://127.0.0.1:7059][total kept alive: 0; route allocated: 0 of 2000; total allocated: 0 of 2000]
DEBUG: org.apache.http.client.protocol.RequestAddCookies - CookieSpec selected: default
DEBUG: org.apache.http.client.protocol.RequestAuthCache - Auth cache not set in the context
DEBUG: org.apache.http.impl.conn.PoolingHttpClientConnectionManager - Connection request: [route: {}->http://127.0.0.1:7059][total kept alive: 0; route allocated: 0 of 2000; total allocated: 0 of 2000]
DEBUG: org.apache.http.impl.conn.PoolingHttpClientConnectionManager - Connection leased: [id: 368][route: {}->http://127.0.0.1:7059][total kept alive: 0; route allocated: 1 of 2000; total allocated: 1 of 2000]
DEBUG: org.apache.http.impl.execchain.MainClientExec - Opening connection {}->http://127.0.0.1:7059
DEBUG: org.apache.http.impl.conn.DefaultHttpClientConnectionOperator - Connecting to /127.0.0.1:7059
DEBUG: org.apache.http.impl.conn.DefaultHttpClientConnectionOperator - Connection established 127.0.0.1:61204<->127.0.0.1:7059
DEBUG: org.apache.http.impl.conn.DefaultManagedHttpClientConnection - http-outgoing-368: set socket timeout to 10800000
DEBUG: org.apache.http.impl.execchain.MainClientExec - Executing request GET /hub/session/6859ab8f-afd9-c347-b344-d0861cf9be94/element/%7Bfee32c3b-9365-374a-8bec-e3f5146637ef%7D/selected HTTP/1.1
DEBUG: org.apache.http.impl.execchain.MainClientExec - Target auth state: UNCHALLENGED
DEBUG: org.apache.http.impl.execchain.MainClientExec - Proxy auth state: UNCHALLENGED
DEBUG: org.apache.http.headers - http-outgoing-368 >> GET /hub/session/6859ab8f-afd9-c347-b344-d0861cf9be94/element/%7Bfee32c3b-9365-374a-8bec-e3f5146637ef%7D/selected HTTP/1.1
DEBUG: org.apache.http.headers - http-outgoing-368 >> Cache-Control: no-cache
DEBUG: org.apache.http.headers - http-outgoing-368 >> Host: 127.0.0.1:7059
DEBUG: org.apache.http.headers - http-outgoing-368 >> Connection: Keep-Alive
DEBUG: org.apache.http.headers - http-outgoing-368 >> User-Agent: Apache-HttpClient/4.5.2 (Java/1.7.0_79)
DEBUG: org.apache.http.headers - http-outgoing-368 >> Accept-Encoding: gzip,deflate
DEBUG: org.apache.http.wire - http-outgoing-368 >> "GET /hub/session/6859ab8f-afd9-c347-b344-d0861cf9be94/element/%7Bfee32c3b-9365-374a-8bec-e3f5146637ef%7D/selected HTTP/1.1[\r][\n]"
DEBUG: org.apache.http.wire - http-outgoing-368 >> "Cache-Control: no-cache[\r][\n]"
DEBUG: org.apache.http.wire - http-outgoing-368 >> "Host: 127.0.0.1:7059[\r][\n]"
DEBUG: org.apache.http.wire - http-outgoing-368 >> "Connection: Keep-Alive[\r][\n]"
DEBUG: org.apache.http.wire - http-outgoing-368 >> "User-Agent: Apache-HttpClient/4.5.2 (Java/1.7.0_79)[\r][\n]"
DEBUG: org.apache.http.wire - http-outgoing-368 >> "Accept-Encoding: gzip,deflate[\r][\n]"
DEBUG: org.apache.http.wire - http-outgoing-368 >> "[\r][\n]"
DEBUG: org.apache.http.wire - http-outgoing-368 << "HTTP/1.1 200 OK[\r][\n]"
DEBUG: org.apache.http.wire - http-outgoing-368 << "content-type: application/json; charset=UTF-8[\r][\n]"
DEBUG: org.apache.http.wire - http-outgoing-368 << "connection: close[\r][\n]"
DEBUG: org.apache.http.wire - http-outgoing-368 << "content-length: 103[\r][\n]"
DEBUG: org.apache.http.wire - http-outgoing-368 << "server: httpd.js[\r][\n]"
DEBUG: org.apache.http.wire - http-outgoing-368 << "date: Fri, 26 Aug 2016 09:43:12 GMT[\r][\n]"
DEBUG: org.apache.http.wire - http-outgoing-368 << "[\r][\n]"
DEBUG: org.apache.http.headers - http-outgoing-368 << HTTP/1.1 200 OK
DEBUG: org.apache.http.headers - http-outgoing-368 << content-type: application/json; charset=UTF-8
DEBUG: org.apache.http.headers - http-outgoing-368 << connection: close
DEBUG: org.apache.http.headers - http-outgoing-368 << content-length: 103
DEBUG: org.apache.http.headers - http-outgoing-368 << server: httpd.js
DEBUG: org.apache.http.headers - http-outgoing-368 << date: Fri, 26 Aug 2016 09:43:12 GMT
DEBUG: org.apache.http.wire - http-outgoing-368 << "{"name":"isElementSelected","sessionId":"6859ab8f-afd9-c347-b344-d0861cf9be94","status":0,"value":true}"
DEBUG: org.apache.http.impl.conn.DefaultManagedHttpClientConnection - http-outgoing-368: Close connection
DEBUG: org.apache.http.impl.execchain.MainClientExec - Connection discarded
DEBUG: org.apache.http.impl.conn.PoolingHttpClientConnectionManager - Connection released: [id: 368][route: {}->http://127.0.0.1:7059][total kept alive: 0; route allocated: 0 of 2000; total allocated: 0 of 2000]
DEBUG: org.apache.http.client.protocol.RequestAddCookies - CookieSpec selected: default
DEBUG: org.apache.http.client.protocol.RequestAuthCache - Auth cache not set in the context
DEBUG: org.apache.http.impl.conn.PoolingHttpClientConnectionManager - Connection request: [route: {}->http://127.0.0.1:7059][total kept alive: 0; route allocated: 0 of 2000; total allocated: 0 of 2000]
DEBUG: org.apache.http.impl.conn.PoolingHttpClientConnectionManager - Connection leased: [id: 369][route: {}->http://127.0.0.1:7059][total kept alive: 0; route allocated: 1 of 2000; total allocated: 1 of 2000]
DEBUG: org.apache.http.impl.execchain.MainClientExec - Opening connection {}->http://127.0.0.1:7059
DEBUG: org.apache.http.impl.conn.DefaultHttpClientConnectionOperator - Connecting to /127.0.0.1:7059
DEBUG: org.apache.http.impl.conn.DefaultHttpClientConnectionOperator - Connection established 127.0.0.1:61205<->127.0.0.1:7059
DEBUG: org.apache.http.impl.conn.DefaultManagedHttpClientConnection - http-outgoing-369: set socket timeout to 10800000
DEBUG: org.apache.http.impl.execchain.MainClientExec - Executing request GET /hub/session/6859ab8f-afd9-c347-b344-d0861cf9be94/element/%7Bfee32c3b-9365-374a-8bec-e3f5146637ef%7D/text HTTP/1.1
DEBUG: org.apache.http.impl.execchain.MainClientExec - Target auth state: UNCHALLENGED
DEBUG: org.apache.http.impl.execchain.MainClientExec - Proxy auth state: UNCHALLENGED
DEBUG: org.apache.http.headers - http-outgoing-369 >> GET /hub/session/6859ab8f-afd9-c347-b344-d0861cf9be94/element/%7Bfee32c3b-9365-374a-8bec-e3f5146637ef%7D/text HTTP/1.1
DEBUG: org.apache.http.headers - http-outgoing-369 >> Cache-Control: no-cache
DEBUG: org.apache.http.headers - http-outgoing-369 >> Host: 127.0.0.1:7059
DEBUG: org.apache.http.headers - http-outgoing-369 >> Connection: Keep-Alive
DEBUG: org.apache.http.headers - http-outgoing-369 >> User-Agent: Apache-HttpClient/4.5.2 (Java/1.7.0_79)
DEBUG: org.apache.http.headers - http-outgoing-369 >> Accept-Encoding: gzip,deflate
DEBUG: org.apache.http.wire - http-outgoing-369 >> "GET /hub/session/6859ab8f-afd9-c347-b344-d0861cf9be94/element/%7Bfee32c3b-9365-374a-8bec-e3f5146637ef%7D/text HTTP/1.1[\r][\n]"
DEBUG: org.apache.http.wire - http-outgoing-369 >> "Cache-Control: no-cache[\r][\n]"
DEBUG: org.apache.http.wire - http-outgoing-369 >> "Host: 127.0.0.1:7059[\r][\n]"
DEBUG: org.apache.http.wire - http-outgoing-369 >> "Connection: Keep-Alive[\r][\n]"
DEBUG: org.apache.http.wire - http-outgoing-369 >> "User-Agent: Apache-HttpClient/4.5.2 (Java/1.7.0_79)[\r][\n]"
DEBUG: org.apache.http.wire - http-outgoing-369 >> "Accept-Encoding: gzip,deflate[\r][\n]"
DEBUG: org.apache.http.wire - http-outgoing-369 >> "[\r][\n]"
DEBUG: org.apache.http.wire - http-outgoing-369 << "HTTP/1.1 200 OK[\r][\n]"
DEBUG: org.apache.http.wire - http-outgoing-369 << "content-type: application/json; charset=UTF-8[\r][\n]"
DEBUG: org.apache.http.wire - http-outgoing-369 << "connection: close[\r][\n]"
DEBUG: org.apache.http.wire - http-outgoing-369 << "content-length: 109[\r][\n]"
DEBUG: org.apache.http.wire - http-outgoing-369 << "server: httpd.js[\r][\n]"
DEBUG: org.apache.http.wire - http-outgoing-369 << "date: Fri, 26 Aug 2016 09:43:12 GMT[\r][\n]"
DEBUG: org.apache.http.wire - http-outgoing-369 << "[\r][\n]"
DEBUG: org.apache.http.headers - http-outgoing-369 << HTTP/1.1 200 OK
DEBUG: org.apache.http.headers - http-outgoing-369 << content-type: application/json; charset=UTF-8
DEBUG: org.apache.http.headers - http-outgoing-369 << connection: close
DEBUG: org.apache.http.headers - http-outgoing-369 << content-length: 109
DEBUG: org.apache.http.headers - http-outgoing-369 << server: httpd.js
DEBUG: org.apache.http.headers - http-outgoing-369 << date: Fri, 26 Aug 2016 09:43:12 GMT
DEBUG: org.apache.http.wire - http-outgoing-369 << "{"name":"getElementText","sessionId":"6859ab8f-afd9-c347-b344-d0861cf9be94","status":0,"value":"IN_PROGRESS"}"
DEBUG: org.apache.http.impl.conn.DefaultManagedHttpClientConnection - http-outgoing-369: Close connection
DEBUG: org.apache.http.impl.execchain.MainClientExec - Connection discarded
DEBUG: org.apache.http.impl.conn.PoolingHttpClientConnectionManager - Connection released: [id: 369][route: {}->http://127.0.0.1:7059][total kept alive: 0; route allocated: 0 of 2000; total allocated: 0 of 2000]
DEBUG: org.apache.http.client.protocol.RequestAddCookies - CookieSpec selected: default
DEBUG: org.apache.http.client.protocol.RequestAuthCache - Auth cache not set in the context
DEBUG: org.apache.http.impl.conn.PoolingHttpClientConnectionManager - Connection request: [route: {}->http://127.0.0.1:7059][total kept alive: 0; route allocated: 0 of 2000; total allocated: 0 of 2000]
DEBUG: org.apache.http.impl.conn.PoolingHttpClientConnectionManager - Connection leased: [id: 370][route: {}->http://127.0.0.1:7059][total kept alive: 0; route allocated: 1 of 2000; total allocated: 1 of 2000]
DEBUG: org.apache.http.impl.execchain.MainClientExec - Opening connection {}->http://127.0.0.1:7059
DEBUG: org.apache.http.impl.conn.DefaultHttpClientConnectionOperator - Connecting to /127.0.0.1:7059
DEBUG: org.apache.http.impl.conn.DefaultHttpClientConnectionOperator - Connection established 127.0.0.1:61206<->127.0.0.1:7059
DEBUG: org.apache.http.impl.conn.DefaultManagedHttpClientConnection - http-outgoing-370: set socket timeout to 10800000
DEBUG: org.apache.http.impl.execchain.MainClientExec - Executing request DELETE /hub/session/6859ab8f-afd9-c347-b344-d0861cf9be94/window HTTP/1.1
DEBUG: org.apache.http.impl.execchain.MainClientExec - Target auth state: UNCHALLENGED
DEBUG: org.apache.http.impl.execchain.MainClientExec - Proxy auth state: UNCHALLENGED
DEBUG: org.apache.http.headers - http-outgoing-370 >> DELETE /hub/session/6859ab8f-afd9-c347-b344-d0861cf9be94/window HTTP/1.1
DEBUG: org.apache.http.headers - http-outgoing-370 >> Host: 127.0.0.1:7059
DEBUG: org.apache.http.headers - http-outgoing-370 >> Connection: Keep-Alive
DEBUG: org.apache.http.headers - http-outgoing-370 >> User-Agent: Apache-HttpClient/4.5.2 (Java/1.7.0_79)
DEBUG: org.apache.http.headers - http-outgoing-370 >> Accept-Encoding: gzip,deflate
DEBUG: org.apache.http.wire - http-outgoing-370 >> "DELETE /hub/session/6859ab8f-afd9-c347-b344-d0861cf9be94/window HTTP/1.1[\r][\n]"
DEBUG: org.apache.http.wire - http-outgoing-370 >> "Host: 127.0.0.1:7059[\r][\n]"
DEBUG: org.apache.http.wire - http-outgoing-370 >> "Connection: Keep-Alive[\r][\n]"
DEBUG: org.apache.http.wire - http-outgoing-370 >> "User-Agent: Apache-HttpClient/4.5.2 (Java/1.7.0_79)[\r][\n]"
DEBUG: org.apache.http.wire - http-outgoing-370 >> "Accept-Encoding: gzip,deflate[\r][\n]"
DEBUG: org.apache.http.wire - http-outgoing-370 >> "[\r][\n]"
DEBUG: org.apache.http.wire - http-outgoing-370 << "HTTP/1.1 200 OK[\r][\n]"
DEBUG: org.apache.http.wire - http-outgoing-370 << "content-type: application/json; charset=UTF-8[\r][\n]"
DEBUG: org.apache.http.wire - http-outgoing-370 << "connection: close[\r][\n]"
DEBUG: org.apache.http.wire - http-outgoing-370 << "content-length: 89[\r][\n]"
DEBUG: org.apache.http.wire - http-outgoing-370 << "server: httpd.js[\r][\n]"
DEBUG: org.apache.http.wire - http-outgoing-370 << "date: Fri, 26 Aug 2016 09:43:12 GMT[\r][\n]"
DEBUG: org.apache.http.wire - http-outgoing-370 << "[\r][\n]"
DEBUG: org.apache.http.headers - http-outgoing-370 << HTTP/1.1 200 OK
DEBUG: org.apache.http.headers - http-outgoing-370 << content-type: application/json; charset=UTF-8
DEBUG: org.apache.http.headers - http-outgoing-370 << connection: close
DEBUG: org.apache.http.headers - http-outgoing-370 << content-length: 89
DEBUG: org.apache.http.headers - http-outgoing-370 << server: httpd.js
DEBUG: org.apache.http.headers - http-outgoing-370 << date: Fri, 26 Aug 2016 09:43:12 GMT
DEBUG: org.apache.http.wire - http-outgoing-370 << "{"name":"close","sessionId":"6859ab8f-afd9-c347-b344-d0861cf9be94","status":0,"value":""}"
DEBUG: org.apache.http.impl.conn.DefaultManagedHttpClientConnection - http-outgoing-370: Close connection
DEBUG: org.apache.http.impl.execchain.MainClientExec - Connection discarded
DEBUG: org.apache.http.impl.conn.PoolingHttpClientConnectionManager - Connection released: [id: 370][route: {}->http://127.0.0.1:7059][total kept alive: 0; route allocated: 0 of 2000; total allocated: 0 of 2000]
]]></system-out>
  <system-err><![CDATA[]]></system-err>
</testsuite>
